-- Install configuration: ""
-- Up-to-date: /home/juampa/movil_s_f_ws/install/sumo_robot/share/sumo_robot/urdf
-- Up-to-date: /home/juampa/movil_s_f_ws/install/sumo_robot/share/sumo_robot/urdf/sumo_robot.urdf
-- Up-to-date: /home/juampa/movil_s_f_ws/install/sumo_robot/share/sumo_robot/urdf/UDRF_sumo.final.SLDASM.csv
-- Up-to-date: /home/juampa/movil_s_f_ws/install/sumo_robot/share/sumo_robot/meshes
-- Up-to-date: /home/juampa/movil_s_f_ws/install/sumo_robot/share/sumo_robot/meshes/base_link.STL
-- Up-to-date: /home/juampa/movil_s_f_ws/install/sumo_robot/share/sumo_robot/meshes/Rueda_Derecha_Link.STL
-- Up-to-date: /home/juampa/movil_s_f_ws/install/sumo_robot/share/sumo_robot/meshes/Rueda_Izquierda_Link.STL
-- Up-to-date: /home/juampa/movil_s_f_ws/install/sumo_robot/share/sumo_robot/launch
-- Up-to-date: /home/juampa/movil_s_f_ws/install/sumo_robot/share/sumo_robot/launch/gazebo.launch
-- Installing: /home/juampa/movil_s_f_ws/install/sumo_robot/share/sumo_robot/launch/sumo_gazebo_only.launch.py
-- Up-to-date: /home/juampa/movil_s_f_ws/install/sumo_robot/share/sumo_robot/launch/display.launch
-- Installing: /home/juampa/movil_s_f_ws/install/sumo_robot/share/sumo_robot/launch/sumo_rviz.launch.py
-- Up-to-date: /home/juampa/movil_s_f_ws/install/sumo_robot/share/sumo_robot/config
-- Up-to-date: /home/juampa/movil_s_f_ws/install/sumo_robot/share/sumo_robot/config/joint_names_UDRF_sumo.final.SLDASM.yaml
-- Up-to-date: /home/juampa/movil_s_f_ws/install/sumo_robot/share/ament_index/resource_index/package_run_dependencies/sumo_robot
-- Up-to-date: /home/juampa/movil_s_f_ws/install/sumo_robot/share/ament_index/resource_index/parent_prefix_path/sumo_robot
-- Up-to-date: /home/juampa/movil_s_f_ws/install/sumo_robot/share/sumo_robot/environment/ament_prefix_path.sh
-- Up-to-date: /home/juampa/movil_s_f_ws/install/sumo_robot/share/sumo_robot/environment/ament_prefix_path.dsv
-- Up-to-date: /home/juampa/movil_s_f_ws/install/sumo_robot/share/sumo_robot/environment/path.sh
-- Up-to-date: /home/juampa/movil_s_f_ws/install/sumo_robot/share/sumo_robot/environment/path.dsv
-- Up-to-date: /home/juampa/movil_s_f_ws/install/sumo_robot/share/sumo_robot/local_setup.bash
-- Up-to-date: /home/juampa/movil_s_f_ws/install/sumo_robot/share/sumo_robot/local_setup.sh
-- Up-to-date: /home/juampa/movil_s_f_ws/install/sumo_robot/share/sumo_robot/local_setup.zsh
-- Up-to-date: /home/juampa/movil_s_f_ws/install/sumo_robot/share/sumo_robot/local_setup.dsv
-- Installing: /home/juampa/movil_s_f_ws/install/sumo_robot/share/sumo_robot/package.dsv
-- Up-to-date: /home/juampa/movil_s_f_ws/install/sumo_robot/share/ament_index/resource_index/packages/sumo_robot
-- Up-to-date: /home/juampa/movil_s_f_ws/install/sumo_robot/share/sumo_robot/cmake/sumo_robotConfig.cmake
-- Up-to-date: /home/juampa/movil_s_f_ws/install/sumo_robot/share/sumo_robot/cmake/sumo_robotConfig-version.cmake
-- Up-to-date: /home/juampa/movil_s_f_ws/install/sumo_robot/share/sumo_robot/package.xml
