[0.821s] Invoking command in '/home/juampa/movil_s_f_ws/src/robot_museum': PYTHONPATH=/home/juampa/movil_s_f_ws/build/robot_museum/prefix_override:/home/juampa/.platformio/penv/lib/python3.10/site-packages/colcon_core/task/python/colcon_distutils_commands:/home/juampa/movil_s_f_ws/install/robot_museum/lib/python3.10/site-packages:${PYTHONPATH} /home/juampa/.platformio/penv/bin/python -W ignore:setup.py install is deprecated -W ignore:easy_install command is deprecated setup.py egg_info --egg-base ../../build/robot_museum build --build-base /home/juampa/movil_s_f_ws/build/robot_museum/build install --record /home/juampa/movil_s_f_ws/build/robot_museum/install.log --single-version-externally-managed install_data
[1.096s] running egg_info
[1.096s] writing ../../build/robot_museum/robot_museum.egg-info/PKG-INFO
[1.097s] writing dependency_links to ../../build/robot_museum/robot_museum.egg-info/dependency_links.txt
[1.097s] writing entry points to ../../build/robot_museum/robot_museum.egg-info/entry_points.txt
[1.098s] writing requirements to ../../build/robot_museum/robot_museum.egg-info/requires.txt
[1.098s] writing top-level names to ../../build/robot_museum/robot_museum.egg-info/top_level.txt
[1.100s] reading manifest file '../../build/robot_museum/robot_museum.egg-info/SOURCES.txt'
[1.101s] writing manifest file '../../build/robot_museum/robot_museum.egg-info/SOURCES.txt'
[1.101s] running build
[1.102s] running build_py
[1.102s] copying robot_museum/sumo_gazebo_bridge.py -> /home/juampa/movil_s_f_ws/build/robot_museum/build/lib/robot_museum
[1.102s] running install
[1.103s] running install_lib
[1.103s] copying /home/juampa/movil_s_f_ws/build/robot_museum/build/lib/robot_museum/sumo_gazebo_bridge.py -> /home/juampa/movil_s_f_ws/install/robot_museum/lib/python3.10/site-packages/robot_museum
[1.104s] byte-compiling /home/juampa/movil_s_f_ws/install/robot_museum/lib/python3.10/site-packages/robot_museum/sumo_gazebo_bridge.py to sumo_gazebo_bridge.cpython-310.pyc
[1.105s] running install_data
[1.105s] running install_egg_info
[1.108s] removing '/home/juampa/movil_s_f_ws/install/robot_museum/lib/python3.10/site-packages/robot_museum-0.0.1-py3.10.egg-info' (and everything under it)
[1.108s] Copying ../../build/robot_museum/robot_museum.egg-info to /home/juampa/movil_s_f_ws/install/robot_museum/lib/python3.10/site-packages/robot_museum-0.0.1-py3.10.egg-info
[1.109s] running install_scripts
[1.131s] Installing futbol_controller script to /home/juampa/movil_s_f_ws/install/robot_museum/lib/robot_museum
[1.132s] Installing sumo_gazebo_bridge script to /home/juampa/movil_s_f_ws/install/robot_museum/lib/robot_museum
[1.132s] writing list of installed files to '/home/juampa/movil_s_f_ws/build/robot_museum/install.log'
[1.169s] Invoked command in '/home/juampa/movil_s_f_ws/src/robot_museum' returned '0': PYTHONPATH=/home/juampa/movil_s_f_ws/build/robot_museum/prefix_override:/home/juampa/.platformio/penv/lib/python3.10/site-packages/colcon_core/task/python/colcon_distutils_commands:/home/juampa/movil_s_f_ws/install/robot_museum/lib/python3.10/site-packages:${PYTHONPATH} /home/juampa/.platformio/penv/bin/python -W ignore:setup.py install is deprecated -W ignore:easy_install command is deprecated setup.py egg_info --egg-base ../../build/robot_museum build --build-base /home/juampa/movil_s_f_ws/build/robot_museum/build install --record /home/juampa/movil_s_f_ws/build/robot_museum/install.log --single-version-externally-managed install_data
