[0.364s] DEBUG:colcon:Command line arguments: ['/home/juampa/.platformio/penv/bin/colcon', 'build', '--packages-select', 'robot_museum']
[0.364s] DEBUG:colcon:Parsed command line arguments: Namespace(log_base=None, log_level=None, verb_name='build', build_base='build', install_base='install', merge_install=False, symlink_install=False, test_result_base=None, continue_on_error=False, executor='parallel', parallel_workers=8, event_handlers=None, ignore_user_meta=False, metas=['./colcon.meta'], base_paths=['.'], packages_ignore=None, packages_ignore_regex=None, paths=None, packages_up_to=None, packages_up_to_regex=None, packages_above=None, packages_above_and_dependencies=None, packages_above_depth=None, packages_select_by_dep=None, packages_skip_by_dep=None, packages_skip_up_to=None, packages_select_build_failed=False, packages_skip_build_finished=False, packages_select_test_failures=False, packages_skip_test_passed=False, packages_select=['robot_museum'], packages_skip=None, packages_select_regex=None, packages_skip_regex=None, packages_start=None, packages_end=None, cmake_args=None, cmake_target=None, cmake_target_skip_unavailable=False, cmake_clean_cache=False, cmake_clean_first=False, cmake_force_configure=False, ament_cmake_args=None, catkin_cmake_args=None, catkin_skip_building_tests=False, verb_parser=<colcon_defaults.argument_parser.defaults.DefaultArgumentsDecorator object at 0x784a6ec4c760>, verb_extension=<colcon_core.verb.build.BuildVerb object at 0x784a6edbce50>, main=<bound method BuildVerb.main of <colcon_core.verb.build.BuildVerb object at 0x784a6edbce50>>)
[0.647s] Level 1:colcon.colcon_core.package_discovery:discover_packages(colcon_meta) check parameters
[0.647s] Level 1:colcon.colcon_core.package_discovery:discover_packages(recursive) check parameters
[0.647s] Level 1:colcon.colcon_core.package_discovery:discover_packages(ignore) check parameters
[0.647s] Level 1:colcon.colcon_core.package_discovery:discover_packages(path) check parameters
[0.647s] Level 1:colcon.colcon_core.package_discovery:discover_packages(colcon_meta) discover
[0.647s] Level 1:colcon.colcon_core.package_discovery:discover_packages(recursive) discover
[0.647s] INFO:colcon.colcon_core.package_discovery:Crawling recursively for packages in '/home/juampa/movil_s_f_ws'
[0.648s] Level 1:colcon.colcon_core.package_identification:_identify(.) by extensions ['ignore', 'ignore_ament_install']
[0.648s] Level 1:colcon.colcon_core.package_identification:_identify(.) by extension 'ignore'
[0.648s] Level 1:colcon.colcon_core.package_identification:_identify(.) by extension 'ignore_ament_install'
[0.648s] Level 1:colcon.colcon_core.package_identification:_identify(.) by extensions ['colcon_pkg']
[0.648s] Level 1:colcon.colcon_core.package_identification:_identify(.) by extension 'colcon_pkg'
[0.648s] Level 1:colcon.colcon_core.package_identification:_identify(.) by extensions ['colcon_meta']
[0.648s] Level 1:colcon.colcon_core.package_identification:_identify(.) by extension 'colcon_meta'
[0.648s] Level 1:colcon.colcon_core.package_identification:_identify(.) by extensions ['ros']
[0.648s] Level 1:colcon.colcon_core.package_identification:_identify(.) by extension 'ros'
[0.725s] Level 1:colcon.colcon_core.package_identification:_identify(.) by extensions ['cmake', 'python']
[0.725s] Level 1:colcon.colcon_core.package_identification:_identify(.) by extension 'cmake'
[0.725s] Level 1:colcon.colcon_core.package_identification:_identify(.) by extension 'python'
[0.725s] Level 1:colcon.colcon_core.package_identification:_identify(.) by extensions ['python_setup_py']
[0.725s] Level 1:colcon.colcon_core.package_identification:_identify(.) by extension 'python_setup_py'
[0.726s] Level 1:colcon.colcon_core.package_identification:_identify(build) by extensions ['ignore', 'ignore_ament_install']
[0.726s] Level 1:colcon.colcon_core.package_identification:_identify(build) by extension 'ignore'
[0.726s] Level 1:colcon.colcon_core.package_identification:_identify(build) ignored
[0.726s] Level 1:colcon.colcon_core.package_identification:_identify(firmware) by extensions ['ignore', 'ignore_ament_install']
[0.727s] Level 1:colcon.colcon_core.package_identification:_identify(firmware) by extension 'ignore'
[0.727s] Level 1:colcon.colcon_core.package_identification:_identify(firmware) by extension 'ignore_ament_install'
[0.727s] Level 1:colcon.colcon_core.package_identification:_identify(firmware) by extensions ['colcon_pkg']
[0.727s] Level 1:colcon.colcon_core.package_identification:_identify(firmware) by extension 'colcon_pkg'
[0.727s] Level 1:colcon.colcon_core.package_identification:_identify(firmware) by extensions ['colcon_meta']
[0.727s] Level 1:colcon.colcon_core.package_identification:_identify(firmware) by extension 'colcon_meta'
[0.727s] Level 1:colcon.colcon_core.package_identification:_identify(firmware) by extensions ['ros']
[0.727s] Level 1:colcon.colcon_core.package_identification:_identify(firmware) by extension 'ros'
[0.727s] Level 1:colcon.colcon_core.package_identification:_identify(firmware) by extensions ['cmake', 'python']
[0.727s] Level 1:colcon.colcon_core.package_identification:_identify(firmware) by extension 'cmake'
[0.728s] Level 1:colcon.colcon_core.package_identification:_identify(firmware) by extension 'python'
[0.728s] Level 1:colcon.colcon_core.package_identification:_identify(firmware) by extensions ['python_setup_py']
[0.728s] Level 1:colcon.colcon_core.package_identification:_identify(firmware) by extension 'python_setup_py'
[0.728s] Level 1:colcon.colcon_core.package_identification:_identify(firmware/futbol_esp32) by extensions ['ignore', 'ignore_ament_install']
[0.728s] Level 1:colcon.colcon_core.package_identification:_identify(firmware/futbol_esp32) by extension 'ignore'
[0.728s] Level 1:colcon.colcon_core.package_identification:_identify(firmware/futbol_esp32) by extension 'ignore_ament_install'
[0.728s] Level 1:colcon.colcon_core.package_identification:_identify(firmware/futbol_esp32) by extensions ['colcon_pkg']
[0.728s] Level 1:colcon.colcon_core.package_identification:_identify(firmware/futbol_esp32) by extension 'colcon_pkg'
[0.729s] Level 1:colcon.colcon_core.package_identification:_identify(firmware/futbol_esp32) by extensions ['colcon_meta']
[0.729s] Level 1:colcon.colcon_core.package_identification:_identify(firmware/futbol_esp32) by extension 'colcon_meta'
[0.729s] Level 1:colcon.colcon_core.package_identification:_identify(firmware/futbol_esp32) by extensions ['ros']
[0.729s] Level 1:colcon.colcon_core.package_identification:_identify(firmware/futbol_esp32) by extension 'ros'
[0.729s] Level 1:colcon.colcon_core.package_identification:_identify(firmware/futbol_esp32) by extensions ['cmake', 'python']
[0.729s] Level 1:colcon.colcon_core.package_identification:_identify(firmware/futbol_esp32) by extension 'cmake'
[0.729s] Level 1:colcon.colcon_core.package_identification:_identify(firmware/futbol_esp32) by extension 'python'
[0.729s] Level 1:colcon.colcon_core.package_identification:_identify(firmware/futbol_esp32) by extensions ['python_setup_py']
[0.729s] Level 1:colcon.colcon_core.package_identification:_identify(firmware/futbol_esp32) by extension 'python_setup_py'
[0.730s] Level 1:colcon.colcon_core.package_identification:_identify(firmware/futbol_esp32/include) by extensions ['ignore', 'ignore_ament_install']
[0.730s] Level 1:colcon.colcon_core.package_identification:_identify(firmware/futbol_esp32/include) by extension 'ignore'
[0.730s] Level 1:colcon.colcon_core.package_identification:_identify(firmware/futbol_esp32/include) by extension 'ignore_ament_install'
[0.730s] Level 1:colcon.colcon_core.package_identification:_identify(firmware/futbol_esp32/include) by extensions ['colcon_pkg']
[0.730s] Level 1:colcon.colcon_core.package_identification:_identify(firmware/futbol_esp32/include) by extension 'colcon_pkg'
[0.730s] Level 1:colcon.colcon_core.package_identification:_identify(firmware/futbol_esp32/include) by extensions ['colcon_meta']
[0.730s] Level 1:colcon.colcon_core.package_identification:_identify(firmware/futbol_esp32/include) by extension 'colcon_meta'
[0.730s] Level 1:colcon.colcon_core.package_identification:_identify(firmware/futbol_esp32/include) by extensions ['ros']
[0.731s] Level 1:colcon.colcon_core.package_identification:_identify(firmware/futbol_esp32/include) by extension 'ros'
[0.731s] Level 1:colcon.colcon_core.package_identification:_identify(firmware/futbol_esp32/include) by extensions ['cmake', 'python']
[0.731s] Level 1:colcon.colcon_core.package_identification:_identify(firmware/futbol_esp32/include) by extension 'cmake'
[0.731s] Level 1:colcon.colcon_core.package_identification:_identify(firmware/futbol_esp32/include) by extension 'python'
[0.731s] Level 1:colcon.colcon_core.package_identification:_identify(firmware/futbol_esp32/include) by extensions ['python_setup_py']
[0.731s] Level 1:colcon.colcon_core.package_identification:_identify(firmware/futbol_esp32/include) by extension 'python_setup_py'
[0.731s] Level 1:colcon.colcon_core.package_identification:_identify(firmware/futbol_esp32/lib) by extensions ['ignore', 'ignore_ament_install']
[0.731s] Level 1:colcon.colcon_core.package_identification:_identify(firmware/futbol_esp32/lib) by extension 'ignore'
[0.732s] Level 1:colcon.colcon_core.package_identification:_identify(firmware/futbol_esp32/lib) by extension 'ignore_ament_install'
[0.732s] Level 1:colcon.colcon_core.package_identification:_identify(firmware/futbol_esp32/lib) by extensions ['colcon_pkg']
[0.732s] Level 1:colcon.colcon_core.package_identification:_identify(firmware/futbol_esp32/lib) by extension 'colcon_pkg'
[0.732s] Level 1:colcon.colcon_core.package_identification:_identify(firmware/futbol_esp32/lib) by extensions ['colcon_meta']
[0.732s] Level 1:colcon.colcon_core.package_identification:_identify(firmware/futbol_esp32/lib) by extension 'colcon_meta'
[0.732s] Level 1:colcon.colcon_core.package_identification:_identify(firmware/futbol_esp32/lib) by extensions ['ros']
[0.732s] Level 1:colcon.colcon_core.package_identification:_identify(firmware/futbol_esp32/lib) by extension 'ros'
[0.732s] Level 1:colcon.colcon_core.package_identification:_identify(firmware/futbol_esp32/lib) by extensions ['cmake', 'python']
[0.732s] Level 1:colcon.colcon_core.package_identification:_identify(firmware/futbol_esp32/lib) by extension 'cmake'
[0.733s] Level 1:colcon.colcon_core.package_identification:_identify(firmware/futbol_esp32/lib) by extension 'python'
[0.733s] Level 1:colcon.colcon_core.package_identification:_identify(firmware/futbol_esp32/lib) by extensions ['python_setup_py']
[0.733s] Level 1:colcon.colcon_core.package_identification:_identify(firmware/futbol_esp32/lib) by extension 'python_setup_py'
[0.733s] Level 1:colcon.colcon_core.package_identification:_identify(firmware/futbol_esp32/src) by extensions ['ignore', 'ignore_ament_install']
[0.733s] Level 1:colcon.colcon_core.package_identification:_identify(firmware/futbol_esp32/src) by extension 'ignore'
[0.733s] Level 1:colcon.colcon_core.package_identification:_identify(firmware/futbol_esp32/src) by extension 'ignore_ament_install'
[0.733s] Level 1:colcon.colcon_core.package_identification:_identify(firmware/futbol_esp32/src) by extensions ['colcon_pkg']
[0.733s] Level 1:colcon.colcon_core.package_identification:_identify(firmware/futbol_esp32/src) by extension 'colcon_pkg'
[0.734s] Level 1:colcon.colcon_core.package_identification:_identify(firmware/futbol_esp32/src) by extensions ['colcon_meta']
[0.734s] Level 1:colcon.colcon_core.package_identification:_identify(firmware/futbol_esp32/src) by extension 'colcon_meta'
[0.734s] Level 1:colcon.colcon_core.package_identification:_identify(firmware/futbol_esp32/src) by extensions ['ros']
[0.734s] Level 1:colcon.colcon_core.package_identification:_identify(firmware/futbol_esp32/src) by extension 'ros'
[0.734s] Level 1:colcon.colcon_core.package_identification:_identify(firmware/futbol_esp32/src) by extensions ['cmake', 'python']
[0.734s] Level 1:colcon.colcon_core.package_identification:_identify(firmware/futbol_esp32/src) by extension 'cmake'
[0.734s] Level 1:colcon.colcon_core.package_identification:_identify(firmware/futbol_esp32/src) by extension 'python'
[0.734s] Level 1:colcon.colcon_core.package_identification:_identify(firmware/futbol_esp32/src) by extensions ['python_setup_py']
[0.734s] Level 1:colcon.colcon_core.package_identification:_identify(firmware/futbol_esp32/src) by extension 'python_setup_py'
[0.735s] Level 1:colcon.colcon_core.package_identification:_identify(firmware/futbol_esp32/test) by extensions ['ignore', 'ignore_ament_install']
[0.735s] Level 1:colcon.colcon_core.package_identification:_identify(firmware/futbol_esp32/test) by extension 'ignore'
[0.735s] Level 1:colcon.colcon_core.package_identification:_identify(firmware/futbol_esp32/test) by extension 'ignore_ament_install'
[0.735s] Level 1:colcon.colcon_core.package_identification:_identify(firmware/futbol_esp32/test) by extensions ['colcon_pkg']
[0.736s] Level 1:colcon.colcon_core.package_identification:_identify(firmware/futbol_esp32/test) by extension 'colcon_pkg'
[0.736s] Level 1:colcon.colcon_core.package_identification:_identify(firmware/futbol_esp32/test) by extensions ['colcon_meta']
[0.736s] Level 1:colcon.colcon_core.package_identification:_identify(firmware/futbol_esp32/test) by extension 'colcon_meta'
[0.736s] Level 1:colcon.colcon_core.package_identification:_identify(firmware/futbol_esp32/test) by extensions ['ros']
[0.736s] Level 1:colcon.colcon_core.package_identification:_identify(firmware/futbol_esp32/test) by extension 'ros'
[0.736s] Level 1:colcon.colcon_core.package_identification:_identify(firmware/futbol_esp32/test) by extensions ['cmake', 'python']
[0.736s] Level 1:colcon.colcon_core.package_identification:_identify(firmware/futbol_esp32/test) by extension 'cmake'
[0.737s] Level 1:colcon.colcon_core.package_identification:_identify(firmware/futbol_esp32/test) by extension 'python'
[0.737s] Level 1:colcon.colcon_core.package_identification:_identify(firmware/futbol_esp32/test) by extensions ['python_setup_py']
[0.737s] Level 1:colcon.colcon_core.package_identification:_identify(firmware/futbol_esp32/test) by extension 'python_setup_py'
[0.737s] Level 1:colcon.colcon_core.package_identification:_identify(install) by extensions ['ignore', 'ignore_ament_install']
[0.738s] Level 1:colcon.colcon_core.package_identification:_identify(install) by extension 'ignore'
[0.738s] Level 1:colcon.colcon_core.package_identification:_identify(install) ignored
[0.738s] Level 1:colcon.colcon_core.package_identification:_identify(log) by extensions ['ignore', 'ignore_ament_install']
[0.738s] Level 1:colcon.colcon_core.package_identification:_identify(log) by extension 'ignore'
[0.738s] Level 1:colcon.colcon_core.package_identification:_identify(log) ignored
[0.738s] Level 1:colcon.colcon_core.package_identification:_identify(src) by extensions ['ignore', 'ignore_ament_install']
[0.739s] Level 1:colcon.colcon_core.package_identification:_identify(src) by extension 'ignore'
[0.739s] Level 1:colcon.colcon_core.package_identification:_identify(src) by extension 'ignore_ament_install'
[0.739s] Level 1:colcon.colcon_core.package_identification:_identify(src) by extensions ['colcon_pkg']
[0.739s] Level 1:colcon.colcon_core.package_identification:_identify(src) by extension 'colcon_pkg'
[0.739s] Level 1:colcon.colcon_core.package_identification:_identify(src) by extensions ['colcon_meta']
[0.739s] Level 1:colcon.colcon_core.package_identification:_identify(src) by extension 'colcon_meta'
[0.739s] Level 1:colcon.colcon_core.package_identification:_identify(src) by extensions ['ros']
[0.739s] Level 1:colcon.colcon_core.package_identification:_identify(src) by extension 'ros'
[0.740s] Level 1:colcon.colcon_core.package_identification:_identify(src) by extensions ['cmake', 'python']
[0.740s] Level 1:colcon.colcon_core.package_identification:_identify(src) by extension 'cmake'
[0.740s] Level 1:colcon.colcon_core.package_identification:_identify(src) by extension 'python'
[0.740s] Level 1:colcon.colcon_core.package_identification:_identify(src) by extensions ['python_setup_py']
[0.740s] Level 1:colcon.colcon_core.package_identification:_identify(src) by extension 'python_setup_py'
[0.740s] Level 1:colcon.colcon_core.package_identification:_identify(src/futbol_robot) by extensions ['ignore', 'ignore_ament_install']
[0.741s] Level 1:colcon.colcon_core.package_identification:_identify(src/futbol_robot) by extension 'ignore'
[0.741s] Level 1:colcon.colcon_core.package_identification:_identify(src/futbol_robot) by extension 'ignore_ament_install'
[0.741s] Level 1:colcon.colcon_core.package_identification:_identify(src/futbol_robot) by extensions ['colcon_pkg']
[0.741s] Level 1:colcon.colcon_core.package_identification:_identify(src/futbol_robot) by extension 'colcon_pkg'
[0.741s] Level 1:colcon.colcon_core.package_identification:_identify(src/futbol_robot) by extensions ['colcon_meta']
[0.741s] Level 1:colcon.colcon_core.package_identification:_identify(src/futbol_robot) by extension 'colcon_meta'
[0.741s] Level 1:colcon.colcon_core.package_identification:_identify(src/futbol_robot) by extensions ['ros']
[0.741s] Level 1:colcon.colcon_core.package_identification:_identify(src/futbol_robot) by extension 'ros'
[0.748s] DEBUG:colcon.colcon_core.package_identification:Package 'src/futbol_robot' with type 'ros.ament_cmake' and name 'futbol_robot'
[0.748s] Level 1:colcon.colcon_core.package_identification:_identify(src/robot_museum) by extensions ['ignore', 'ignore_ament_install']
[0.748s] Level 1:colcon.colcon_core.package_identification:_identify(src/robot_museum) by extension 'ignore'
[0.748s] Level 1:colcon.colcon_core.package_identification:_identify(src/robot_museum) by extension 'ignore_ament_install'
[0.748s] Level 1:colcon.colcon_core.package_identification:_identify(src/robot_museum) by extensions ['colcon_pkg']
[0.749s] Level 1:colcon.colcon_core.package_identification:_identify(src/robot_museum) by extension 'colcon_pkg'
[0.749s] Level 1:colcon.colcon_core.package_identification:_identify(src/robot_museum) by extensions ['colcon_meta']
[0.749s] Level 1:colcon.colcon_core.package_identification:_identify(src/robot_museum) by extension 'colcon_meta'
[0.749s] Level 1:colcon.colcon_core.package_identification:_identify(src/robot_museum) by extensions ['ros']
[0.749s] Level 1:colcon.colcon_core.package_identification:_identify(src/robot_museum) by extension 'ros'
[0.751s] DEBUG:colcon.colcon_core.package_identification:Package 'src/robot_museum' with type 'ros.ament_python' and name 'robot_museum'
[0.752s] Level 1:colcon.colcon_core.package_identification:_identify(src/sumo_robot) by extensions ['ignore', 'ignore_ament_install']
[0.752s] Level 1:colcon.colcon_core.package_identification:_identify(src/sumo_robot) by extension 'ignore'
[0.752s] Level 1:colcon.colcon_core.package_identification:_identify(src/sumo_robot) by extension 'ignore_ament_install'
[0.752s] Level 1:colcon.colcon_core.package_identification:_identify(src/sumo_robot) by extensions ['colcon_pkg']
[0.753s] Level 1:colcon.colcon_core.package_identification:_identify(src/sumo_robot) by extension 'colcon_pkg'
[0.753s] Level 1:colcon.colcon_core.package_identification:_identify(src/sumo_robot) by extensions ['colcon_meta']
[0.753s] Level 1:colcon.colcon_core.package_identification:_identify(src/sumo_robot) by extension 'colcon_meta'
[0.753s] Level 1:colcon.colcon_core.package_identification:_identify(src/sumo_robot) by extensions ['ros']
[0.753s] Level 1:colcon.colcon_core.package_identification:_identify(src/sumo_robot) by extension 'ros'
[0.755s] DEBUG:colcon.colcon_core.package_identification:Package 'src/sumo_robot' with type 'ros.ament_cmake' and name 'sumo_robot'
[0.755s] Level 1:colcon.colcon_core.package_discovery:discover_packages(recursive) using defaults
[0.755s] Level 1:colcon.colcon_core.package_discovery:discover_packages(ignore) discover
[0.756s] Level 1:colcon.colcon_core.package_discovery:discover_packages(ignore) using defaults
[0.756s] Level 1:colcon.colcon_core.package_discovery:discover_packages(path) discover
[0.756s] Level 1:colcon.colcon_core.package_discovery:discover_packages(path) using defaults
[0.839s] INFO:colcon.colcon_core.package_selection:Skipping not selected package 'futbol_robot' in 'src/futbol_robot'
[0.839s] INFO:colcon.colcon_core.package_selection:Skipping not selected package 'sumo_robot' in 'src/sumo_robot'
[0.840s] Level 5:colcon.colcon_core.verb:set package 'robot_museum' build argument 'cmake_args' from command line to 'None'
[0.840s] Level 5:colcon.colcon_core.verb:set package 'robot_museum' build argument 'cmake_target' from command line to 'None'
[0.840s] Level 5:colcon.colcon_core.verb:set package 'robot_museum' build argument 'cmake_target_skip_unavailable' from command line to 'False'
[0.840s] Level 5:colcon.colcon_core.verb:set package 'robot_museum' build argument 'cmake_clean_cache' from command line to 'False'
[0.840s] Level 5:colcon.colcon_core.verb:set package 'robot_museum' build argument 'cmake_clean_first' from command line to 'False'
[0.840s] Level 5:colcon.colcon_core.verb:set package 'robot_museum' build argument 'cmake_force_configure' from command line to 'False'
[0.840s] Level 5:colcon.colcon_core.verb:set package 'robot_museum' build argument 'ament_cmake_args' from command line to 'None'
[0.841s] Level 5:colcon.colcon_core.verb:set package 'robot_museum' build argument 'catkin_cmake_args' from command line to 'None'
[0.841s] Level 5:colcon.colcon_core.verb:set package 'robot_museum' build argument 'catkin_skip_building_tests' from command line to 'False'
[0.841s] DEBUG:colcon.colcon_core.verb:Building package 'robot_museum' with the following arguments: {'ament_cmake_args': None, 'build_base': '/home/juampa/movil_s_f_ws/build/robot_museum', 'catkin_cmake_args': None, 'catkin_skip_building_tests': False, 'cmake_args': None, 'cmake_clean_cache': False, 'cmake_clean_first': False, 'cmake_force_configure': False, 'cmake_target': None, 'cmake_target_skip_unavailable': False, 'install_base': '/home/juampa/movil_s_f_ws/install/robot_museum', 'merge_install': False, 'path': '/home/juampa/movil_s_f_ws/src/robot_museum', 'symlink_install': False, 'test_result_base': None}
[0.841s] INFO:colcon.colcon_core.executor:Executing jobs using 'parallel' executor
[0.844s] DEBUG:colcon.colcon_parallel_executor.executor.parallel:run_until_complete
[0.844s] INFO:colcon.colcon_ros.task.ament_python.build:Building ROS package in '/home/juampa/movil_s_f_ws/src/robot_museum' with build type 'ament_python'
[0.845s] Level 1:colcon.colcon_core.shell:create_environment_hook('robot_museum', 'ament_prefix_path')
[0.850s] INFO:colcon.colcon_core.plugin_system:Skipping extension 'colcon_core.shell.bat': Not used on non-Windows systems
[0.850s] INFO:colcon.colcon_core.shell:Creating environment hook '/home/juampa/movil_s_f_ws/install/robot_museum/share/robot_museum/hook/ament_prefix_path.ps1'
[0.852s] INFO:colcon.colcon_core.shell:Creating environment descriptor '/home/juampa/movil_s_f_ws/install/robot_museum/share/robot_museum/hook/ament_prefix_path.dsv'
[0.853s] INFO:colcon.colcon_core.shell:Creating environment hook '/home/juampa/movil_s_f_ws/install/robot_museum/share/robot_museum/hook/ament_prefix_path.sh'
[0.855s] INFO:colcon.colcon_core.shell:Skip shell extension 'powershell' for command environment: Not usable outside of PowerShell
[0.856s] DEBUG:colcon.colcon_core.shell:Skip shell extension 'dsv' for command environment
[1.519s] INFO:colcon.colcon_core.task.python.build:Building Python package in '/home/juampa/movil_s_f_ws/src/robot_museum'
[1.520s] INFO:colcon.colcon_core.shell:Skip shell extension 'powershell' for command environment: Not usable outside of PowerShell
[1.520s] DEBUG:colcon.colcon_core.shell:Skip shell extension 'dsv' for command environment
[2.312s] DEBUG:colcon.colcon_core.event_handler.log_command:Invoking command in '/home/juampa/movil_s_f_ws/src/robot_museum': PYTHONPATH=/home/juampa/movil_s_f_ws/build/robot_museum/prefix_override:/home/juampa/.platformio/penv/lib/python3.10/site-packages/colcon_core/task/python/colcon_distutils_commands:/home/juampa/movil_s_f_ws/install/robot_museum/lib/python3.10/site-packages:${PYTHONPATH} /home/juampa/.platformio/penv/bin/python -W ignore:setup.py install is deprecated -W ignore:easy_install command is deprecated setup.py egg_info --egg-base ../../build/robot_museum build --build-base /home/juampa/movil_s_f_ws/build/robot_museum/build install --record /home/juampa/movil_s_f_ws/build/robot_museum/install.log --single-version-externally-managed install_data
[3.078s] DEBUG:colcon.colcon_core.event_handler.log_command:Invoked command in '/home/juampa/movil_s_f_ws/src/robot_museum' returned '0': PYTHONPATH=/home/juampa/movil_s_f_ws/build/robot_museum/prefix_override:/home/juampa/.platformio/penv/lib/python3.10/site-packages/colcon_core/task/python/colcon_distutils_commands:/home/juampa/movil_s_f_ws/install/robot_museum/lib/python3.10/site-packages:${PYTHONPATH} /home/juampa/.platformio/penv/bin/python -W ignore:setup.py install is deprecated -W ignore:easy_install command is deprecated setup.py egg_info --egg-base ../../build/robot_museum build --build-base /home/juampa/movil_s_f_ws/build/robot_museum/build install --record /home/juampa/movil_s_f_ws/build/robot_museum/install.log --single-version-externally-managed install_data
[3.092s] Level 1:colcon.colcon_core.environment:checking '/home/juampa/movil_s_f_ws/install/robot_museum' for CMake module files
[3.095s] Level 1:colcon.colcon_core.environment:checking '/home/juampa/movil_s_f_ws/install/robot_museum' for CMake config files
[3.099s] Level 1:colcon.colcon_core.environment:checking '/home/juampa/movil_s_f_ws/install/robot_museum/lib'
[3.100s] Level 1:colcon.colcon_core.environment:checking '/home/juampa/movil_s_f_ws/install/robot_museum/bin'
[3.100s] Level 1:colcon.colcon_core.environment:checking '/home/juampa/movil_s_f_ws/install/robot_museum/lib/pkgconfig/robot_museum.pc'
[3.101s] Level 1:colcon.colcon_core.environment:checking '/home/juampa/movil_s_f_ws/install/robot_museum/lib/python3.10/site-packages'
[3.101s] Level 1:colcon.colcon_core.shell:create_environment_hook('robot_museum', 'pythonpath')
[3.102s] INFO:colcon.colcon_core.shell:Creating environment hook '/home/juampa/movil_s_f_ws/install/robot_museum/share/robot_museum/hook/pythonpath.ps1'
[3.104s] INFO:colcon.colcon_core.shell:Creating environment descriptor '/home/juampa/movil_s_f_ws/install/robot_museum/share/robot_museum/hook/pythonpath.dsv'
[3.105s] INFO:colcon.colcon_core.shell:Creating environment hook '/home/juampa/movil_s_f_ws/install/robot_museum/share/robot_museum/hook/pythonpath.sh'
[3.109s] Level 1:colcon.colcon_core.environment:checking '/home/juampa/movil_s_f_ws/install/robot_museum/bin'
[3.109s] Level 1:colcon.colcon_core.environment:create_environment_scripts_only(robot_museum)
[3.111s] INFO:colcon.colcon_core.shell:Creating package script '/home/juampa/movil_s_f_ws/install/robot_museum/share/robot_museum/package.ps1'
[3.116s] INFO:colcon.colcon_core.shell:Creating package descriptor '/home/juampa/movil_s_f_ws/install/robot_museum/share/robot_museum/package.dsv'
[3.119s] INFO:colcon.colcon_core.shell:Creating package script '/home/juampa/movil_s_f_ws/install/robot_museum/share/robot_museum/package.sh'
[3.122s] INFO:colcon.colcon_core.shell:Creating package script '/home/juampa/movil_s_f_ws/install/robot_museum/share/robot_museum/package.bash'
[3.126s] INFO:colcon.colcon_core.shell:Creating package script '/home/juampa/movil_s_f_ws/install/robot_museum/share/robot_museum/package.zsh'
[3.130s] Level 1:colcon.colcon_core.environment:create_file_with_runtime_dependencies(/home/juampa/movil_s_f_ws/install/robot_museum/share/colcon-core/packages/robot_museum)
[3.131s] DEBUG:colcon.colcon_parallel_executor.executor.parallel:closing loop
[3.132s] DEBUG:colcon.colcon_parallel_executor.executor.parallel:loop closed
[3.133s] DEBUG:colcon.colcon_parallel_executor.executor.parallel:run_until_complete finished with '0'
[3.133s] DEBUG:colcon.colcon_core.event_reactor:joining thread
[3.139s] INFO:colcon.colcon_core.plugin_system:Skipping extension 'colcon_notification.desktop_notification.notify2': 'notify2' not found
[3.140s] INFO:colcon.colcon_core.plugin_system:Skipping extension 'colcon_notification.desktop_notification.terminal_notifier': Not used on non-Darwin systems
[3.141s] INFO:colcon.colcon_core.plugin_system:Skipping extension 'colcon_notification.desktop_notification.win32': Not used on non-Windows systems
[3.141s] INFO:colcon.colcon_notification.desktop_notification:Sending desktop notification using 'notify_send'
[3.183s] DEBUG:colcon.colcon_core.event_reactor:joined thread
[3.184s] INFO:colcon.colcon_core.shell:Creating prefix script '/home/juampa/movil_s_f_ws/install/local_setup.ps1'
[3.187s] INFO:colcon.colcon_core.shell:Creating prefix util module '/home/juampa/movil_s_f_ws/install/_local_setup_util_ps1.py'
[3.191s] INFO:colcon.colcon_core.shell:Creating prefix chain script '/home/juampa/movil_s_f_ws/install/setup.ps1'
[3.195s] INFO:colcon.colcon_core.shell:Creating prefix script '/home/juampa/movil_s_f_ws/install/local_setup.sh'
[3.197s] INFO:colcon.colcon_core.shell:Creating prefix util module '/home/juampa/movil_s_f_ws/install/_local_setup_util_sh.py'
[3.199s] INFO:colcon.colcon_core.shell:Creating prefix chain script '/home/juampa/movil_s_f_ws/install/setup.sh'
[3.203s] INFO:colcon.colcon_core.shell:Creating prefix script '/home/juampa/movil_s_f_ws/install/local_setup.bash'
[3.205s] INFO:colcon.colcon_core.shell:Creating prefix chain script '/home/juampa/movil_s_f_ws/install/setup.bash'
[3.209s] INFO:colcon.colcon_core.shell:Creating prefix script '/home/juampa/movil_s_f_ws/install/local_setup.zsh'
[3.210s] INFO:colcon.colcon_core.shell:Creating prefix chain script '/home/juampa/movil_s_f_ws/install/setup.zsh'
