[0.234s] DEBUG:colcon:Command line arguments: ['/home/juampa/.platformio/penv/bin/colcon', 'build', '--packages-select', 'micro_ros_agent']
[0.234s] DEBUG:colcon:Parsed command line arguments: Namespace(log_base=None, log_level=None, verb_name='build', build_base='build', install_base='install', merge_install=False, symlink_install=False, test_result_base=None, continue_on_error=False, executor='parallel', parallel_workers=8, event_handlers=None, ignore_user_meta=False, metas=['./colcon.meta'], base_paths=['.'], packages_ignore=None, packages_ignore_regex=None, paths=None, packages_up_to=None, packages_up_to_regex=None, packages_above=None, packages_above_and_dependencies=None, packages_above_depth=None, packages_select_by_dep=None, packages_skip_by_dep=None, packages_skip_up_to=None, packages_select_build_failed=False, packages_skip_build_finished=False, packages_select_test_failures=False, packages_skip_test_passed=False, packages_select=['micro_ros_agent'], packages_skip=None, packages_select_regex=None, packages_skip_regex=None, packages_start=None, packages_end=None, cmake_args=None, cmake_target=None, cmake_target_skip_unavailable=False, cmake_clean_cache=False, cmake_clean_first=False, cmake_force_configure=False, ament_cmake_args=None, catkin_cmake_args=None, catkin_skip_building_tests=False, verb_parser=<colcon_defaults.argument_parser.defaults.DefaultArgumentsDecorator object at 0x70ab8124c790>, verb_extension=<colcon_core.verb.build.BuildVerb object at 0x70ab813bce80>, main=<bound method BuildVerb.main of <colcon_core.verb.build.BuildVerb object at 0x70ab813bce80>>)
[0.454s] Level 1:colcon.colcon_core.package_discovery:discover_packages(colcon_meta) check parameters
[0.454s] Level 1:colcon.colcon_core.package_discovery:discover_packages(recursive) check parameters
[0.454s] Level 1:colcon.colcon_core.package_discovery:discover_packages(ignore) check parameters
[0.454s] Level 1:colcon.colcon_core.package_discovery:discover_packages(path) check parameters
[0.455s] Level 1:colcon.colcon_core.package_discovery:discover_packages(colcon_meta) discover
[0.455s] Level 1:colcon.colcon_core.package_discovery:discover_packages(recursive) discover
[0.455s] INFO:colcon.colcon_core.package_discovery:Crawling recursively for packages in '/home/juampa/movil_s_f_ws'
[0.455s] Level 1:colcon.colcon_core.package_identification:_identify(.) by extensions ['ignore', 'ignore_ament_install']
[0.455s] Level 1:colcon.colcon_core.package_identification:_identify(.) by extension 'ignore'
[0.455s] Level 1:colcon.colcon_core.package_identification:_identify(.) by extension 'ignore_ament_install'
[0.455s] Level 1:colcon.colcon_core.package_identification:_identify(.) by extensions ['colcon_pkg']
[0.455s] Level 1:colcon.colcon_core.package_identification:_identify(.) by extension 'colcon_pkg'
[0.455s] Level 1:colcon.colcon_core.package_identification:_identify(.) by extensions ['colcon_meta']
[0.455s] Level 1:colcon.colcon_core.package_identification:_identify(.) by extension 'colcon_meta'
[0.455s] Level 1:colcon.colcon_core.package_identification:_identify(.) by extensions ['ros']
[0.455s] Level 1:colcon.colcon_core.package_identification:_identify(.) by extension 'ros'
[0.505s] Level 1:colcon.colcon_core.package_identification:_identify(.) by extensions ['cmake', 'python']
[0.506s] Level 1:colcon.colcon_core.package_identification:_identify(.) by extension 'cmake'
[0.506s] Level 1:colcon.colcon_core.package_identification:_identify(.) by extension 'python'
[0.506s] Level 1:colcon.colcon_core.package_identification:_identify(.) by extensions ['python_setup_py']
[0.506s] Level 1:colcon.colcon_core.package_identification:_identify(.) by extension 'python_setup_py'
[0.506s] Level 1:colcon.colcon_core.package_identification:_identify(build) by extensions ['ignore', 'ignore_ament_install']
[0.506s] Level 1:colcon.colcon_core.package_identification:_identify(build) by extension 'ignore'
[0.506s] Level 1:colcon.colcon_core.package_identification:_identify(build) ignored
[0.506s] Level 1:colcon.colcon_core.package_identification:_identify(firmware) by extensions ['ignore', 'ignore_ament_install']
[0.507s] Level 1:colcon.colcon_core.package_identification:_identify(firmware) by extension 'ignore'
[0.507s] Level 1:colcon.colcon_core.package_identification:_identify(firmware) by extension 'ignore_ament_install'
[0.507s] Level 1:colcon.colcon_core.package_identification:_identify(firmware) by extensions ['colcon_pkg']
[0.507s] Level 1:colcon.colcon_core.package_identification:_identify(firmware) by extension 'colcon_pkg'
[0.507s] Level 1:colcon.colcon_core.package_identification:_identify(firmware) by extensions ['colcon_meta']
[0.507s] Level 1:colcon.colcon_core.package_identification:_identify(firmware) by extension 'colcon_meta'
[0.507s] Level 1:colcon.colcon_core.package_identification:_identify(firmware) by extensions ['ros']
[0.507s] Level 1:colcon.colcon_core.package_identification:_identify(firmware) by extension 'ros'
[0.507s] Level 1:colcon.colcon_core.package_identification:_identify(firmware) by extensions ['cmake', 'python']
[0.507s] Level 1:colcon.colcon_core.package_identification:_identify(firmware) by extension 'cmake'
[0.507s] Level 1:colcon.colcon_core.package_identification:_identify(firmware) by extension 'python'
[0.507s] Level 1:colcon.colcon_core.package_identification:_identify(firmware) by extensions ['python_setup_py']
[0.507s] Level 1:colcon.colcon_core.package_identification:_identify(firmware) by extension 'python_setup_py'
[0.508s] Level 1:colcon.colcon_core.package_identification:_identify(firmware/futbol_esp32) by extensions ['ignore', 'ignore_ament_install']
[0.508s] Level 1:colcon.colcon_core.package_identification:_identify(firmware/futbol_esp32) by extension 'ignore'
[0.508s] Level 1:colcon.colcon_core.package_identification:_identify(firmware/futbol_esp32) by extension 'ignore_ament_install'
[0.508s] Level 1:colcon.colcon_core.package_identification:_identify(firmware/futbol_esp32) by extensions ['colcon_pkg']
[0.508s] Level 1:colcon.colcon_core.package_identification:_identify(firmware/futbol_esp32) by extension 'colcon_pkg'
[0.508s] Level 1:colcon.colcon_core.package_identification:_identify(firmware/futbol_esp32) by extensions ['colcon_meta']
[0.508s] Level 1:colcon.colcon_core.package_identification:_identify(firmware/futbol_esp32) by extension 'colcon_meta'
[0.508s] Level 1:colcon.colcon_core.package_identification:_identify(firmware/futbol_esp32) by extensions ['ros']
[0.508s] Level 1:colcon.colcon_core.package_identification:_identify(firmware/futbol_esp32) by extension 'ros'
[0.508s] Level 1:colcon.colcon_core.package_identification:_identify(firmware/futbol_esp32) by extensions ['cmake', 'python']
[0.508s] Level 1:colcon.colcon_core.package_identification:_identify(firmware/futbol_esp32) by extension 'cmake'
[0.508s] Level 1:colcon.colcon_core.package_identification:_identify(firmware/futbol_esp32) by extension 'python'
[0.508s] Level 1:colcon.colcon_core.package_identification:_identify(firmware/futbol_esp32) by extensions ['python_setup_py']
[0.508s] Level 1:colcon.colcon_core.package_identification:_identify(firmware/futbol_esp32) by extension 'python_setup_py'
[0.509s] Level 1:colcon.colcon_core.package_identification:_identify(firmware/futbol_esp32/include) by extensions ['ignore', 'ignore_ament_install']
[0.509s] Level 1:colcon.colcon_core.package_identification:_identify(firmware/futbol_esp32/include) by extension 'ignore'
[0.509s] Level 1:colcon.colcon_core.package_identification:_identify(firmware/futbol_esp32/include) by extension 'ignore_ament_install'
[0.509s] Level 1:colcon.colcon_core.package_identification:_identify(firmware/futbol_esp32/include) by extensions ['colcon_pkg']
[0.509s] Level 1:colcon.colcon_core.package_identification:_identify(firmware/futbol_esp32/include) by extension 'colcon_pkg'
[0.509s] Level 1:colcon.colcon_core.package_identification:_identify(firmware/futbol_esp32/include) by extensions ['colcon_meta']
[0.509s] Level 1:colcon.colcon_core.package_identification:_identify(firmware/futbol_esp32/include) by extension 'colcon_meta'
[0.509s] Level 1:colcon.colcon_core.package_identification:_identify(firmware/futbol_esp32/include) by extensions ['ros']
[0.509s] Level 1:colcon.colcon_core.package_identification:_identify(firmware/futbol_esp32/include) by extension 'ros'
[0.510s] Level 1:colcon.colcon_core.package_identification:_identify(firmware/futbol_esp32/include) by extensions ['cmake', 'python']
[0.510s] Level 1:colcon.colcon_core.package_identification:_identify(firmware/futbol_esp32/include) by extension 'cmake'
[0.510s] Level 1:colcon.colcon_core.package_identification:_identify(firmware/futbol_esp32/include) by extension 'python'
[0.510s] Level 1:colcon.colcon_core.package_identification:_identify(firmware/futbol_esp32/include) by extensions ['python_setup_py']
[0.510s] Level 1:colcon.colcon_core.package_identification:_identify(firmware/futbol_esp32/include) by extension 'python_setup_py'
[0.510s] Level 1:colcon.colcon_core.package_identification:_identify(firmware/futbol_esp32/lib) by extensions ['ignore', 'ignore_ament_install']
[0.510s] Level 1:colcon.colcon_core.package_identification:_identify(firmware/futbol_esp32/lib) by extension 'ignore'
[0.510s] Level 1:colcon.colcon_core.package_identification:_identify(firmware/futbol_esp32/lib) by extension 'ignore_ament_install'
[0.510s] Level 1:colcon.colcon_core.package_identification:_identify(firmware/futbol_esp32/lib) by extensions ['colcon_pkg']
[0.510s] Level 1:colcon.colcon_core.package_identification:_identify(firmware/futbol_esp32/lib) by extension 'colcon_pkg'
[0.510s] Level 1:colcon.colcon_core.package_identification:_identify(firmware/futbol_esp32/lib) by extensions ['colcon_meta']
[0.510s] Level 1:colcon.colcon_core.package_identification:_identify(firmware/futbol_esp32/lib) by extension 'colcon_meta'
[0.510s] Level 1:colcon.colcon_core.package_identification:_identify(firmware/futbol_esp32/lib) by extensions ['ros']
[0.510s] Level 1:colcon.colcon_core.package_identification:_identify(firmware/futbol_esp32/lib) by extension 'ros'
[0.511s] Level 1:colcon.colcon_core.package_identification:_identify(firmware/futbol_esp32/lib) by extensions ['cmake', 'python']
[0.511s] Level 1:colcon.colcon_core.package_identification:_identify(firmware/futbol_esp32/lib) by extension 'cmake'
[0.511s] Level 1:colcon.colcon_core.package_identification:_identify(firmware/futbol_esp32/lib) by extension 'python'
[0.511s] Level 1:colcon.colcon_core.package_identification:_identify(firmware/futbol_esp32/lib) by extensions ['python_setup_py']
[0.511s] Level 1:colcon.colcon_core.package_identification:_identify(firmware/futbol_esp32/lib) by extension 'python_setup_py'
[0.511s] Level 1:colcon.colcon_core.package_identification:_identify(firmware/futbol_esp32/src) by extensions ['ignore', 'ignore_ament_install']
[0.511s] Level 1:colcon.colcon_core.package_identification:_identify(firmware/futbol_esp32/src) by extension 'ignore'
[0.511s] Level 1:colcon.colcon_core.package_identification:_identify(firmware/futbol_esp32/src) by extension 'ignore_ament_install'
[0.511s] Level 1:colcon.colcon_core.package_identification:_identify(firmware/futbol_esp32/src) by extensions ['colcon_pkg']
[0.511s] Level 1:colcon.colcon_core.package_identification:_identify(firmware/futbol_esp32/src) by extension 'colcon_pkg'
[0.511s] Level 1:colcon.colcon_core.package_identification:_identify(firmware/futbol_esp32/src) by extensions ['colcon_meta']
[0.511s] Level 1:colcon.colcon_core.package_identification:_identify(firmware/futbol_esp32/src) by extension 'colcon_meta'
[0.512s] Level 1:colcon.colcon_core.package_identification:_identify(firmware/futbol_esp32/src) by extensions ['ros']
[0.512s] Level 1:colcon.colcon_core.package_identification:_identify(firmware/futbol_esp32/src) by extension 'ros'
[0.512s] Level 1:colcon.colcon_core.package_identification:_identify(firmware/futbol_esp32/src) by extensions ['cmake', 'python']
[0.512s] Level 1:colcon.colcon_core.package_identification:_identify(firmware/futbol_esp32/src) by extension 'cmake'
[0.512s] Level 1:colcon.colcon_core.package_identification:_identify(firmware/futbol_esp32/src) by extension 'python'
[0.512s] Level 1:colcon.colcon_core.package_identification:_identify(firmware/futbol_esp32/src) by extensions ['python_setup_py']
[0.512s] Level 1:colcon.colcon_core.package_identification:_identify(firmware/futbol_esp32/src) by extension 'python_setup_py'
[0.512s] Level 1:colcon.colcon_core.package_identification:_identify(firmware/futbol_esp32/test) by extensions ['ignore', 'ignore_ament_install']
[0.512s] Level 1:colcon.colcon_core.package_identification:_identify(firmware/futbol_esp32/test) by extension 'ignore'
[0.512s] Level 1:colcon.colcon_core.package_identification:_identify(firmware/futbol_esp32/test) by extension 'ignore_ament_install'
[0.512s] Level 1:colcon.colcon_core.package_identification:_identify(firmware/futbol_esp32/test) by extensions ['colcon_pkg']
[0.512s] Level 1:colcon.colcon_core.package_identification:_identify(firmware/futbol_esp32/test) by extension 'colcon_pkg'
[0.512s] Level 1:colcon.colcon_core.package_identification:_identify(firmware/futbol_esp32/test) by extensions ['colcon_meta']
[0.513s] Level 1:colcon.colcon_core.package_identification:_identify(firmware/futbol_esp32/test) by extension 'colcon_meta'
[0.513s] Level 1:colcon.colcon_core.package_identification:_identify(firmware/futbol_esp32/test) by extensions ['ros']
[0.513s] Level 1:colcon.colcon_core.package_identification:_identify(firmware/futbol_esp32/test) by extension 'ros'
[0.513s] Level 1:colcon.colcon_core.package_identification:_identify(firmware/futbol_esp32/test) by extensions ['cmake', 'python']
[0.513s] Level 1:colcon.colcon_core.package_identification:_identify(firmware/futbol_esp32/test) by extension 'cmake'
[0.513s] Level 1:colcon.colcon_core.package_identification:_identify(firmware/futbol_esp32/test) by extension 'python'
[0.513s] Level 1:colcon.colcon_core.package_identification:_identify(firmware/futbol_esp32/test) by extensions ['python_setup_py']
[0.513s] Level 1:colcon.colcon_core.package_identification:_identify(firmware/futbol_esp32/test) by extension 'python_setup_py'
[0.513s] Level 1:colcon.colcon_core.package_identification:_identify(firmware/sumo_esp32) by extensions ['ignore', 'ignore_ament_install']
[0.513s] Level 1:colcon.colcon_core.package_identification:_identify(firmware/sumo_esp32) by extension 'ignore'
[0.513s] Level 1:colcon.colcon_core.package_identification:_identify(firmware/sumo_esp32) by extension 'ignore_ament_install'
[0.513s] Level 1:colcon.colcon_core.package_identification:_identify(firmware/sumo_esp32) by extensions ['colcon_pkg']
[0.513s] Level 1:colcon.colcon_core.package_identification:_identify(firmware/sumo_esp32) by extension 'colcon_pkg'
[0.514s] Level 1:colcon.colcon_core.package_identification:_identify(firmware/sumo_esp32) by extensions ['colcon_meta']
[0.514s] Level 1:colcon.colcon_core.package_identification:_identify(firmware/sumo_esp32) by extension 'colcon_meta'
[0.514s] Level 1:colcon.colcon_core.package_identification:_identify(firmware/sumo_esp32) by extensions ['ros']
[0.514s] Level 1:colcon.colcon_core.package_identification:_identify(firmware/sumo_esp32) by extension 'ros'
[0.514s] Level 1:colcon.colcon_core.package_identification:_identify(firmware/sumo_esp32) by extensions ['cmake', 'python']
[0.514s] Level 1:colcon.colcon_core.package_identification:_identify(firmware/sumo_esp32) by extension 'cmake'
[0.514s] Level 1:colcon.colcon_core.package_identification:_identify(firmware/sumo_esp32) by extension 'python'
[0.514s] Level 1:colcon.colcon_core.package_identification:_identify(firmware/sumo_esp32) by extensions ['python_setup_py']
[0.514s] Level 1:colcon.colcon_core.package_identification:_identify(firmware/sumo_esp32) by extension 'python_setup_py'
[0.514s] Level 1:colcon.colcon_core.package_identification:_identify(firmware/sumo_esp32/src) by extensions ['ignore', 'ignore_ament_install']
[0.514s] Level 1:colcon.colcon_core.package_identification:_identify(firmware/sumo_esp32/src) by extension 'ignore'
[0.514s] Level 1:colcon.colcon_core.package_identification:_identify(firmware/sumo_esp32/src) by extension 'ignore_ament_install'
[0.515s] Level 1:colcon.colcon_core.package_identification:_identify(firmware/sumo_esp32/src) by extensions ['colcon_pkg']
[0.515s] Level 1:colcon.colcon_core.package_identification:_identify(firmware/sumo_esp32/src) by extension 'colcon_pkg'
[0.515s] Level 1:colcon.colcon_core.package_identification:_identify(firmware/sumo_esp32/src) by extensions ['colcon_meta']
[0.515s] Level 1:colcon.colcon_core.package_identification:_identify(firmware/sumo_esp32/src) by extension 'colcon_meta'
[0.515s] Level 1:colcon.colcon_core.package_identification:_identify(firmware/sumo_esp32/src) by extensions ['ros']
[0.515s] Level 1:colcon.colcon_core.package_identification:_identify(firmware/sumo_esp32/src) by extension 'ros'
[0.515s] Level 1:colcon.colcon_core.package_identification:_identify(firmware/sumo_esp32/src) by extensions ['cmake', 'python']
[0.515s] Level 1:colcon.colcon_core.package_identification:_identify(firmware/sumo_esp32/src) by extension 'cmake'
[0.515s] Level 1:colcon.colcon_core.package_identification:_identify(firmware/sumo_esp32/src) by extension 'python'
[0.515s] Level 1:colcon.colcon_core.package_identification:_identify(firmware/sumo_esp32/src) by extensions ['python_setup_py']
[0.515s] Level 1:colcon.colcon_core.package_identification:_identify(firmware/sumo_esp32/src) by extension 'python_setup_py'
[0.515s] Level 1:colcon.colcon_core.package_identification:_identify(install) by extensions ['ignore', 'ignore_ament_install']
[0.516s] Level 1:colcon.colcon_core.package_identification:_identify(install) by extension 'ignore'
[0.516s] Level 1:colcon.colcon_core.package_identification:_identify(install) ignored
[0.516s] Level 1:colcon.colcon_core.package_identification:_identify(log) by extensions ['ignore', 'ignore_ament_install']
[0.516s] Level 1:colcon.colcon_core.package_identification:_identify(log) by extension 'ignore'
[0.516s] Level 1:colcon.colcon_core.package_identification:_identify(log) ignored
[0.516s] Level 1:colcon.colcon_core.package_identification:_identify(src) by extensions ['ignore', 'ignore_ament_install']
[0.516s] Level 1:colcon.colcon_core.package_identification:_identify(src) by extension 'ignore'
[0.516s] Level 1:colcon.colcon_core.package_identification:_identify(src) by extension 'ignore_ament_install'
[0.516s] Level 1:colcon.colcon_core.package_identification:_identify(src) by extensions ['colcon_pkg']
[0.516s] Level 1:colcon.colcon_core.package_identification:_identify(src) by extension 'colcon_pkg'
[0.517s] Level 1:colcon.colcon_core.package_identification:_identify(src) by extensions ['colcon_meta']
[0.517s] Level 1:colcon.colcon_core.package_identification:_identify(src) by extension 'colcon_meta'
[0.517s] Level 1:colcon.colcon_core.package_identification:_identify(src) by extensions ['ros']
[0.517s] Level 1:colcon.colcon_core.package_identification:_identify(src) by extension 'ros'
[0.517s] Level 1:colcon.colcon_core.package_identification:_identify(src) by extensions ['cmake', 'python']
[0.517s] Level 1:colcon.colcon_core.package_identification:_identify(src) by extension 'cmake'
[0.517s] Level 1:colcon.colcon_core.package_identification:_identify(src) by extension 'python'
[0.517s] Level 1:colcon.colcon_core.package_identification:_identify(src) by extensions ['python_setup_py']
[0.517s] Level 1:colcon.colcon_core.package_identification:_identify(src) by extension 'python_setup_py'
[0.517s] Level 1:colcon.colcon_core.package_identification:_identify(src/futbol_robot) by extensions ['ignore', 'ignore_ament_install']
[0.517s] Level 1:colcon.colcon_core.package_identification:_identify(src/futbol_robot) by extension 'ignore'
[0.517s] Level 1:colcon.colcon_core.package_identification:_identify(src/futbol_robot) by extension 'ignore_ament_install'
[0.518s] Level 1:colcon.colcon_core.package_identification:_identify(src/futbol_robot) by extensions ['colcon_pkg']
[0.518s] Level 1:colcon.colcon_core.package_identification:_identify(src/futbol_robot) by extension 'colcon_pkg'
[0.518s] Level 1:colcon.colcon_core.package_identification:_identify(src/futbol_robot) by extensions ['colcon_meta']
[0.518s] Level 1:colcon.colcon_core.package_identification:_identify(src/futbol_robot) by extension 'colcon_meta'
[0.518s] Level 1:colcon.colcon_core.package_identification:_identify(src/futbol_robot) by extensions ['ros']
[0.518s] Level 1:colcon.colcon_core.package_identification:_identify(src/futbol_robot) by extension 'ros'
[0.522s] DEBUG:colcon.colcon_core.package_identification:Package 'src/futbol_robot' with type 'ros.ament_cmake' and name 'futbol_robot'
[0.522s] Level 1:colcon.colcon_core.package_identification:_identify(src/micro_ros_agent) by extensions ['ignore', 'ignore_ament_install']
[0.522s] Level 1:colcon.colcon_core.package_identification:_identify(src/micro_ros_agent) by extension 'ignore'
[0.522s] Level 1:colcon.colcon_core.package_identification:_identify(src/micro_ros_agent) by extension 'ignore_ament_install'
[0.523s] Level 1:colcon.colcon_core.package_identification:_identify(src/micro_ros_agent) by extensions ['colcon_pkg']
[0.523s] Level 1:colcon.colcon_core.package_identification:_identify(src/micro_ros_agent) by extension 'colcon_pkg'
[0.523s] Level 1:colcon.colcon_core.package_identification:_identify(src/micro_ros_agent) by extensions ['colcon_meta']
[0.523s] Level 1:colcon.colcon_core.package_identification:_identify(src/micro_ros_agent) by extension 'colcon_meta'
[0.523s] Level 1:colcon.colcon_core.package_identification:_identify(src/micro_ros_agent) by extensions ['ros']
[0.523s] Level 1:colcon.colcon_core.package_identification:_identify(src/micro_ros_agent) by extension 'ros'
[0.523s] Level 1:colcon.colcon_core.package_identification:_identify(src/micro_ros_agent) by extensions ['cmake', 'python']
[0.523s] Level 1:colcon.colcon_core.package_identification:_identify(src/micro_ros_agent) by extension 'cmake'
[0.523s] Level 1:colcon.colcon_core.package_identification:_identify(src/micro_ros_agent) by extension 'python'
[0.523s] Level 1:colcon.colcon_core.package_identification:_identify(src/micro_ros_agent) by extensions ['python_setup_py']
[0.523s] Level 1:colcon.colcon_core.package_identification:_identify(src/micro_ros_agent) by extension 'python_setup_py'
[0.523s] Level 1:colcon.colcon_core.package_identification:_identify(src/micro_ros_agent/micro_ros_agent) by extensions ['ignore', 'ignore_ament_install']
[0.524s] Level 1:colcon.colcon_core.package_identification:_identify(src/micro_ros_agent/micro_ros_agent) by extension 'ignore'
[0.524s] Level 1:colcon.colcon_core.package_identification:_identify(src/micro_ros_agent/micro_ros_agent) by extension 'ignore_ament_install'
[0.524s] Level 1:colcon.colcon_core.package_identification:_identify(src/micro_ros_agent/micro_ros_agent) by extensions ['colcon_pkg']
[0.524s] Level 1:colcon.colcon_core.package_identification:_identify(src/micro_ros_agent/micro_ros_agent) by extension 'colcon_pkg'
[0.524s] Level 1:colcon.colcon_core.package_identification:_identify(src/micro_ros_agent/micro_ros_agent) by extensions ['colcon_meta']
[0.524s] Level 1:colcon.colcon_core.package_identification:_identify(src/micro_ros_agent/micro_ros_agent) by extension 'colcon_meta'
[0.524s] Level 1:colcon.colcon_core.package_identification:_identify(src/micro_ros_agent/micro_ros_agent) by extensions ['ros']
[0.524s] Level 1:colcon.colcon_core.package_identification:_identify(src/micro_ros_agent/micro_ros_agent) by extension 'ros'
[0.526s] DEBUG:colcon.colcon_core.package_identification:Package 'src/micro_ros_agent/micro_ros_agent' with type 'ros.ament_cmake' and name 'micro_ros_agent'
[0.526s] Level 1:colcon.colcon_core.package_identification:_identify(src/micro_ros_agent/snap) by extensions ['ignore', 'ignore_ament_install']
[0.526s] Level 1:colcon.colcon_core.package_identification:_identify(src/micro_ros_agent/snap) by extension 'ignore'
[0.526s] Level 1:colcon.colcon_core.package_identification:_identify(src/micro_ros_agent/snap) by extension 'ignore_ament_install'
[0.526s] Level 1:colcon.colcon_core.package_identification:_identify(src/micro_ros_agent/snap) by extensions ['colcon_pkg']
[0.526s] Level 1:colcon.colcon_core.package_identification:_identify(src/micro_ros_agent/snap) by extension 'colcon_pkg'
[0.526s] Level 1:colcon.colcon_core.package_identification:_identify(src/micro_ros_agent/snap) by extensions ['colcon_meta']
[0.526s] Level 1:colcon.colcon_core.package_identification:_identify(src/micro_ros_agent/snap) by extension 'colcon_meta'
[0.527s] Level 1:colcon.colcon_core.package_identification:_identify(src/micro_ros_agent/snap) by extensions ['ros']
[0.527s] Level 1:colcon.colcon_core.package_identification:_identify(src/micro_ros_agent/snap) by extension 'ros'
[0.527s] Level 1:colcon.colcon_core.package_identification:_identify(src/micro_ros_agent/snap) by extensions ['cmake', 'python']
[0.527s] Level 1:colcon.colcon_core.package_identification:_identify(src/micro_ros_agent/snap) by extension 'cmake'
[0.527s] Level 1:colcon.colcon_core.package_identification:_identify(src/micro_ros_agent/snap) by extension 'python'
[0.527s] Level 1:colcon.colcon_core.package_identification:_identify(src/micro_ros_agent/snap) by extensions ['python_setup_py']
[0.527s] Level 1:colcon.colcon_core.package_identification:_identify(src/micro_ros_agent/snap) by extension 'python_setup_py'
[0.527s] Level 1:colcon.colcon_core.package_identification:_identify(src/micro_ros_agent/snap/hooks) by extensions ['ignore', 'ignore_ament_install']
[0.527s] Level 1:colcon.colcon_core.package_identification:_identify(src/micro_ros_agent/snap/hooks) by extension 'ignore'
[0.527s] Level 1:colcon.colcon_core.package_identification:_identify(src/micro_ros_agent/snap/hooks) by extension 'ignore_ament_install'
[0.527s] Level 1:colcon.colcon_core.package_identification:_identify(src/micro_ros_agent/snap/hooks) by extensions ['colcon_pkg']
[0.528s] Level 1:colcon.colcon_core.package_identification:_identify(src/micro_ros_agent/snap/hooks) by extension 'colcon_pkg'
[0.528s] Level 1:colcon.colcon_core.package_identification:_identify(src/micro_ros_agent/snap/hooks) by extensions ['colcon_meta']
[0.528s] Level 1:colcon.colcon_core.package_identification:_identify(src/micro_ros_agent/snap/hooks) by extension 'colcon_meta'
[0.528s] Level 1:colcon.colcon_core.package_identification:_identify(src/micro_ros_agent/snap/hooks) by extensions ['ros']
[0.528s] Level 1:colcon.colcon_core.package_identification:_identify(src/micro_ros_agent/snap/hooks) by extension 'ros'
[0.528s] Level 1:colcon.colcon_core.package_identification:_identify(src/micro_ros_agent/snap/hooks) by extensions ['cmake', 'python']
[0.528s] Level 1:colcon.colcon_core.package_identification:_identify(src/micro_ros_agent/snap/hooks) by extension 'cmake'
[0.528s] Level 1:colcon.colcon_core.package_identification:_identify(src/micro_ros_agent/snap/hooks) by extension 'python'
[0.528s] Level 1:colcon.colcon_core.package_identification:_identify(src/micro_ros_agent/snap/hooks) by extensions ['python_setup_py']
[0.528s] Level 1:colcon.colcon_core.package_identification:_identify(src/micro_ros_agent/snap/hooks) by extension 'python_setup_py'
[0.528s] Level 1:colcon.colcon_core.package_identification:_identify(src/micro_ros_agent/snap/local) by extensions ['ignore', 'ignore_ament_install']
[0.528s] Level 1:colcon.colcon_core.package_identification:_identify(src/micro_ros_agent/snap/local) by extension 'ignore'
[0.529s] Level 1:colcon.colcon_core.package_identification:_identify(src/micro_ros_agent/snap/local) by extension 'ignore_ament_install'
[0.529s] Level 1:colcon.colcon_core.package_identification:_identify(src/micro_ros_agent/snap/local) by extensions ['colcon_pkg']
[0.529s] Level 1:colcon.colcon_core.package_identification:_identify(src/micro_ros_agent/snap/local) by extension 'colcon_pkg'
[0.529s] Level 1:colcon.colcon_core.package_identification:_identify(src/micro_ros_agent/snap/local) by extensions ['colcon_meta']
[0.529s] Level 1:colcon.colcon_core.package_identification:_identify(src/micro_ros_agent/snap/local) by extension 'colcon_meta'
[0.529s] Level 1:colcon.colcon_core.package_identification:_identify(src/micro_ros_agent/snap/local) by extensions ['ros']
[0.529s] Level 1:colcon.colcon_core.package_identification:_identify(src/micro_ros_agent/snap/local) by extension 'ros'
[0.529s] Level 1:colcon.colcon_core.package_identification:_identify(src/micro_ros_agent/snap/local) by extensions ['cmake', 'python']
[0.529s] Level 1:colcon.colcon_core.package_identification:_identify(src/micro_ros_agent/snap/local) by extension 'cmake'
[0.529s] Level 1:colcon.colcon_core.package_identification:_identify(src/micro_ros_agent/snap/local) by extension 'python'
[0.529s] Level 1:colcon.colcon_core.package_identification:_identify(src/micro_ros_agent/snap/local) by extensions ['python_setup_py']
[0.529s] Level 1:colcon.colcon_core.package_identification:_identify(src/micro_ros_agent/snap/local) by extension 'python_setup_py'
[0.529s] Level 1:colcon.colcon_core.package_identification:_identify(src/robot_museum) by extensions ['ignore', 'ignore_ament_install']
[0.530s] Level 1:colcon.colcon_core.package_identification:_identify(src/robot_museum) by extension 'ignore'
[0.530s] Level 1:colcon.colcon_core.package_identification:_identify(src/robot_museum) by extension 'ignore_ament_install'
[0.530s] Level 1:colcon.colcon_core.package_identification:_identify(src/robot_museum) by extensions ['colcon_pkg']
[0.530s] Level 1:colcon.colcon_core.package_identification:_identify(src/robot_museum) by extension 'colcon_pkg'
[0.530s] Level 1:colcon.colcon_core.package_identification:_identify(src/robot_museum) by extensions ['colcon_meta']
[0.530s] Level 1:colcon.colcon_core.package_identification:_identify(src/robot_museum) by extension 'colcon_meta'
[0.530s] Level 1:colcon.colcon_core.package_identification:_identify(src/robot_museum) by extensions ['ros']
[0.530s] Level 1:colcon.colcon_core.package_identification:_identify(src/robot_museum) by extension 'ros'
[0.531s] DEBUG:colcon.colcon_core.package_identification:Package 'src/robot_museum' with type 'ros.ament_python' and name 'robot_museum'
[0.532s] Level 1:colcon.colcon_core.package_identification:_identify(src/sumo_robot) by extensions ['ignore', 'ignore_ament_install']
[0.532s] Level 1:colcon.colcon_core.package_identification:_identify(src/sumo_robot) by extension 'ignore'
[0.532s] Level 1:colcon.colcon_core.package_identification:_identify(src/sumo_robot) by extension 'ignore_ament_install'
[0.532s] Level 1:colcon.colcon_core.package_identification:_identify(src/sumo_robot) by extensions ['colcon_pkg']
[0.532s] Level 1:colcon.colcon_core.package_identification:_identify(src/sumo_robot) by extension 'colcon_pkg'
[0.532s] Level 1:colcon.colcon_core.package_identification:_identify(src/sumo_robot) by extensions ['colcon_meta']
[0.532s] Level 1:colcon.colcon_core.package_identification:_identify(src/sumo_robot) by extension 'colcon_meta'
[0.532s] Level 1:colcon.colcon_core.package_identification:_identify(src/sumo_robot) by extensions ['ros']
[0.532s] Level 1:colcon.colcon_core.package_identification:_identify(src/sumo_robot) by extension 'ros'
[0.533s] DEBUG:colcon.colcon_core.package_identification:Package 'src/sumo_robot' with type 'ros.ament_cmake' and name 'sumo_robot'
[0.533s] Level 1:colcon.colcon_core.package_discovery:discover_packages(recursive) using defaults
[0.533s] Level 1:colcon.colcon_core.package_discovery:discover_packages(ignore) discover
[0.533s] Level 1:colcon.colcon_core.package_discovery:discover_packages(ignore) using defaults
[0.533s] Level 1:colcon.colcon_core.package_discovery:discover_packages(path) discover
[0.533s] Level 1:colcon.colcon_core.package_discovery:discover_packages(path) using defaults
[0.591s] INFO:colcon.colcon_core.package_selection:Skipping not selected package 'futbol_robot' in 'src/futbol_robot'
[0.591s] INFO:colcon.colcon_core.package_selection:Skipping not selected package 'robot_museum' in 'src/robot_museum'
[0.591s] INFO:colcon.colcon_core.package_selection:Skipping not selected package 'sumo_robot' in 'src/sumo_robot'
[0.592s] Level 5:colcon.colcon_core.verb:set package 'micro_ros_agent' build argument 'cmake_args' from command line to 'None'
[0.592s] Level 5:colcon.colcon_core.verb:set package 'micro_ros_agent' build argument 'cmake_target' from command line to 'None'
[0.592s] Level 5:colcon.colcon_core.verb:set package 'micro_ros_agent' build argument 'cmake_target_skip_unavailable' from command line to 'False'
[0.592s] Level 5:colcon.colcon_core.verb:set package 'micro_ros_agent' build argument 'cmake_clean_cache' from command line to 'False'
[0.592s] Level 5:colcon.colcon_core.verb:set package 'micro_ros_agent' build argument 'cmake_clean_first' from command line to 'False'
[0.592s] Level 5:colcon.colcon_core.verb:set package 'micro_ros_agent' build argument 'cmake_force_configure' from command line to 'False'
[0.592s] Level 5:colcon.colcon_core.verb:set package 'micro_ros_agent' build argument 'ament_cmake_args' from command line to 'None'
[0.592s] Level 5:colcon.colcon_core.verb:set package 'micro_ros_agent' build argument 'catkin_cmake_args' from command line to 'None'
[0.592s] Level 5:colcon.colcon_core.verb:set package 'micro_ros_agent' build argument 'catkin_skip_building_tests' from command line to 'False'
[0.592s] DEBUG:colcon.colcon_core.verb:Building package 'micro_ros_agent' with the following arguments: {'ament_cmake_args': None, 'build_base': '/home/juampa/movil_s_f_ws/build/micro_ros_agent', 'catkin_cmake_args': None, 'catkin_skip_building_tests': False, 'cmake_args': None, 'cmake_clean_cache': False, 'cmake_clean_first': False, 'cmake_force_configure': False, 'cmake_target': None, 'cmake_target_skip_unavailable': False, 'install_base': '/home/juampa/movil_s_f_ws/install/micro_ros_agent', 'merge_install': False, 'path': '/home/juampa/movil_s_f_ws/src/micro_ros_agent/micro_ros_agent', 'symlink_install': False, 'test_result_base': None}
[0.592s] INFO:colcon.colcon_core.executor:Executing jobs using 'parallel' executor
[0.595s] DEBUG:colcon.colcon_parallel_executor.executor.parallel:run_until_complete
[0.595s] INFO:colcon.colcon_ros.task.ament_cmake.build:Building ROS package in '/home/juampa/movil_s_f_ws/src/micro_ros_agent/micro_ros_agent' with build type 'ament_cmake'
[0.595s] INFO:colcon.colcon_cmake.task.cmake.build:Building CMake package in '/home/juampa/movil_s_f_ws/src/micro_ros_agent/micro_ros_agent'
[0.599s] INFO:colcon.colcon_core.plugin_system:Skipping extension 'colcon_core.shell.bat': Not used on non-Windows systems
[0.600s] INFO:colcon.colcon_core.shell:Skip shell extension 'powershell' for command environment: Not usable outside of PowerShell
[0.600s] DEBUG:colcon.colcon_core.shell:Skip shell extension 'dsv' for command environment
[0.624s] DEBUG:colcon.colcon_core.event_handler.log_command:Invoking command in '/home/juampa/movil_s_f_ws/build/micro_ros_agent': CMAKE_PREFIX_PATH=${CMAKE_PREFIX_PATH}:/home/juampa/movil_s_f_ws/install/robot_museum:/home/juampa/lab_ws/install/robot1_gazebo:/home/juampa/lab_ws/install/lab2:/opt/ros/humble /usr/bin/cmake --build /home/juampa/movil_s_f_ws/build/micro_ros_agent -- -j8 -l8
[74.652s] DEBUG:colcon.colcon_core.event_handler.log_command:Invoked command in '/home/juampa/movil_s_f_ws/build/micro_ros_agent' returned '2': CMAKE_PREFIX_PATH=${CMAKE_PREFIX_PATH}:/home/juampa/movil_s_f_ws/install/robot_museum:/home/juampa/lab_ws/install/robot1_gazebo:/home/juampa/lab_ws/install/lab2:/opt/ros/humble /usr/bin/cmake --build /home/juampa/movil_s_f_ws/build/micro_ros_agent -- -j8 -l8
[74.653s] Level 1:colcon.colcon_core.environment:create_environment_scripts_only(micro_ros_agent)
[74.660s] Level 1:colcon.colcon_core.environment:checking '/home/juampa/movil_s_f_ws/install/micro_ros_agent' for CMake module files
[74.661s] Level 1:colcon.colcon_core.environment:checking '/home/juampa/movil_s_f_ws/install/micro_ros_agent' for CMake config files
[74.663s] Level 1:colcon.colcon_core.shell:create_environment_hook('micro_ros_agent', 'cmake_prefix_path')
[74.663s] INFO:colcon.colcon_core.shell:Creating environment hook '/home/juampa/movil_s_f_ws/install/micro_ros_agent/share/micro_ros_agent/hook/cmake_prefix_path.ps1'
[74.666s] INFO:colcon.colcon_core.shell:Creating environment descriptor '/home/juampa/movil_s_f_ws/install/micro_ros_agent/share/micro_ros_agent/hook/cmake_prefix_path.dsv'
[74.668s] INFO:colcon.colcon_core.shell:Creating environment hook '/home/juampa/movil_s_f_ws/install/micro_ros_agent/share/micro_ros_agent/hook/cmake_prefix_path.sh'
[74.671s] Level 1:colcon.colcon_core.environment:checking '/home/juampa/movil_s_f_ws/install/micro_ros_agent/lib'
[74.672s] Level 1:colcon.colcon_core.shell:create_environment_hook('micro_ros_agent', 'ld_library_path_lib')
[74.672s] INFO:colcon.colcon_core.shell:Creating environment hook '/home/juampa/movil_s_f_ws/install/micro_ros_agent/share/micro_ros_agent/hook/ld_library_path_lib.ps1'
[74.674s] INFO:colcon.colcon_core.shell:Creating environment descriptor '/home/juampa/movil_s_f_ws/install/micro_ros_agent/share/micro_ros_agent/hook/ld_library_path_lib.dsv'
[74.675s] INFO:colcon.colcon_core.shell:Creating environment hook '/home/juampa/movil_s_f_ws/install/micro_ros_agent/share/micro_ros_agent/hook/ld_library_path_lib.sh'
[74.676s] Level 1:colcon.colcon_core.environment:checking '/home/juampa/movil_s_f_ws/install/micro_ros_agent/bin'
[74.676s] Level 1:colcon.colcon_core.environment:checking '/home/juampa/movil_s_f_ws/install/micro_ros_agent/lib/pkgconfig/micro_ros_agent.pc'
[74.679s] Level 1:colcon.colcon_core.environment:checking '/home/juampa/movil_s_f_ws/install/micro_ros_agent/lib/python3.10/site-packages'
[74.680s] Level 1:colcon.colcon_core.environment:checking '/home/juampa/movil_s_f_ws/install/micro_ros_agent/bin'
[74.681s] INFO:colcon.colcon_core.shell:Creating package script '/home/juampa/movil_s_f_ws/install/micro_ros_agent/share/micro_ros_agent/package.ps1'
[74.685s] INFO:colcon.colcon_core.shell:Creating package descriptor '/home/juampa/movil_s_f_ws/install/micro_ros_agent/share/micro_ros_agent/package.dsv'
[74.687s] INFO:colcon.colcon_core.shell:Creating package script '/home/juampa/movil_s_f_ws/install/micro_ros_agent/share/micro_ros_agent/package.sh'
[74.690s] INFO:colcon.colcon_core.shell:Creating package script '/home/juampa/movil_s_f_ws/install/micro_ros_agent/share/micro_ros_agent/package.bash'
[74.693s] INFO:colcon.colcon_core.shell:Creating package script '/home/juampa/movil_s_f_ws/install/micro_ros_agent/share/micro_ros_agent/package.zsh'
[74.696s] Level 1:colcon.colcon_core.environment:create_file_with_runtime_dependencies(/home/juampa/movil_s_f_ws/install/micro_ros_agent/share/colcon-core/packages/micro_ros_agent)
[74.707s] DEBUG:colcon.colcon_parallel_executor.executor.parallel:closing loop
[74.708s] DEBUG:colcon.colcon_parallel_executor.executor.parallel:loop closed
[74.708s] DEBUG:colcon.colcon_parallel_executor.executor.parallel:run_until_complete finished with '2'
[74.708s] DEBUG:colcon.colcon_core.event_reactor:joining thread
[74.713s] INFO:colcon.colcon_core.plugin_system:Skipping extension 'colcon_notification.desktop_notification.notify2': 'notify2' not found
[74.714s] INFO:colcon.colcon_core.plugin_system:Skipping extension 'colcon_notification.desktop_notification.terminal_notifier': Not used on non-Darwin systems
[74.714s] INFO:colcon.colcon_core.plugin_system:Skipping extension 'colcon_notification.desktop_notification.win32': Not used on non-Windows systems
[74.714s] INFO:colcon.colcon_notification.desktop_notification:Sending desktop notification using 'notify_send'
[74.756s] DEBUG:colcon.colcon_core.event_reactor:joined thread
[74.757s] INFO:colcon.colcon_core.shell:Creating prefix script '/home/juampa/movil_s_f_ws/install/local_setup.ps1'
[74.760s] INFO:colcon.colcon_core.shell:Creating prefix util module '/home/juampa/movil_s_f_ws/install/_local_setup_util_ps1.py'
[74.765s] INFO:colcon.colcon_core.shell:Creating prefix chain script '/home/juampa/movil_s_f_ws/install/setup.ps1'
[74.770s] INFO:colcon.colcon_core.shell:Creating prefix script '/home/juampa/movil_s_f_ws/install/local_setup.sh'
[74.772s] INFO:colcon.colcon_core.shell:Creating prefix util module '/home/juampa/movil_s_f_ws/install/_local_setup_util_sh.py'
[74.774s] INFO:colcon.colcon_core.shell:Creating prefix chain script '/home/juampa/movil_s_f_ws/install/setup.sh'
[74.779s] INFO:colcon.colcon_core.shell:Creating prefix script '/home/juampa/movil_s_f_ws/install/local_setup.bash'
[74.781s] INFO:colcon.colcon_core.shell:Creating prefix chain script '/home/juampa/movil_s_f_ws/install/setup.bash'
[74.786s] INFO:colcon.colcon_core.shell:Creating prefix script '/home/juampa/movil_s_f_ws/install/local_setup.zsh'
[74.788s] INFO:colcon.colcon_core.shell:Creating prefix chain script '/home/juampa/movil_s_f_ws/install/setup.zsh'
