[0.791s] Invoking command in '/home/juampa/movil_s_f_ws/src/robot_museum': PYTHONPATH=/home/juampa/movil_s_f_ws/build/robot_museum/prefix_override:/home/juampa/.platformio/penv/lib/python3.10/site-packages/colcon_core/task/python/colcon_distutils_commands:/home/juampa/movil_s_f_ws/install/robot_museum/lib/python3.10/site-packages:${PYTHONPATH} /home/juampa/.platformio/penv/bin/python -W ignore:setup.py install is deprecated -W ignore:easy_install command is deprecated setup.py egg_info --egg-base ../../build/robot_museum build --build-base /home/juampa/movil_s_f_ws/build/robot_museum/build install --record /home/juampa/movil_s_f_ws/build/robot_museum/install.log --single-version-externally-managed install_data
[1.069s] running egg_info
[1.070s] writing ../../build/robot_museum/robot_museum.egg-info/PKG-INFO
[1.070s] writing dependency_links to ../../build/robot_museum/robot_museum.egg-info/dependency_links.txt
[1.071s] writing entry points to ../../build/robot_museum/robot_museum.egg-info/entry_points.txt
[1.071s] writing requirements to ../../build/robot_museum/robot_museum.egg-info/requires.txt
[1.071s] writing top-level names to ../../build/robot_museum/robot_museum.egg-info/top_level.txt
[1.073s] reading manifest file '../../build/robot_museum/robot_museum.egg-info/SOURCES.txt'
[1.074s] writing manifest file '../../build/robot_museum/robot_museum.egg-info/SOURCES.txt'
[1.075s] running build
[1.075s] running build_py
[1.075s] copying robot_museum/futbol_controller.py -> /home/juampa/movil_s_f_ws/build/robot_museum/build/lib/robot_museum
[1.076s] running install
[1.076s] running install_lib
[1.076s] copying /home/juampa/movil_s_f_ws/build/robot_museum/build/lib/robot_museum/futbol_controller.py -> /home/juampa/movil_s_f_ws/install/robot_museum/lib/python3.10/site-packages/robot_museum
[1.077s] byte-compiling /home/juampa/movil_s_f_ws/install/robot_museum/lib/python3.10/site-packages/robot_museum/futbol_controller.py to futbol_controller.cpython-310.pyc
[1.078s] running install_data
[1.078s] running install_egg_info
[1.080s] removing '/home/juampa/movil_s_f_ws/install/robot_museum/lib/python3.10/site-packages/robot_museum-0.0.1-py3.10.egg-info' (and everything under it)
[1.081s] Copying ../../build/robot_museum/robot_museum.egg-info to /home/juampa/movil_s_f_ws/install/robot_museum/lib/python3.10/site-packages/robot_museum-0.0.1-py3.10.egg-info
[1.082s] running install_scripts
[1.105s] Installing futbol_controller script to /home/juampa/movil_s_f_ws/install/robot_museum/lib/robot_museum
[1.105s] writing list of installed files to '/home/juampa/movil_s_f_ws/build/robot_museum/install.log'
[1.143s] Invoked command in '/home/juampa/movil_s_f_ws/src/robot_museum' returned '0': PYTHONPATH=/home/juampa/movil_s_f_ws/build/robot_museum/prefix_override:/home/juampa/.platformio/penv/lib/python3.10/site-packages/colcon_core/task/python/colcon_distutils_commands:/home/juampa/movil_s_f_ws/install/robot_museum/lib/python3.10/site-packages:${PYTHONPATH} /home/juampa/.platformio/penv/bin/python -W ignore:setup.py install is deprecated -W ignore:easy_install command is deprecated setup.py egg_info --egg-base ../../build/robot_museum build --build-base /home/juampa/movil_s_f_ws/build/robot_museum/build install --record /home/juampa/movil_s_f_ws/build/robot_museum/install.log --single-version-externally-managed install_data
