[0.017s] Invoking command in '/home/juampa/movil_s_f_ws/build/sumo_robot': /usr/bin/cmake /home/juampa/movil_s_f_ws/src/sumo_robot -DCMAKE_INSTALL_PREFIX=/home/juampa/movil_s_f_ws/install/sumo_robot
[0.040s] -- Found ament_cmake: 1.3.14 (/opt/ros/humble/share/ament_cmake/cmake)
[0.300s] Error parsing '/home/juampa/movil_s_f_ws/src/sumo_robot/package.xml':
[0.301s] Traceback (most recent call last):
[0.301s]   File "/home/juampa/.platformio/penv/lib/python3.10/site-packages/catkin_pkg/package.py", line 610, in parse_package_string
[0.301s]     root = dom.parseString(data)
[0.301s]   File "/usr/lib/python3.10/xml/dom/minidom.py", line 1995, in parseString
[0.302s]     return expatbuilder.parseString(string)
[0.302s]   File "/usr/lib/python3.10/xml/dom/expatbuilder.py", line 925, in parseString
[0.302s]     return builder.parseString(string)
[0.302s]   File "/usr/lib/python3.10/xml/dom/expatbuilder.py", line 223, in parseString
[0.302s]     parser.Parse(string, True)
[0.303s] xml.parsers.expat.ExpatError: syntax error: line 1, column 0
[0.303s] 
[0.303s] During handling of the above exception, another exception occurred:
[0.303s] 
[0.303s] Traceback (most recent call last):
[0.303s]   File "/opt/ros/humble/share/ament_cmake_core/cmake/core/package_xml_2_cmake.py", line 150, in <module>
[0.304s]     main()
[0.304s]   File "/opt/ros/humble/share/ament_cmake_core/cmake/core/package_xml_2_cmake.py", line 53, in main
[0.304s]     raise e
[0.304s]   File "/opt/ros/humble/share/ament_cmake_core/cmake/core/package_xml_2_cmake.py", line 49, in main
[0.304s]     package = parse_package_string(
[0.305s]   File "/home/juampa/.platformio/penv/lib/python3.10/site-packages/catkin_pkg/package.py", line 612, in parse_package_string
[0.305s]     raise InvalidPackage('The manifest contains invalid XML:\n%s' % ex, filename)
[0.305s] catkin_pkg.package.InvalidPackage: Error(s) in package '/home/juampa/movil_s_f_ws/src/sumo_robot/package.xml':
[0.305s] The manifest contains invalid XML:
[0.305s] syntax error: line 1, column 0
[0.318s] [31mCMake Error at /opt/ros/humble/share/ament_cmake_core/cmake/core/ament_package_xml.cmake:95 (message):
[0.318s]   execute_process(/home/juampa/.platformio/penv/bin/python3
[0.318s]   /opt/ros/humble/share/ament_cmake_core/cmake/core/package_xml_2_cmake.py
[0.318s]   /home/juampa/movil_s_f_ws/src/sumo_robot/package.xml
[0.318s]   /home/juampa/movil_s_f_ws/build/sumo_robot/ament_cmake_core/package.cmake)
[0.319s]   returned error code 1
[0.319s] Call Stack (most recent call first):
[0.319s]   /opt/ros/humble/share/ament_cmake_core/cmake/core/ament_package_xml.cmake:49 (_ament_package_xml)
[0.319s]   /opt/ros/humble/share/ament_cmake_core/cmake/core/ament_package.cmake:63 (ament_package_xml)
[0.319s]   CMakeLists.txt:11 (ament_package)
[0.319s] 
[0.320s] [0m
[0.320s] -- Configuring incomplete, errors occurred!
[0.320s] See also "/home/juampa/movil_s_f_ws/build/sumo_robot/CMakeFiles/CMakeOutput.log".
[0.325s] Invoked command in '/home/juampa/movil_s_f_ws/build/sumo_robot' returned '1': /usr/bin/cmake /home/juampa/movil_s_f_ws/src/sumo_robot -DCMAKE_INSTALL_PREFIX=/home/juampa/movil_s_f_ws/install/sumo_robot
