[1.466s] Invoking command in '/home/juampa/movil_s_f_ws/src/robot_museum': PYTHONPATH=/home/juampa/movil_s_f_ws/build/robot_museum/prefix_override:/home/juampa/.platformio/penv/lib/python3.10/site-packages/colcon_core/task/python/colcon_distutils_commands:/home/juampa/movil_s_f_ws/install/robot_museum/lib/python3.10/site-packages:${PYTHONPATH} /home/juampa/.platformio/penv/bin/python -W ignore:setup.py install is deprecated -W ignore:easy_install command is deprecated setup.py egg_info --egg-base ../../build/robot_museum build --build-base /home/juampa/movil_s_f_ws/build/robot_museum/build install --record /home/juampa/movil_s_f_ws/build/robot_museum/install.log --single-version-externally-managed install_data
[2.042s] running egg_info
[2.045s] writing ../../build/robot_museum/robot_museum.egg-info/PKG-INFO
[2.051s] writing dependency_links to ../../build/robot_museum/robot_museum.egg-info/dependency_links.txt
[2.052s] writing entry points to ../../build/robot_museum/robot_museum.egg-info/entry_points.txt
[2.052s] writing requirements to ../../build/robot_museum/robot_museum.egg-info/requires.txt
[2.053s] writing top-level names to ../../build/robot_museum/robot_museum.egg-info/top_level.txt
[2.059s] reading manifest file '../../build/robot_museum/robot_museum.egg-info/SOURCES.txt'
[2.062s] writing manifest file '../../build/robot_museum/robot_museum.egg-info/SOURCES.txt'
[2.063s] running build
[2.064s] running build_py
[2.064s] copying robot_museum/futbol_controller.py -> /home/juampa/movil_s_f_ws/build/robot_museum/build/lib/robot_museum
[2.064s] running install
[2.065s] running install_lib
[2.068s] copying /home/juampa/movil_s_f_ws/build/robot_museum/build/lib/robot_museum/futbol_controller.py -> /home/juampa/movil_s_f_ws/install/robot_museum/lib/python3.10/site-packages/robot_museum
[2.069s] byte-compiling /home/juampa/movil_s_f_ws/install/robot_museum/lib/python3.10/site-packages/robot_museum/futbol_controller.py to futbol_controller.cpython-310.pyc
[2.071s] running install_data
[2.072s] copying launch/futbol_teleop.launch.py -> /home/juampa/movil_s_f_ws/install/robot_museum/share/robot_museum/launch
[2.072s] running install_egg_info
[2.077s] removing '/home/juampa/movil_s_f_ws/install/robot_museum/lib/python3.10/site-packages/robot_museum-0.0.1-py3.10.egg-info' (and everything under it)
[2.078s] Copying ../../build/robot_museum/robot_museum.egg-info to /home/juampa/movil_s_f_ws/install/robot_museum/lib/python3.10/site-packages/robot_museum-0.0.1-py3.10.egg-info
[2.081s] running install_scripts
[2.126s] Installing futbol_controller script to /home/juampa/movil_s_f_ws/install/robot_museum/lib/robot_museum
[2.127s] writing list of installed files to '/home/juampa/movil_s_f_ws/build/robot_museum/install.log'
[2.232s] Invoked command in '/home/juampa/movil_s_f_ws/src/robot_museum' returned '0': PYTHONPATH=/home/juampa/movil_s_f_ws/build/robot_museum/prefix_override:/home/juampa/.platformio/penv/lib/python3.10/site-packages/colcon_core/task/python/colcon_distutils_commands:/home/juampa/movil_s_f_ws/install/robot_museum/lib/python3.10/site-packages:${PYTHONPATH} /home/juampa/.platformio/penv/bin/python -W ignore:setup.py install is deprecated -W ignore:easy_install command is deprecated setup.py egg_info --egg-base ../../build/robot_museum build --build-base /home/juampa/movil_s_f_ws/build/robot_museum/build install --record /home/juampa/movil_s_f_ws/build/robot_museum/install.log --single-version-externally-managed install_data
