[0.017s] Invoking command in '/home/juampa/movil_s_f_ws/build/sumo_robot': /usr/bin/cmake /home/juampa/movil_s_f_ws/src/sumo_robot -DCMAKE_INSTALL_PREFIX=/home/juampa/movil_s_f_ws/install/sumo_robot
[0.205s] -- The C compiler identification is GNU 11.4.0
[0.373s] -- The CXX compiler identification is GNU 11.4.0
[0.388s] -- Detecting C compiler ABI info
[0.506s] -- Detecting C compiler ABI info - done
[0.516s] -- Check for working C compiler: /usr/bin/cc - skipped
[0.517s] -- Detecting C compile features
[0.517s] -- Detecting C compile features - done
[0.522s] -- Detecting CXX compiler ABI info
[0.654s] -- Detecting CXX compiler ABI info - done
[0.678s] -- Check for working CXX compiler: /usr/bin/c++ - skipped
[0.679s] -- Detecting CXX compile features
[0.680s] -- Detecting CXX compile features - done
[0.692s] -- Found ament_cmake: 1.3.14 (/opt/ros/humble/share/ament_cmake/cmake)
[0.881s] -- Found Python3: /home/juampa/.platformio/penv/bin/python3 (found version "3.10.12") found components: Interpreter 
[1.118s] Error parsing '/home/juampa/movil_s_f_ws/src/sumo_robot/package.xml':
[1.118s] Traceback (most recent call last):
[1.119s]   File "/home/juampa/.platformio/penv/lib/python3.10/site-packages/catkin_pkg/package.py", line 610, in parse_package_string
[1.119s]     root = dom.parseString(data)
[1.119s]   File "/usr/lib/python3.10/xml/dom/minidom.py", line 1995, in parseString
[1.119s]     return expatbuilder.parseString(string)
[1.120s]   File "/usr/lib/python3.10/xml/dom/expatbuilder.py", line 925, in parseString
[1.120s]     return builder.parseString(string)
[1.120s]   File "/usr/lib/python3.10/xml/dom/expatbuilder.py", line 223, in parseString
[1.121s]     parser.Parse(string, True)
[1.121s] xml.parsers.expat.ExpatError: XML or text declaration not at start of entity: line 2, column 0
[1.121s] 
[1.121s] During handling of the above exception, another exception occurred:
[1.121s] 
[1.122s] Traceback (most recent call last):
[1.122s]   File "/opt/ros/humble/share/ament_cmake_core/cmake/core/package_xml_2_cmake.py", line 150, in <module>
[1.122s]     main()
[1.122s]   File "/opt/ros/humble/share/ament_cmake_core/cmake/core/package_xml_2_cmake.py", line 53, in main
[1.122s]     raise e
[1.122s]   File "/opt/ros/humble/share/ament_cmake_core/cmake/core/package_xml_2_cmake.py", line 49, in main
[1.123s]     package = parse_package_string(
[1.123s]   File "/home/juampa/.platformio/penv/lib/python3.10/site-packages/catkin_pkg/package.py", line 612, in parse_package_string
[1.123s]     raise InvalidPackage('The manifest contains invalid XML:\n%s' % ex, filename)
[1.123s] catkin_pkg.package.InvalidPackage: Error(s) in package '/home/juampa/movil_s_f_ws/src/sumo_robot/package.xml':
[1.123s] The manifest contains invalid XML:
[1.123s] XML or text declaration not at start of entity: line 2, column 0
[1.137s] [31mCMake Error at /opt/ros/humble/share/ament_cmake_core/cmake/core/ament_package_xml.cmake:95 (message):
[1.137s]   execute_process(/home/juampa/.platformio/penv/bin/python3
[1.137s]   /opt/ros/humble/share/ament_cmake_core/cmake/core/package_xml_2_cmake.py
[1.137s]   /home/juampa/movil_s_f_ws/src/sumo_robot/package.xml
[1.137s]   /home/juampa/movil_s_f_ws/build/sumo_robot/ament_cmake_core/package.cmake)
[1.138s]   returned error code 1
[1.138s] Call Stack (most recent call first):
[1.138s]   /opt/ros/humble/share/ament_cmake_core/cmake/core/ament_package_xml.cmake:49 (_ament_package_xml)
[1.138s]   /opt/ros/humble/share/ament_cmake_core/cmake/core/ament_package.cmake:63 (ament_package_xml)
[1.138s]   CMakeLists.txt:11 (ament_package)
[1.138s] 
[1.139s] [0m
[1.139s] -- Configuring incomplete, errors occurred!
[1.139s] See also "/home/juampa/movil_s_f_ws/build/sumo_robot/CMakeFiles/CMakeOutput.log".
[1.148s] Invoked command in '/home/juampa/movil_s_f_ws/build/sumo_robot' returned '1': /usr/bin/cmake /home/juampa/movil_s_f_ws/src/sumo_robot -DCMAKE_INSTALL_PREFIX=/home/juampa/movil_s_f_ws/install/sumo_robot
