[0.223s] DEBUG:colcon:Command line arguments: ['/home/juampa/.platformio/penv/bin/colcon', 'build', '--packages-select', 'robot_museum']
[0.223s] DEBUG:colcon:Parsed command line arguments: Namespace(log_base=None, log_level=None, verb_name='build', build_base='build', install_base='install', merge_install=False, symlink_install=False, test_result_base=None, continue_on_error=False, executor='parallel', parallel_workers=8, event_handlers=None, ignore_user_meta=False, metas=['./colcon.meta'], base_paths=['.'], packages_ignore=None, packages_ignore_regex=None, paths=None, packages_up_to=None, packages_up_to_regex=None, packages_above=None, packages_above_and_dependencies=None, packages_above_depth=None, packages_select_by_dep=None, packages_skip_by_dep=None, packages_skip_up_to=None, packages_select_build_failed=False, packages_skip_build_finished=False, packages_select_test_failures=False, packages_skip_test_passed=False, packages_select=['robot_museum'], packages_skip=None, packages_select_regex=None, packages_skip_regex=None, packages_start=None, packages_end=None, cmake_args=None, cmake_target=None, cmake_target_skip_unavailable=False, cmake_clean_cache=False, cmake_clean_first=False, cmake_force_configure=False, ament_cmake_args=None, catkin_cmake_args=None, catkin_skip_building_tests=False, verb_parser=<colcon_defaults.argument_parser.defaults.DefaultArgumentsDecorator object at 0x749cd0844760>, verb_extension=<colcon_core.verb.build.BuildVerb object at 0x749cd09b4e50>, main=<bound method BuildVerb.main of <colcon_core.verb.build.BuildVerb object at 0x749cd09b4e50>>)
[0.438s] Level 1:colcon.colcon_core.package_discovery:discover_packages(colcon_meta) check parameters
[0.439s] Level 1:colcon.colcon_core.package_discovery:discover_packages(recursive) check parameters
[0.439s] Level 1:colcon.colcon_core.package_discovery:discover_packages(ignore) check parameters
[0.439s] Level 1:colcon.colcon_core.package_discovery:discover_packages(path) check parameters
[0.439s] Level 1:colcon.colcon_core.package_discovery:discover_packages(colcon_meta) discover
[0.439s] Level 1:colcon.colcon_core.package_discovery:discover_packages(recursive) discover
[0.439s] INFO:colcon.colcon_core.package_discovery:Crawling recursively for packages in '/home/juampa/movil_s_f_ws'
[0.439s] Level 1:colcon.colcon_core.package_identification:_identify(.) by extensions ['ignore', 'ignore_ament_install']
[0.439s] Level 1:colcon.colcon_core.package_identification:_identify(.) by extension 'ignore'
[0.439s] Level 1:colcon.colcon_core.package_identification:_identify(.) by extension 'ignore_ament_install'
[0.439s] Level 1:colcon.colcon_core.package_identification:_identify(.) by extensions ['colcon_pkg']
[0.439s] Level 1:colcon.colcon_core.package_identification:_identify(.) by extension 'colcon_pkg'
[0.439s] Level 1:colcon.colcon_core.package_identification:_identify(.) by extensions ['colcon_meta']
[0.440s] Level 1:colcon.colcon_core.package_identification:_identify(.) by extension 'colcon_meta'
[0.440s] Level 1:colcon.colcon_core.package_identification:_identify(.) by extensions ['ros']
[0.440s] Level 1:colcon.colcon_core.package_identification:_identify(.) by extension 'ros'
[0.485s] Level 1:colcon.colcon_core.package_identification:_identify(.) by extensions ['cmake', 'python']
[0.485s] Level 1:colcon.colcon_core.package_identification:_identify(.) by extension 'cmake'
[0.486s] Level 1:colcon.colcon_core.package_identification:_identify(.) by extension 'python'
[0.486s] Level 1:colcon.colcon_core.package_identification:_identify(.) by extensions ['python_setup_py']
[0.486s] Level 1:colcon.colcon_core.package_identification:_identify(.) by extension 'python_setup_py'
[0.486s] Level 1:colcon.colcon_core.package_identification:_identify(build) by extensions ['ignore', 'ignore_ament_install']
[0.486s] Level 1:colcon.colcon_core.package_identification:_identify(build) by extension 'ignore'
[0.486s] Level 1:colcon.colcon_core.package_identification:_identify(build) ignored
[0.486s] Level 1:colcon.colcon_core.package_identification:_identify(firmware) by extensions ['ignore', 'ignore_ament_install']
[0.486s] Level 1:colcon.colcon_core.package_identification:_identify(firmware) by extension 'ignore'
[0.487s] Level 1:colcon.colcon_core.package_identification:_identify(firmware) by extension 'ignore_ament_install'
[0.487s] Level 1:colcon.colcon_core.package_identification:_identify(firmware) by extensions ['colcon_pkg']
[0.487s] Level 1:colcon.colcon_core.package_identification:_identify(firmware) by extension 'colcon_pkg'
[0.487s] Level 1:colcon.colcon_core.package_identification:_identify(firmware) by extensions ['colcon_meta']
[0.487s] Level 1:colcon.colcon_core.package_identification:_identify(firmware) by extension 'colcon_meta'
[0.487s] Level 1:colcon.colcon_core.package_identification:_identify(firmware) by extensions ['ros']
[0.487s] Level 1:colcon.colcon_core.package_identification:_identify(firmware) by extension 'ros'
[0.487s] Level 1:colcon.colcon_core.package_identification:_identify(firmware) by extensions ['cmake', 'python']
[0.487s] Level 1:colcon.colcon_core.package_identification:_identify(firmware) by extension 'cmake'
[0.487s] Level 1:colcon.colcon_core.package_identification:_identify(firmware) by extension 'python'
[0.487s] Level 1:colcon.colcon_core.package_identification:_identify(firmware) by extensions ['python_setup_py']
[0.487s] Level 1:colcon.colcon_core.package_identification:_identify(firmware) by extension 'python_setup_py'
[0.487s] Level 1:colcon.colcon_core.package_identification:_identify(firmware/futbol_esp32) by extensions ['ignore', 'ignore_ament_install']
[0.488s] Level 1:colcon.colcon_core.package_identification:_identify(firmware/futbol_esp32) by extension 'ignore'
[0.488s] Level 1:colcon.colcon_core.package_identification:_identify(firmware/futbol_esp32) by extension 'ignore_ament_install'
[0.488s] Level 1:colcon.colcon_core.package_identification:_identify(firmware/futbol_esp32) by extensions ['colcon_pkg']
[0.488s] Level 1:colcon.colcon_core.package_identification:_identify(firmware/futbol_esp32) by extension 'colcon_pkg'
[0.488s] Level 1:colcon.colcon_core.package_identification:_identify(firmware/futbol_esp32) by extensions ['colcon_meta']
[0.488s] Level 1:colcon.colcon_core.package_identification:_identify(firmware/futbol_esp32) by extension 'colcon_meta'
[0.488s] Level 1:colcon.colcon_core.package_identification:_identify(firmware/futbol_esp32) by extensions ['ros']
[0.488s] Level 1:colcon.colcon_core.package_identification:_identify(firmware/futbol_esp32) by extension 'ros'
[0.488s] Level 1:colcon.colcon_core.package_identification:_identify(firmware/futbol_esp32) by extensions ['cmake', 'python']
[0.488s] Level 1:colcon.colcon_core.package_identification:_identify(firmware/futbol_esp32) by extension 'cmake'
[0.488s] Level 1:colcon.colcon_core.package_identification:_identify(firmware/futbol_esp32) by extension 'python'
[0.488s] Level 1:colcon.colcon_core.package_identification:_identify(firmware/futbol_esp32) by extensions ['python_setup_py']
[0.489s] Level 1:colcon.colcon_core.package_identification:_identify(firmware/futbol_esp32) by extension 'python_setup_py'
[0.489s] Level 1:colcon.colcon_core.package_identification:_identify(firmware/futbol_esp32/include) by extensions ['ignore', 'ignore_ament_install']
[0.489s] Level 1:colcon.colcon_core.package_identification:_identify(firmware/futbol_esp32/include) by extension 'ignore'
[0.489s] Level 1:colcon.colcon_core.package_identification:_identify(firmware/futbol_esp32/include) by extension 'ignore_ament_install'
[0.489s] Level 1:colcon.colcon_core.package_identification:_identify(firmware/futbol_esp32/include) by extensions ['colcon_pkg']
[0.489s] Level 1:colcon.colcon_core.package_identification:_identify(firmware/futbol_esp32/include) by extension 'colcon_pkg'
[0.489s] Level 1:colcon.colcon_core.package_identification:_identify(firmware/futbol_esp32/include) by extensions ['colcon_meta']
[0.489s] Level 1:colcon.colcon_core.package_identification:_identify(firmware/futbol_esp32/include) by extension 'colcon_meta'
[0.489s] Level 1:colcon.colcon_core.package_identification:_identify(firmware/futbol_esp32/include) by extensions ['ros']
[0.489s] Level 1:colcon.colcon_core.package_identification:_identify(firmware/futbol_esp32/include) by extension 'ros'
[0.489s] Level 1:colcon.colcon_core.package_identification:_identify(firmware/futbol_esp32/include) by extensions ['cmake', 'python']
[0.490s] Level 1:colcon.colcon_core.package_identification:_identify(firmware/futbol_esp32/include) by extension 'cmake'
[0.490s] Level 1:colcon.colcon_core.package_identification:_identify(firmware/futbol_esp32/include) by extension 'python'
[0.490s] Level 1:colcon.colcon_core.package_identification:_identify(firmware/futbol_esp32/include) by extensions ['python_setup_py']
[0.490s] Level 1:colcon.colcon_core.package_identification:_identify(firmware/futbol_esp32/include) by extension 'python_setup_py'
[0.490s] Level 1:colcon.colcon_core.package_identification:_identify(firmware/futbol_esp32/lib) by extensions ['ignore', 'ignore_ament_install']
[0.490s] Level 1:colcon.colcon_core.package_identification:_identify(firmware/futbol_esp32/lib) by extension 'ignore'
[0.490s] Level 1:colcon.colcon_core.package_identification:_identify(firmware/futbol_esp32/lib) by extension 'ignore_ament_install'
[0.490s] Level 1:colcon.colcon_core.package_identification:_identify(firmware/futbol_esp32/lib) by extensions ['colcon_pkg']
[0.490s] Level 1:colcon.colcon_core.package_identification:_identify(firmware/futbol_esp32/lib) by extension 'colcon_pkg'
[0.490s] Level 1:colcon.colcon_core.package_identification:_identify(firmware/futbol_esp32/lib) by extensions ['colcon_meta']
[0.490s] Level 1:colcon.colcon_core.package_identification:_identify(firmware/futbol_esp32/lib) by extension 'colcon_meta'
[0.490s] Level 1:colcon.colcon_core.package_identification:_identify(firmware/futbol_esp32/lib) by extensions ['ros']
[0.490s] Level 1:colcon.colcon_core.package_identification:_identify(firmware/futbol_esp32/lib) by extension 'ros'
[0.491s] Level 1:colcon.colcon_core.package_identification:_identify(firmware/futbol_esp32/lib) by extensions ['cmake', 'python']
[0.491s] Level 1:colcon.colcon_core.package_identification:_identify(firmware/futbol_esp32/lib) by extension 'cmake'
[0.491s] Level 1:colcon.colcon_core.package_identification:_identify(firmware/futbol_esp32/lib) by extension 'python'
[0.491s] Level 1:colcon.colcon_core.package_identification:_identify(firmware/futbol_esp32/lib) by extensions ['python_setup_py']
[0.491s] Level 1:colcon.colcon_core.package_identification:_identify(firmware/futbol_esp32/lib) by extension 'python_setup_py'
[0.491s] Level 1:colcon.colcon_core.package_identification:_identify(firmware/futbol_esp32/src) by extensions ['ignore', 'ignore_ament_install']
[0.491s] Level 1:colcon.colcon_core.package_identification:_identify(firmware/futbol_esp32/src) by extension 'ignore'
[0.491s] Level 1:colcon.colcon_core.package_identification:_identify(firmware/futbol_esp32/src) by extension 'ignore_ament_install'
[0.491s] Level 1:colcon.colcon_core.package_identification:_identify(firmware/futbol_esp32/src) by extensions ['colcon_pkg']
[0.491s] Level 1:colcon.colcon_core.package_identification:_identify(firmware/futbol_esp32/src) by extension 'colcon_pkg'
[0.491s] Level 1:colcon.colcon_core.package_identification:_identify(firmware/futbol_esp32/src) by extensions ['colcon_meta']
[0.491s] Level 1:colcon.colcon_core.package_identification:_identify(firmware/futbol_esp32/src) by extension 'colcon_meta'
[0.491s] Level 1:colcon.colcon_core.package_identification:_identify(firmware/futbol_esp32/src) by extensions ['ros']
[0.491s] Level 1:colcon.colcon_core.package_identification:_identify(firmware/futbol_esp32/src) by extension 'ros'
[0.491s] Level 1:colcon.colcon_core.package_identification:_identify(firmware/futbol_esp32/src) by extensions ['cmake', 'python']
[0.492s] Level 1:colcon.colcon_core.package_identification:_identify(firmware/futbol_esp32/src) by extension 'cmake'
[0.492s] Level 1:colcon.colcon_core.package_identification:_identify(firmware/futbol_esp32/src) by extension 'python'
[0.492s] Level 1:colcon.colcon_core.package_identification:_identify(firmware/futbol_esp32/src) by extensions ['python_setup_py']
[0.492s] Level 1:colcon.colcon_core.package_identification:_identify(firmware/futbol_esp32/src) by extension 'python_setup_py'
[0.492s] Level 1:colcon.colcon_core.package_identification:_identify(firmware/futbol_esp32/test) by extensions ['ignore', 'ignore_ament_install']
[0.492s] Level 1:colcon.colcon_core.package_identification:_identify(firmware/futbol_esp32/test) by extension 'ignore'
[0.492s] Level 1:colcon.colcon_core.package_identification:_identify(firmware/futbol_esp32/test) by extension 'ignore_ament_install'
[0.492s] Level 1:colcon.colcon_core.package_identification:_identify(firmware/futbol_esp32/test) by extensions ['colcon_pkg']
[0.492s] Level 1:colcon.colcon_core.package_identification:_identify(firmware/futbol_esp32/test) by extension 'colcon_pkg'
[0.492s] Level 1:colcon.colcon_core.package_identification:_identify(firmware/futbol_esp32/test) by extensions ['colcon_meta']
[0.492s] Level 1:colcon.colcon_core.package_identification:_identify(firmware/futbol_esp32/test) by extension 'colcon_meta'
[0.492s] Level 1:colcon.colcon_core.package_identification:_identify(firmware/futbol_esp32/test) by extensions ['ros']
[0.492s] Level 1:colcon.colcon_core.package_identification:_identify(firmware/futbol_esp32/test) by extension 'ros'
[0.492s] Level 1:colcon.colcon_core.package_identification:_identify(firmware/futbol_esp32/test) by extensions ['cmake', 'python']
[0.493s] Level 1:colcon.colcon_core.package_identification:_identify(firmware/futbol_esp32/test) by extension 'cmake'
[0.493s] Level 1:colcon.colcon_core.package_identification:_identify(firmware/futbol_esp32/test) by extension 'python'
[0.493s] Level 1:colcon.colcon_core.package_identification:_identify(firmware/futbol_esp32/test) by extensions ['python_setup_py']
[0.493s] Level 1:colcon.colcon_core.package_identification:_identify(firmware/futbol_esp32/test) by extension 'python_setup_py'
[0.493s] Level 1:colcon.colcon_core.package_identification:_identify(install) by extensions ['ignore', 'ignore_ament_install']
[0.493s] Level 1:colcon.colcon_core.package_identification:_identify(install) by extension 'ignore'
[0.493s] Level 1:colcon.colcon_core.package_identification:_identify(install) ignored
[0.493s] Level 1:colcon.colcon_core.package_identification:_identify(log) by extensions ['ignore', 'ignore_ament_install']
[0.493s] Level 1:colcon.colcon_core.package_identification:_identify(log) by extension 'ignore'
[0.493s] Level 1:colcon.colcon_core.package_identification:_identify(log) ignored
[0.494s] Level 1:colcon.colcon_core.package_identification:_identify(src) by extensions ['ignore', 'ignore_ament_install']
[0.494s] Level 1:colcon.colcon_core.package_identification:_identify(src) by extension 'ignore'
[0.494s] Level 1:colcon.colcon_core.package_identification:_identify(src) by extension 'ignore_ament_install'
[0.494s] Level 1:colcon.colcon_core.package_identification:_identify(src) by extensions ['colcon_pkg']
[0.494s] Level 1:colcon.colcon_core.package_identification:_identify(src) by extension 'colcon_pkg'
[0.494s] Level 1:colcon.colcon_core.package_identification:_identify(src) by extensions ['colcon_meta']
[0.494s] Level 1:colcon.colcon_core.package_identification:_identify(src) by extension 'colcon_meta'
[0.494s] Level 1:colcon.colcon_core.package_identification:_identify(src) by extensions ['ros']
[0.494s] Level 1:colcon.colcon_core.package_identification:_identify(src) by extension 'ros'
[0.494s] Level 1:colcon.colcon_core.package_identification:_identify(src) by extensions ['cmake', 'python']
[0.494s] Level 1:colcon.colcon_core.package_identification:_identify(src) by extension 'cmake'
[0.494s] Level 1:colcon.colcon_core.package_identification:_identify(src) by extension 'python'
[0.494s] Level 1:colcon.colcon_core.package_identification:_identify(src) by extensions ['python_setup_py']
[0.494s] Level 1:colcon.colcon_core.package_identification:_identify(src) by extension 'python_setup_py'
[0.495s] Level 1:colcon.colcon_core.package_identification:_identify(src/futbol_robot) by extensions ['ignore', 'ignore_ament_install']
[0.495s] Level 1:colcon.colcon_core.package_identification:_identify(src/futbol_robot) by extension 'ignore'
[0.495s] Level 1:colcon.colcon_core.package_identification:_identify(src/futbol_robot) by extension 'ignore_ament_install'
[0.495s] Level 1:colcon.colcon_core.package_identification:_identify(src/futbol_robot) by extensions ['colcon_pkg']
[0.495s] Level 1:colcon.colcon_core.package_identification:_identify(src/futbol_robot) by extension 'colcon_pkg'
[0.495s] Level 1:colcon.colcon_core.package_identification:_identify(src/futbol_robot) by extensions ['colcon_meta']
[0.495s] Level 1:colcon.colcon_core.package_identification:_identify(src/futbol_robot) by extension 'colcon_meta'
[0.495s] Level 1:colcon.colcon_core.package_identification:_identify(src/futbol_robot) by extensions ['ros']
[0.495s] Level 1:colcon.colcon_core.package_identification:_identify(src/futbol_robot) by extension 'ros'
[0.499s] DEBUG:colcon.colcon_core.package_identification:Package 'src/futbol_robot' with type 'ros.ament_cmake' and name 'futbol_robot'
[0.499s] Level 1:colcon.colcon_core.package_identification:_identify(src/robot_museum) by extensions ['ignore', 'ignore_ament_install']
[0.499s] Level 1:colcon.colcon_core.package_identification:_identify(src/robot_museum) by extension 'ignore'
[0.499s] Level 1:colcon.colcon_core.package_identification:_identify(src/robot_museum) by extension 'ignore_ament_install'
[0.499s] Level 1:colcon.colcon_core.package_identification:_identify(src/robot_museum) by extensions ['colcon_pkg']
[0.499s] Level 1:colcon.colcon_core.package_identification:_identify(src/robot_museum) by extension 'colcon_pkg'
[0.499s] Level 1:colcon.colcon_core.package_identification:_identify(src/robot_museum) by extensions ['colcon_meta']
[0.499s] Level 1:colcon.colcon_core.package_identification:_identify(src/robot_museum) by extension 'colcon_meta'
[0.499s] Level 1:colcon.colcon_core.package_identification:_identify(src/robot_museum) by extensions ['ros']
[0.499s] Level 1:colcon.colcon_core.package_identification:_identify(src/robot_museum) by extension 'ros'
[0.501s] DEBUG:colcon.colcon_core.package_identification:Package 'src/robot_museum' with type 'ros.ament_python' and name 'robot_museum'
[0.501s] Level 1:colcon.colcon_core.package_identification:_identify(src/sumo_robot) by extensions ['ignore', 'ignore_ament_install']
[0.501s] Level 1:colcon.colcon_core.package_identification:_identify(src/sumo_robot) by extension 'ignore'
[0.501s] Level 1:colcon.colcon_core.package_identification:_identify(src/sumo_robot) by extension 'ignore_ament_install'
[0.501s] Level 1:colcon.colcon_core.package_identification:_identify(src/sumo_robot) by extensions ['colcon_pkg']
[0.501s] Level 1:colcon.colcon_core.package_identification:_identify(src/sumo_robot) by extension 'colcon_pkg'
[0.501s] Level 1:colcon.colcon_core.package_identification:_identify(src/sumo_robot) by extensions ['colcon_meta']
[0.501s] Level 1:colcon.colcon_core.package_identification:_identify(src/sumo_robot) by extension 'colcon_meta'
[0.501s] Level 1:colcon.colcon_core.package_identification:_identify(src/sumo_robot) by extensions ['ros']
[0.501s] Level 1:colcon.colcon_core.package_identification:_identify(src/sumo_robot) by extension 'ros'
[0.502s] DEBUG:colcon.colcon_core.package_identification:Package 'src/sumo_robot' with type 'ros.ament_cmake' and name 'sumo_robot'
[0.502s] Level 1:colcon.colcon_core.package_discovery:discover_packages(recursive) using defaults
[0.502s] Level 1:colcon.colcon_core.package_discovery:discover_packages(ignore) discover
[0.502s] Level 1:colcon.colcon_core.package_discovery:discover_packages(ignore) using defaults
[0.502s] Level 1:colcon.colcon_core.package_discovery:discover_packages(path) discover
[0.502s] Level 1:colcon.colcon_core.package_discovery:discover_packages(path) using defaults
[0.547s] INFO:colcon.colcon_core.package_selection:Skipping not selected package 'futbol_robot' in 'src/futbol_robot'
[0.547s] INFO:colcon.colcon_core.package_selection:Skipping not selected package 'sumo_robot' in 'src/sumo_robot'
[0.548s] Level 5:colcon.colcon_core.verb:set package 'robot_museum' build argument 'cmake_args' from command line to 'None'
[0.548s] Level 5:colcon.colcon_core.verb:set package 'robot_museum' build argument 'cmake_target' from command line to 'None'
[0.548s] Level 5:colcon.colcon_core.verb:set package 'robot_museum' build argument 'cmake_target_skip_unavailable' from command line to 'False'
[0.548s] Level 5:colcon.colcon_core.verb:set package 'robot_museum' build argument 'cmake_clean_cache' from command line to 'False'
[0.548s] Level 5:colcon.colcon_core.verb:set package 'robot_museum' build argument 'cmake_clean_first' from command line to 'False'
[0.548s] Level 5:colcon.colcon_core.verb:set package 'robot_museum' build argument 'cmake_force_configure' from command line to 'False'
[0.548s] Level 5:colcon.colcon_core.verb:set package 'robot_museum' build argument 'ament_cmake_args' from command line to 'None'
[0.548s] Level 5:colcon.colcon_core.verb:set package 'robot_museum' build argument 'catkin_cmake_args' from command line to 'None'
[0.548s] Level 5:colcon.colcon_core.verb:set package 'robot_museum' build argument 'catkin_skip_building_tests' from command line to 'False'
[0.548s] DEBUG:colcon.colcon_core.verb:Building package 'robot_museum' with the following arguments: {'ament_cmake_args': None, 'build_base': '/home/juampa/movil_s_f_ws/build/robot_museum', 'catkin_cmake_args': None, 'catkin_skip_building_tests': False, 'cmake_args': None, 'cmake_clean_cache': False, 'cmake_clean_first': False, 'cmake_force_configure': False, 'cmake_target': None, 'cmake_target_skip_unavailable': False, 'install_base': '/home/juampa/movil_s_f_ws/install/robot_museum', 'merge_install': False, 'path': '/home/juampa/movil_s_f_ws/src/robot_museum', 'symlink_install': False, 'test_result_base': None}
[0.548s] INFO:colcon.colcon_core.executor:Executing jobs using 'parallel' executor
[0.550s] DEBUG:colcon.colcon_parallel_executor.executor.parallel:run_until_complete
[0.550s] INFO:colcon.colcon_ros.task.ament_python.build:Building ROS package in '/home/juampa/movil_s_f_ws/src/robot_museum' with build type 'ament_python'
[0.550s] Level 1:colcon.colcon_core.shell:create_environment_hook('robot_museum', 'ament_prefix_path')
[0.555s] INFO:colcon.colcon_core.plugin_system:Skipping extension 'colcon_core.shell.bat': Not used on non-Windows systems
[0.555s] INFO:colcon.colcon_core.shell:Creating environment hook '/home/juampa/movil_s_f_ws/install/robot_museum/share/robot_museum/hook/ament_prefix_path.ps1'
[0.556s] INFO:colcon.colcon_core.shell:Creating environment descriptor '/home/juampa/movil_s_f_ws/install/robot_museum/share/robot_museum/hook/ament_prefix_path.dsv'
[0.557s] INFO:colcon.colcon_core.shell:Creating environment hook '/home/juampa/movil_s_f_ws/install/robot_museum/share/robot_museum/hook/ament_prefix_path.sh'
[0.558s] INFO:colcon.colcon_core.shell:Skip shell extension 'powershell' for command environment: Not usable outside of PowerShell
[0.558s] DEBUG:colcon.colcon_core.shell:Skip shell extension 'dsv' for command environment
[0.972s] INFO:colcon.colcon_core.task.python.build:Building Python package in '/home/juampa/movil_s_f_ws/src/robot_museum'
[0.973s] INFO:colcon.colcon_core.shell:Skip shell extension 'powershell' for command environment: Not usable outside of PowerShell
[0.973s] DEBUG:colcon.colcon_core.shell:Skip shell extension 'dsv' for command environment
[1.555s] DEBUG:colcon.colcon_core.event_handler.log_command:Invoking command in '/home/juampa/movil_s_f_ws/src/robot_museum': PYTHONPATH=/home/juampa/movil_s_f_ws/build/robot_museum/prefix_override:/home/juampa/.platformio/penv/lib/python3.10/site-packages/colcon_core/task/python/colcon_distutils_commands:/home/juampa/movil_s_f_ws/install/robot_museum/lib/python3.10/site-packages:${PYTHONPATH} /home/juampa/.platformio/penv/bin/python -W ignore:setup.py install is deprecated -W ignore:easy_install command is deprecated setup.py egg_info --egg-base ../../build/robot_museum build --build-base /home/juampa/movil_s_f_ws/build/robot_museum/build install --record /home/juampa/movil_s_f_ws/build/robot_museum/install.log --single-version-externally-managed install_data
[2.015s] DEBUG:colcon.colcon_core.event_handler.log_command:Invoked command in '/home/juampa/movil_s_f_ws/src/robot_museum' returned '0': PYTHONPATH=/home/juampa/movil_s_f_ws/build/robot_museum/prefix_override:/home/juampa/.platformio/penv/lib/python3.10/site-packages/colcon_core/task/python/colcon_distutils_commands:/home/juampa/movil_s_f_ws/install/robot_museum/lib/python3.10/site-packages:${PYTHONPATH} /home/juampa/.platformio/penv/bin/python -W ignore:setup.py install is deprecated -W ignore:easy_install command is deprecated setup.py egg_info --egg-base ../../build/robot_museum build --build-base /home/juampa/movil_s_f_ws/build/robot_museum/build install --record /home/juampa/movil_s_f_ws/build/robot_museum/install.log --single-version-externally-managed install_data
[2.022s] Level 1:colcon.colcon_core.environment:checking '/home/juampa/movil_s_f_ws/install/robot_museum' for CMake module files
[2.023s] Level 1:colcon.colcon_core.environment:checking '/home/juampa/movil_s_f_ws/install/robot_museum' for CMake config files
[2.026s] Level 1:colcon.colcon_core.environment:checking '/home/juampa/movil_s_f_ws/install/robot_museum/lib'
[2.027s] Level 1:colcon.colcon_core.environment:checking '/home/juampa/movil_s_f_ws/install/robot_museum/bin'
[2.027s] Level 1:colcon.colcon_core.environment:checking '/home/juampa/movil_s_f_ws/install/robot_museum/lib/pkgconfig/robot_museum.pc'
[2.028s] Level 1:colcon.colcon_core.environment:checking '/home/juampa/movil_s_f_ws/install/robot_museum/lib/python3.10/site-packages'
[2.028s] Level 1:colcon.colcon_core.shell:create_environment_hook('robot_museum', 'pythonpath')
[2.029s] INFO:colcon.colcon_core.shell:Creating environment hook '/home/juampa/movil_s_f_ws/install/robot_museum/share/robot_museum/hook/pythonpath.ps1'
[2.030s] INFO:colcon.colcon_core.shell:Creating environment descriptor '/home/juampa/movil_s_f_ws/install/robot_museum/share/robot_museum/hook/pythonpath.dsv'
[2.032s] INFO:colcon.colcon_core.shell:Creating environment hook '/home/juampa/movil_s_f_ws/install/robot_museum/share/robot_museum/hook/pythonpath.sh'
[2.033s] Level 1:colcon.colcon_core.environment:checking '/home/juampa/movil_s_f_ws/install/robot_museum/bin'
[2.034s] Level 1:colcon.colcon_core.environment:create_environment_scripts_only(robot_museum)
[2.034s] INFO:colcon.colcon_core.shell:Creating package script '/home/juampa/movil_s_f_ws/install/robot_museum/share/robot_museum/package.ps1'
[2.038s] INFO:colcon.colcon_core.shell:Creating package descriptor '/home/juampa/movil_s_f_ws/install/robot_museum/share/robot_museum/package.dsv'
[2.039s] INFO:colcon.colcon_core.shell:Creating package script '/home/juampa/movil_s_f_ws/install/robot_museum/share/robot_museum/package.sh'
[2.042s] INFO:colcon.colcon_core.shell:Creating package script '/home/juampa/movil_s_f_ws/install/robot_museum/share/robot_museum/package.bash'
[2.044s] INFO:colcon.colcon_core.shell:Creating package script '/home/juampa/movil_s_f_ws/install/robot_museum/share/robot_museum/package.zsh'
[2.045s] Level 1:colcon.colcon_core.environment:create_file_with_runtime_dependencies(/home/juampa/movil_s_f_ws/install/robot_museum/share/colcon-core/packages/robot_museum)
[2.046s] DEBUG:colcon.colcon_parallel_executor.executor.parallel:closing loop
[2.047s] DEBUG:colcon.colcon_parallel_executor.executor.parallel:loop closed
[2.047s] DEBUG:colcon.colcon_parallel_executor.executor.parallel:run_until_complete finished with '0'
[2.047s] DEBUG:colcon.colcon_core.event_reactor:joining thread
[2.051s] INFO:colcon.colcon_core.plugin_system:Skipping extension 'colcon_notification.desktop_notification.notify2': 'notify2' not found
[2.051s] INFO:colcon.colcon_core.plugin_system:Skipping extension 'colcon_notification.desktop_notification.terminal_notifier': Not used on non-Darwin systems
[2.052s] INFO:colcon.colcon_core.plugin_system:Skipping extension 'colcon_notification.desktop_notification.win32': Not used on non-Windows systems
[2.052s] INFO:colcon.colcon_notification.desktop_notification:Sending desktop notification using 'notify_send'
[2.085s] DEBUG:colcon.colcon_core.event_reactor:joined thread
[2.086s] INFO:colcon.colcon_core.shell:Creating prefix script '/home/juampa/movil_s_f_ws/install/local_setup.ps1'
[2.089s] INFO:colcon.colcon_core.shell:Creating prefix util module '/home/juampa/movil_s_f_ws/install/_local_setup_util_ps1.py'
[2.093s] INFO:colcon.colcon_core.shell:Creating prefix chain script '/home/juampa/movil_s_f_ws/install/setup.ps1'
[2.098s] INFO:colcon.colcon_core.shell:Creating prefix script '/home/juampa/movil_s_f_ws/install/local_setup.sh'
[2.100s] INFO:colcon.colcon_core.shell:Creating prefix util module '/home/juampa/movil_s_f_ws/install/_local_setup_util_sh.py'
[2.102s] INFO:colcon.colcon_core.shell:Creating prefix chain script '/home/juampa/movil_s_f_ws/install/setup.sh'
[2.106s] INFO:colcon.colcon_core.shell:Creating prefix script '/home/juampa/movil_s_f_ws/install/local_setup.bash'
[2.108s] INFO:colcon.colcon_core.shell:Creating prefix chain script '/home/juampa/movil_s_f_ws/install/setup.bash'
[2.112s] INFO:colcon.colcon_core.shell:Creating prefix script '/home/juampa/movil_s_f_ws/install/local_setup.zsh'
[2.113s] INFO:colcon.colcon_core.shell:Creating prefix chain script '/home/juampa/movil_s_f_ws/install/setup.zsh'
