[0.730s] Invoking command in '/home/juampa/movil_s_f_ws/src/robot_museum': PYTHONPATH=/home/juampa/movil_s_f_ws/build/robot_museum/prefix_override:/home/juampa/.platformio/penv/lib/python3.10/site-packages/colcon_core/task/python/colcon_distutils_commands:/home/juampa/movil_s_f_ws/install/robot_museum/lib/python3.10/site-packages:${PYTHONPATH} /home/juampa/.platformio/penv/bin/python -W ignore:setup.py install is deprecated -W ignore:easy_install command is deprecated setup.py egg_info --egg-base ../../build/robot_museum build --build-base /home/juampa/movil_s_f_ws/build/robot_museum/build install --record /home/juampa/movil_s_f_ws/build/robot_museum/install.log --single-version-externally-managed install_data
[1.027s] running egg_info
[1.028s] writing ../../build/robot_museum/robot_museum.egg-info/PKG-INFO
[1.028s] writing dependency_links to ../../build/robot_museum/robot_museum.egg-info/dependency_links.txt
[1.029s] writing entry points to ../../build/robot_museum/robot_museum.egg-info/entry_points.txt
[1.029s] writing requirements to ../../build/robot_museum/robot_museum.egg-info/requires.txt
[1.029s] writing top-level names to ../../build/robot_museum/robot_museum.egg-info/top_level.txt
[1.031s] reading manifest file '../../build/robot_museum/robot_museum.egg-info/SOURCES.txt'
[1.033s] writing manifest file '../../build/robot_museum/robot_museum.egg-info/SOURCES.txt'
[1.033s] running build
[1.033s] running build_py
[1.033s] running install
[1.034s] running install_lib
[1.035s] running install_data
[1.035s] copying config/joystick.yaml -> /home/juampa/movil_s_f_ws/install/robot_museum/share/robot_museum/config
[1.036s] running install_egg_info
[1.038s] removing '/home/juampa/movil_s_f_ws/install/robot_museum/lib/python3.10/site-packages/robot_museum-0.0.1-py3.10.egg-info' (and everything under it)
[1.038s] Copying ../../build/robot_museum/robot_museum.egg-info to /home/juampa/movil_s_f_ws/install/robot_museum/lib/python3.10/site-packages/robot_museum-0.0.1-py3.10.egg-info
[1.039s] running install_scripts
[1.065s] writing list of installed files to '/home/juampa/movil_s_f_ws/build/robot_museum/install.log'
[1.101s] Invoked command in '/home/juampa/movil_s_f_ws/src/robot_museum' returned '0': PYTHONPATH=/home/juampa/movil_s_f_ws/build/robot_museum/prefix_override:/home/juampa/.platformio/penv/lib/python3.10/site-packages/colcon_core/task/python/colcon_distutils_commands:/home/juampa/movil_s_f_ws/install/robot_museum/lib/python3.10/site-packages:${PYTHONPATH} /home/juampa/.platformio/penv/bin/python -W ignore:setup.py install is deprecated -W ignore:easy_install command is deprecated setup.py egg_info --egg-base ../../build/robot_museum build --build-base /home/juampa/movil_s_f_ws/build/robot_museum/build install --record /home/juampa/movil_s_f_ws/build/robot_museum/install.log --single-version-externally-managed install_data
