-- The C compiler identification is GNU 11.4.0
-- The CXX compiler identification is GNU 11.4.0
-- Detecting C compiler ABI info
-- Detecting C compiler ABI info - done
-- Check for working C compiler: /usr/bin/cc - skipped
-- Detecting C compile features
-- Detecting C compile features - done
-- Detecting CXX compiler ABI info
-- Detecting CXX compiler ABI info - done
-- Check for working CXX compiler: /usr/bin/c++ - skipped
-- Detecting CXX compile features
-- Detecting CXX compile features - done
-- Found ament_cmake: 1.3.14 (/opt/ros/humble/share/ament_cmake/cmake)
-- Found Python3: /home/juampa/.platformio/penv/bin/python3 (found version "3.10.12") found components: Interpreter 
-- Configuring done
-- Generating done
-- Build files have been written to: /home/juampa/movil_s_f_ws/build/futbol_robot
-- Install configuration: ""
-- Installing: /home/juampa/movil_s_f_ws/install/futbol_robot/share/futbol_robot/urdf
-- Installing: /home/juampa/movil_s_f_ws/install/futbol_robot/share/futbol_robot/urdf/futbol urdf.csv
-- Installing: /home/juampa/movil_s_f_ws/install/futbol_robot/share/futbol_robot/urdf/futbol_robot.urdf
-- Installing: /home/juampa/movil_s_f_ws/install/futbol_robot/share/futbol_robot/meshes
-- Installing: /home/juampa/movil_s_f_ws/install/futbol_robot/share/futbol_robot/meshes/base_link.STL
-- Installing: /home/juampa/movil_s_f_ws/install/futbol_robot/share/futbol_robot/meshes/servoizq_Link.STL
-- Installing: /home/juampa/movil_s_f_ws/install/futbol_robot/share/futbol_robot/meshes/ruedaizq_Link.STL
-- Installing: /home/juampa/movil_s_f_ws/install/futbol_robot/share/futbol_robot/meshes/ruedader_Link.STL
-- Installing: /home/juampa/movil_s_f_ws/install/futbol_robot/share/futbol_robot/meshes/servoder_Link.STL
-- Installing: /home/juampa/movil_s_f_ws/install/futbol_robot/share/futbol_robot/launch
-- Installing: /home/juampa/movil_s_f_ws/install/futbol_robot/share/futbol_robot/launch/gazebo.launch
-- Installing: /home/juampa/movil_s_f_ws/install/futbol_robot/share/futbol_robot/launch/futbol_gazebo.launch.py
-- Installing: /home/juampa/movil_s_f_ws/install/futbol_robot/share/futbol_robot/launch/display.launch
-- Installing: /home/juampa/movil_s_f_ws/install/futbol_robot/share/futbol_robot/config
-- Installing: /home/juampa/movil_s_f_ws/install/futbol_robot/share/futbol_robot/config/joint_names_futbol urdf.yaml
-- Installing: /home/juampa/movil_s_f_ws/install/futbol_robot/share/ament_index/resource_index/package_run_dependencies/futbol_robot
-- Installing: /home/juampa/movil_s_f_ws/install/futbol_robot/share/ament_index/resource_index/parent_prefix_path/futbol_robot
-- Installing: /home/juampa/movil_s_f_ws/install/futbol_robot/share/futbol_robot/environment/ament_prefix_path.sh
-- Installing: /home/juampa/movil_s_f_ws/install/futbol_robot/share/futbol_robot/environment/ament_prefix_path.dsv
-- Installing: /home/juampa/movil_s_f_ws/install/futbol_robot/share/futbol_robot/environment/path.sh
-- Installing: /home/juampa/movil_s_f_ws/install/futbol_robot/share/futbol_robot/environment/path.dsv
-- Installing: /home/juampa/movil_s_f_ws/install/futbol_robot/share/futbol_robot/local_setup.bash
-- Installing: /home/juampa/movil_s_f_ws/install/futbol_robot/share/futbol_robot/local_setup.sh
-- Installing: /home/juampa/movil_s_f_ws/install/futbol_robot/share/futbol_robot/local_setup.zsh
-- Installing: /home/juampa/movil_s_f_ws/install/futbol_robot/share/futbol_robot/local_setup.dsv
-- Installing: /home/juampa/movil_s_f_ws/install/futbol_robot/share/futbol_robot/package.dsv
-- Installing: /home/juampa/movil_s_f_ws/install/futbol_robot/share/ament_index/resource_index/packages/futbol_robot
-- Installing: /home/juampa/movil_s_f_ws/install/futbol_robot/share/futbol_robot/cmake/futbol_robotConfig.cmake
-- Installing: /home/juampa/movil_s_f_ws/install/futbol_robot/share/futbol_robot/cmake/futbol_robotConfig-version.cmake
-- Installing: /home/juampa/movil_s_f_ws/install/futbol_robot/share/futbol_robot/package.xml
