[0.024s] Invoking command in '/home/juampa/movil_s_f_ws/build/futbol_robot': CMAKE_PREFIX_PATH=${CMAKE_PREFIX_PATH}:/home/juampa/movil_s_f_ws/install/robot_museum:/home/juampa/lab_ws/install/robot1_gazebo:/home/juampa/lab_ws/install/lab2:/opt/ros/humble /usr/bin/cmake /home/juampa/movil_s_f_ws/src/futbol_robot -DCMAKE_INSTALL_PREFIX=/home/juampa/movil_s_f_ws/install/futbol_robot
[0.191s] -- The C compiler identification is GNU 11.4.0
[0.338s] -- The CXX compiler identification is GNU 11.4.0
[0.359s] -- Detecting C compiler ABI info
[0.479s] -- Detecting C compiler ABI info - done
[0.498s] -- Check for working C compiler: /usr/bin/cc - skipped
[0.498s] -- Detecting C compile features
[0.500s] -- Detecting C compile features - done
[0.509s] -- Detecting CXX compiler ABI info
[0.669s] -- Detecting CXX compiler ABI info - done
[0.682s] -- Check for working CXX compiler: /usr/bin/c++ - skipped
[0.682s] -- Detecting CXX compile features
[0.683s] -- Detecting CXX compile features - done
[0.689s] -- Found ament_cmake: 1.3.14 (/opt/ros/humble/share/ament_cmake/cmake)
[0.897s] -- Found Python3: /home/juampa/.platformio/penv/bin/python3 (found version "3.10.12") found components: Interpreter 
[1.216s] -- Configuring done
[1.220s] -- Generating done
[1.222s] -- Build files have been written to: /home/juampa/movil_s_f_ws/build/futbol_robot
[1.228s] Invoked command in '/home/juampa/movil_s_f_ws/build/futbol_robot' returned '0': CMAKE_PREFIX_PATH=${CMAKE_PREFIX_PATH}:/home/juampa/movil_s_f_ws/install/robot_museum:/home/juampa/lab_ws/install/robot1_gazebo:/home/juampa/lab_ws/install/lab2:/opt/ros/humble /usr/bin/cmake /home/juampa/movil_s_f_ws/src/futbol_robot -DCMAKE_INSTALL_PREFIX=/home/juampa/movil_s_f_ws/install/futbol_robot
[1.233s] Invoking command in '/home/juampa/movil_s_f_ws/build/futbol_robot': CMAKE_PREFIX_PATH=${CMAKE_PREFIX_PATH}:/home/juampa/movil_s_f_ws/install/robot_museum:/home/juampa/lab_ws/install/robot1_gazebo:/home/juampa/lab_ws/install/lab2:/opt/ros/humble /usr/bin/cmake --build /home/juampa/movil_s_f_ws/build/futbol_robot -- -j8 -l8
[1.314s] Invoked command in '/home/juampa/movil_s_f_ws/build/futbol_robot' returned '0': CMAKE_PREFIX_PATH=${CMAKE_PREFIX_PATH}:/home/juampa/movil_s_f_ws/install/robot_museum:/home/juampa/lab_ws/install/robot1_gazebo:/home/juampa/lab_ws/install/lab2:/opt/ros/humble /usr/bin/cmake --build /home/juampa/movil_s_f_ws/build/futbol_robot -- -j8 -l8
[1.340s] Invoking command in '/home/juampa/movil_s_f_ws/build/futbol_robot': CMAKE_PREFIX_PATH=${CMAKE_PREFIX_PATH}:/home/juampa/movil_s_f_ws/install/robot_museum:/home/juampa/lab_ws/install/robot1_gazebo:/home/juampa/lab_ws/install/lab2:/opt/ros/humble /usr/bin/cmake --install /home/juampa/movil_s_f_ws/build/futbol_robot
[1.350s] -- Install configuration: ""
[1.350s] -- Installing: /home/juampa/movil_s_f_ws/install/futbol_robot/share/futbol_robot/urdf
[1.351s] -- Installing: /home/juampa/movil_s_f_ws/install/futbol_robot/share/futbol_robot/urdf/futbol urdf.csv
[1.351s] -- Installing: /home/juampa/movil_s_f_ws/install/futbol_robot/share/futbol_robot/urdf/futbol_robot.urdf
[1.351s] -- Installing: /home/juampa/movil_s_f_ws/install/futbol_robot/share/futbol_robot/meshes
[1.351s] -- Installing: /home/juampa/movil_s_f_ws/install/futbol_robot/share/futbol_robot/meshes/base_link.STL
[1.358s] -- Installing: /home/juampa/movil_s_f_ws/install/futbol_robot/share/futbol_robot/meshes/servoizq_Link.STL
[1.358s] -- Installing: /home/juampa/movil_s_f_ws/install/futbol_robot/share/futbol_robot/meshes/ruedaizq_Link.STL
[1.358s] -- Installing: /home/juampa/movil_s_f_ws/install/futbol_robot/share/futbol_robot/meshes/ruedader_Link.STL
[1.359s] -- Installing: /home/juampa/movil_s_f_ws/install/futbol_robot/share/futbol_robot/meshes/servoder_Link.STL
[1.359s] -- Installing: /home/juampa/movil_s_f_ws/install/futbol_robot/share/futbol_robot/launch
[1.359s] -- Installing: /home/juampa/movil_s_f_ws/install/futbol_robot/share/futbol_robot/launch/gazebo.launch
[1.360s] -- Installing: /home/juampa/movil_s_f_ws/install/futbol_robot/share/futbol_robot/launch/futbol_gazebo.launch.py
[1.360s] -- Installing: /home/juampa/movil_s_f_ws/install/futbol_robot/share/futbol_robot/launch/display.launch
[1.360s] -- Installing: /home/juampa/movil_s_f_ws/install/futbol_robot/share/futbol_robot/config
[1.360s] -- Installing: /home/juampa/movil_s_f_ws/install/futbol_robot/share/futbol_robot/config/joint_names_futbol urdf.yaml
[1.360s] -- Installing: /home/juampa/movil_s_f_ws/install/futbol_robot/share/ament_index/resource_index/package_run_dependencies/futbol_robot
[1.361s] -- Installing: /home/juampa/movil_s_f_ws/install/futbol_robot/share/ament_index/resource_index/parent_prefix_path/futbol_robot
[1.361s] -- Installing: /home/juampa/movil_s_f_ws/install/futbol_robot/share/futbol_robot/environment/ament_prefix_path.sh
[1.361s] -- Installing: /home/juampa/movil_s_f_ws/install/futbol_robot/share/futbol_robot/environment/ament_prefix_path.dsv
[1.361s] -- Installing: /home/juampa/movil_s_f_ws/install/futbol_robot/share/futbol_robot/environment/path.sh
[1.362s] -- Installing: /home/juampa/movil_s_f_ws/install/futbol_robot/share/futbol_robot/environment/path.dsv
[1.362s] -- Installing: /home/juampa/movil_s_f_ws/install/futbol_robot/share/futbol_robot/local_setup.bash
[1.362s] -- Installing: /home/juampa/movil_s_f_ws/install/futbol_robot/share/futbol_robot/local_setup.sh
[1.362s] -- Installing: /home/juampa/movil_s_f_ws/install/futbol_robot/share/futbol_robot/local_setup.zsh
[1.362s] -- Installing: /home/juampa/movil_s_f_ws/install/futbol_robot/share/futbol_robot/local_setup.dsv
[1.363s] -- Installing: /home/juampa/movil_s_f_ws/install/futbol_robot/share/futbol_robot/package.dsv
[1.363s] -- Installing: /home/juampa/movil_s_f_ws/install/futbol_robot/share/ament_index/resource_index/packages/futbol_robot
[1.363s] -- Installing: /home/juampa/movil_s_f_ws/install/futbol_robot/share/futbol_robot/cmake/futbol_robotConfig.cmake
[1.363s] -- Installing: /home/juampa/movil_s_f_ws/install/futbol_robot/share/futbol_robot/cmake/futbol_robotConfig-version.cmake
[1.363s] -- Installing: /home/juampa/movil_s_f_ws/install/futbol_robot/share/futbol_robot/package.xml
[1.367s] Invoked command in '/home/juampa/movil_s_f_ws/build/futbol_robot' returned '0': CMAKE_PREFIX_PATH=${CMAKE_PREFIX_PATH}:/home/juampa/movil_s_f_ws/install/robot_museum:/home/juampa/lab_ws/install/robot1_gazebo:/home/juampa/lab_ws/install/lab2:/opt/ros/humble /usr/bin/cmake --install /home/juampa/movil_s_f_ws/build/futbol_robot
