[0.409s] DEBUG:colcon:Command line arguments: ['/home/juampa/.platformio/penv/bin/colcon', 'build', '--packages-select', 'sumo_robot']
[0.409s] DEBUG:colcon:Parsed command line arguments: Namespace(log_base=None, log_level=None, verb_name='build', build_base='build', install_base='install', merge_install=False, symlink_install=False, test_result_base=None, continue_on_error=False, executor='parallel', parallel_workers=8, event_handlers=None, ignore_user_meta=False, metas=['./colcon.meta'], base_paths=['.'], packages_ignore=None, packages_ignore_regex=None, paths=None, packages_up_to=None, packages_up_to_regex=None, packages_above=None, packages_above_and_dependencies=None, packages_above_depth=None, packages_select_by_dep=None, packages_skip_by_dep=None, packages_skip_up_to=None, packages_select_build_failed=False, packages_skip_build_finished=False, packages_select_test_failures=False, packages_skip_test_passed=False, packages_select=['sumo_robot'], packages_skip=None, packages_select_regex=None, packages_skip_regex=None, packages_start=None, packages_end=None, cmake_args=None, cmake_target=None, cmake_target_skip_unavailable=False, cmake_clean_cache=False, cmake_clean_first=False, cmake_force_configure=False, ament_cmake_args=None, catkin_cmake_args=None, catkin_skip_building_tests=False, verb_parser=<colcon_defaults.argument_parser.defaults.DefaultArgumentsDecorator object at 0x702158e58910>, verb_extension=<colcon_core.verb.build.BuildVerb object at 0x702158fc9000>, main=<bound method BuildVerb.main of <colcon_core.verb.build.BuildVerb object at 0x702158fc9000>>)
[0.758s] Level 1:colcon.colcon_core.package_discovery:discover_packages(colcon_meta) check parameters
[0.759s] Level 1:colcon.colcon_core.package_discovery:discover_packages(recursive) check parameters
[0.759s] Level 1:colcon.colcon_core.package_discovery:discover_packages(ignore) check parameters
[0.759s] Level 1:colcon.colcon_core.package_discovery:discover_packages(path) check parameters
[0.759s] Level 1:colcon.colcon_core.package_discovery:discover_packages(colcon_meta) discover
[0.759s] Level 1:colcon.colcon_core.package_discovery:discover_packages(recursive) discover
[0.759s] INFO:colcon.colcon_core.package_discovery:Crawling recursively for packages in '/home/juampa/movil_s_f_ws'
[0.759s] Level 1:colcon.colcon_core.package_identification:_identify(.) by extensions ['ignore', 'ignore_ament_install']
[0.760s] Level 1:colcon.colcon_core.package_identification:_identify(.) by extension 'ignore'
[0.760s] Level 1:colcon.colcon_core.package_identification:_identify(.) by extension 'ignore_ament_install'
[0.760s] Level 1:colcon.colcon_core.package_identification:_identify(.) by extensions ['colcon_pkg']
[0.760s] Level 1:colcon.colcon_core.package_identification:_identify(.) by extension 'colcon_pkg'
[0.760s] Level 1:colcon.colcon_core.package_identification:_identify(.) by extensions ['colcon_meta']
[0.760s] Level 1:colcon.colcon_core.package_identification:_identify(.) by extension 'colcon_meta'
[0.760s] Level 1:colcon.colcon_core.package_identification:_identify(.) by extensions ['ros']
[0.760s] Level 1:colcon.colcon_core.package_identification:_identify(.) by extension 'ros'
[0.846s] Level 1:colcon.colcon_core.package_identification:_identify(.) by extensions ['cmake', 'python']
[0.846s] Level 1:colcon.colcon_core.package_identification:_identify(.) by extension 'cmake'
[0.846s] Level 1:colcon.colcon_core.package_identification:_identify(.) by extension 'python'
[0.846s] Level 1:colcon.colcon_core.package_identification:_identify(.) by extensions ['python_setup_py']
[0.846s] Level 1:colcon.colcon_core.package_identification:_identify(.) by extension 'python_setup_py'
[0.847s] Level 1:colcon.colcon_core.package_identification:_identify(build) by extensions ['ignore', 'ignore_ament_install']
[0.847s] Level 1:colcon.colcon_core.package_identification:_identify(build) by extension 'ignore'
[0.847s] Level 1:colcon.colcon_core.package_identification:_identify(build) ignored
[0.847s] Level 1:colcon.colcon_core.package_identification:_identify(firmware) by extensions ['ignore', 'ignore_ament_install']
[0.848s] Level 1:colcon.colcon_core.package_identification:_identify(firmware) by extension 'ignore'
[0.848s] Level 1:colcon.colcon_core.package_identification:_identify(firmware) by extension 'ignore_ament_install'
[0.848s] Level 1:colcon.colcon_core.package_identification:_identify(firmware) by extensions ['colcon_pkg']
[0.848s] Level 1:colcon.colcon_core.package_identification:_identify(firmware) by extension 'colcon_pkg'
[0.848s] Level 1:colcon.colcon_core.package_identification:_identify(firmware) by extensions ['colcon_meta']
[0.848s] Level 1:colcon.colcon_core.package_identification:_identify(firmware) by extension 'colcon_meta'
[0.848s] Level 1:colcon.colcon_core.package_identification:_identify(firmware) by extensions ['ros']
[0.848s] Level 1:colcon.colcon_core.package_identification:_identify(firmware) by extension 'ros'
[0.848s] Level 1:colcon.colcon_core.package_identification:_identify(firmware) by extensions ['cmake', 'python']
[0.849s] Level 1:colcon.colcon_core.package_identification:_identify(firmware) by extension 'cmake'
[0.849s] Level 1:colcon.colcon_core.package_identification:_identify(firmware) by extension 'python'
[0.849s] Level 1:colcon.colcon_core.package_identification:_identify(firmware) by extensions ['python_setup_py']
[0.849s] Level 1:colcon.colcon_core.package_identification:_identify(firmware) by extension 'python_setup_py'
[0.849s] Level 1:colcon.colcon_core.package_identification:_identify(firmware/futbol_esp32) by extensions ['ignore', 'ignore_ament_install']
[0.849s] Level 1:colcon.colcon_core.package_identification:_identify(firmware/futbol_esp32) by extension 'ignore'
[0.850s] Level 1:colcon.colcon_core.package_identification:_identify(firmware/futbol_esp32) by extension 'ignore_ament_install'
[0.850s] Level 1:colcon.colcon_core.package_identification:_identify(firmware/futbol_esp32) by extensions ['colcon_pkg']
[0.850s] Level 1:colcon.colcon_core.package_identification:_identify(firmware/futbol_esp32) by extension 'colcon_pkg'
[0.850s] Level 1:colcon.colcon_core.package_identification:_identify(firmware/futbol_esp32) by extensions ['colcon_meta']
[0.850s] Level 1:colcon.colcon_core.package_identification:_identify(firmware/futbol_esp32) by extension 'colcon_meta'
[0.850s] Level 1:colcon.colcon_core.package_identification:_identify(firmware/futbol_esp32) by extensions ['ros']
[0.850s] Level 1:colcon.colcon_core.package_identification:_identify(firmware/futbol_esp32) by extension 'ros'
[0.850s] Level 1:colcon.colcon_core.package_identification:_identify(firmware/futbol_esp32) by extensions ['cmake', 'python']
[0.850s] Level 1:colcon.colcon_core.package_identification:_identify(firmware/futbol_esp32) by extension 'cmake'
[0.850s] Level 1:colcon.colcon_core.package_identification:_identify(firmware/futbol_esp32) by extension 'python'
[0.851s] Level 1:colcon.colcon_core.package_identification:_identify(firmware/futbol_esp32) by extensions ['python_setup_py']
[0.851s] Level 1:colcon.colcon_core.package_identification:_identify(firmware/futbol_esp32) by extension 'python_setup_py'
[0.851s] Level 1:colcon.colcon_core.package_identification:_identify(firmware/futbol_esp32/include) by extensions ['ignore', 'ignore_ament_install']
[0.852s] Level 1:colcon.colcon_core.package_identification:_identify(firmware/futbol_esp32/include) by extension 'ignore'
[0.852s] Level 1:colcon.colcon_core.package_identification:_identify(firmware/futbol_esp32/include) by extension 'ignore_ament_install'
[0.852s] Level 1:colcon.colcon_core.package_identification:_identify(firmware/futbol_esp32/include) by extensions ['colcon_pkg']
[0.852s] Level 1:colcon.colcon_core.package_identification:_identify(firmware/futbol_esp32/include) by extension 'colcon_pkg'
[0.852s] Level 1:colcon.colcon_core.package_identification:_identify(firmware/futbol_esp32/include) by extensions ['colcon_meta']
[0.852s] Level 1:colcon.colcon_core.package_identification:_identify(firmware/futbol_esp32/include) by extension 'colcon_meta'
[0.852s] Level 1:colcon.colcon_core.package_identification:_identify(firmware/futbol_esp32/include) by extensions ['ros']
[0.852s] Level 1:colcon.colcon_core.package_identification:_identify(firmware/futbol_esp32/include) by extension 'ros'
[0.853s] Level 1:colcon.colcon_core.package_identification:_identify(firmware/futbol_esp32/include) by extensions ['cmake', 'python']
[0.853s] Level 1:colcon.colcon_core.package_identification:_identify(firmware/futbol_esp32/include) by extension 'cmake'
[0.853s] Level 1:colcon.colcon_core.package_identification:_identify(firmware/futbol_esp32/include) by extension 'python'
[0.853s] Level 1:colcon.colcon_core.package_identification:_identify(firmware/futbol_esp32/include) by extensions ['python_setup_py']
[0.853s] Level 1:colcon.colcon_core.package_identification:_identify(firmware/futbol_esp32/include) by extension 'python_setup_py'
[0.854s] Level 1:colcon.colcon_core.package_identification:_identify(firmware/futbol_esp32/lib) by extensions ['ignore', 'ignore_ament_install']
[0.854s] Level 1:colcon.colcon_core.package_identification:_identify(firmware/futbol_esp32/lib) by extension 'ignore'
[0.854s] Level 1:colcon.colcon_core.package_identification:_identify(firmware/futbol_esp32/lib) by extension 'ignore_ament_install'
[0.854s] Level 1:colcon.colcon_core.package_identification:_identify(firmware/futbol_esp32/lib) by extensions ['colcon_pkg']
[0.854s] Level 1:colcon.colcon_core.package_identification:_identify(firmware/futbol_esp32/lib) by extension 'colcon_pkg'
[0.854s] Level 1:colcon.colcon_core.package_identification:_identify(firmware/futbol_esp32/lib) by extensions ['colcon_meta']
[0.855s] Level 1:colcon.colcon_core.package_identification:_identify(firmware/futbol_esp32/lib) by extension 'colcon_meta'
[0.855s] Level 1:colcon.colcon_core.package_identification:_identify(firmware/futbol_esp32/lib) by extensions ['ros']
[0.855s] Level 1:colcon.colcon_core.package_identification:_identify(firmware/futbol_esp32/lib) by extension 'ros'
[0.855s] Level 1:colcon.colcon_core.package_identification:_identify(firmware/futbol_esp32/lib) by extensions ['cmake', 'python']
[0.855s] Level 1:colcon.colcon_core.package_identification:_identify(firmware/futbol_esp32/lib) by extension 'cmake'
[0.855s] Level 1:colcon.colcon_core.package_identification:_identify(firmware/futbol_esp32/lib) by extension 'python'
[0.855s] Level 1:colcon.colcon_core.package_identification:_identify(firmware/futbol_esp32/lib) by extensions ['python_setup_py']
[0.855s] Level 1:colcon.colcon_core.package_identification:_identify(firmware/futbol_esp32/lib) by extension 'python_setup_py'
[0.856s] Level 1:colcon.colcon_core.package_identification:_identify(firmware/futbol_esp32/src) by extensions ['ignore', 'ignore_ament_install']
[0.856s] Level 1:colcon.colcon_core.package_identification:_identify(firmware/futbol_esp32/src) by extension 'ignore'
[0.856s] Level 1:colcon.colcon_core.package_identification:_identify(firmware/futbol_esp32/src) by extension 'ignore_ament_install'
[0.856s] Level 1:colcon.colcon_core.package_identification:_identify(firmware/futbol_esp32/src) by extensions ['colcon_pkg']
[0.856s] Level 1:colcon.colcon_core.package_identification:_identify(firmware/futbol_esp32/src) by extension 'colcon_pkg'
[0.856s] Level 1:colcon.colcon_core.package_identification:_identify(firmware/futbol_esp32/src) by extensions ['colcon_meta']
[0.856s] Level 1:colcon.colcon_core.package_identification:_identify(firmware/futbol_esp32/src) by extension 'colcon_meta'
[0.856s] Level 1:colcon.colcon_core.package_identification:_identify(firmware/futbol_esp32/src) by extensions ['ros']
[0.857s] Level 1:colcon.colcon_core.package_identification:_identify(firmware/futbol_esp32/src) by extension 'ros'
[0.857s] Level 1:colcon.colcon_core.package_identification:_identify(firmware/futbol_esp32/src) by extensions ['cmake', 'python']
[0.857s] Level 1:colcon.colcon_core.package_identification:_identify(firmware/futbol_esp32/src) by extension 'cmake'
[0.857s] Level 1:colcon.colcon_core.package_identification:_identify(firmware/futbol_esp32/src) by extension 'python'
[0.857s] Level 1:colcon.colcon_core.package_identification:_identify(firmware/futbol_esp32/src) by extensions ['python_setup_py']
[0.857s] Level 1:colcon.colcon_core.package_identification:_identify(firmware/futbol_esp32/src) by extension 'python_setup_py'
[0.858s] Level 1:colcon.colcon_core.package_identification:_identify(firmware/futbol_esp32/test) by extensions ['ignore', 'ignore_ament_install']
[0.858s] Level 1:colcon.colcon_core.package_identification:_identify(firmware/futbol_esp32/test) by extension 'ignore'
[0.858s] Level 1:colcon.colcon_core.package_identification:_identify(firmware/futbol_esp32/test) by extension 'ignore_ament_install'
[0.858s] Level 1:colcon.colcon_core.package_identification:_identify(firmware/futbol_esp32/test) by extensions ['colcon_pkg']
[0.858s] Level 1:colcon.colcon_core.package_identification:_identify(firmware/futbol_esp32/test) by extension 'colcon_pkg'
[0.858s] Level 1:colcon.colcon_core.package_identification:_identify(firmware/futbol_esp32/test) by extensions ['colcon_meta']
[0.858s] Level 1:colcon.colcon_core.package_identification:_identify(firmware/futbol_esp32/test) by extension 'colcon_meta'
[0.858s] Level 1:colcon.colcon_core.package_identification:_identify(firmware/futbol_esp32/test) by extensions ['ros']
[0.859s] Level 1:colcon.colcon_core.package_identification:_identify(firmware/futbol_esp32/test) by extension 'ros'
[0.859s] Level 1:colcon.colcon_core.package_identification:_identify(firmware/futbol_esp32/test) by extensions ['cmake', 'python']
[0.859s] Level 1:colcon.colcon_core.package_identification:_identify(firmware/futbol_esp32/test) by extension 'cmake'
[0.859s] Level 1:colcon.colcon_core.package_identification:_identify(firmware/futbol_esp32/test) by extension 'python'
[0.859s] Level 1:colcon.colcon_core.package_identification:_identify(firmware/futbol_esp32/test) by extensions ['python_setup_py']
[0.859s] Level 1:colcon.colcon_core.package_identification:_identify(firmware/futbol_esp32/test) by extension 'python_setup_py'
[0.859s] Level 1:colcon.colcon_core.package_identification:_identify(firmware/sumo_esp32) by extensions ['ignore', 'ignore_ament_install']
[0.860s] Level 1:colcon.colcon_core.package_identification:_identify(firmware/sumo_esp32) by extension 'ignore'
[0.860s] Level 1:colcon.colcon_core.package_identification:_identify(firmware/sumo_esp32) by extension 'ignore_ament_install'
[0.860s] Level 1:colcon.colcon_core.package_identification:_identify(firmware/sumo_esp32) by extensions ['colcon_pkg']
[0.860s] Level 1:colcon.colcon_core.package_identification:_identify(firmware/sumo_esp32) by extension 'colcon_pkg'
[0.860s] Level 1:colcon.colcon_core.package_identification:_identify(firmware/sumo_esp32) by extensions ['colcon_meta']
[0.860s] Level 1:colcon.colcon_core.package_identification:_identify(firmware/sumo_esp32) by extension 'colcon_meta'
[0.860s] Level 1:colcon.colcon_core.package_identification:_identify(firmware/sumo_esp32) by extensions ['ros']
[0.860s] Level 1:colcon.colcon_core.package_identification:_identify(firmware/sumo_esp32) by extension 'ros'
[0.860s] Level 1:colcon.colcon_core.package_identification:_identify(firmware/sumo_esp32) by extensions ['cmake', 'python']
[0.860s] Level 1:colcon.colcon_core.package_identification:_identify(firmware/sumo_esp32) by extension 'cmake'
[0.860s] Level 1:colcon.colcon_core.package_identification:_identify(firmware/sumo_esp32) by extension 'python'
[0.861s] Level 1:colcon.colcon_core.package_identification:_identify(firmware/sumo_esp32) by extensions ['python_setup_py']
[0.861s] Level 1:colcon.colcon_core.package_identification:_identify(firmware/sumo_esp32) by extension 'python_setup_py'
[0.861s] Level 1:colcon.colcon_core.package_identification:_identify(firmware/sumo_esp32/src) by extensions ['ignore', 'ignore_ament_install']
[0.861s] Level 1:colcon.colcon_core.package_identification:_identify(firmware/sumo_esp32/src) by extension 'ignore'
[0.861s] Level 1:colcon.colcon_core.package_identification:_identify(firmware/sumo_esp32/src) by extension 'ignore_ament_install'
[0.861s] Level 1:colcon.colcon_core.package_identification:_identify(firmware/sumo_esp32/src) by extensions ['colcon_pkg']
[0.861s] Level 1:colcon.colcon_core.package_identification:_identify(firmware/sumo_esp32/src) by extension 'colcon_pkg'
[0.861s] Level 1:colcon.colcon_core.package_identification:_identify(firmware/sumo_esp32/src) by extensions ['colcon_meta']
[0.861s] Level 1:colcon.colcon_core.package_identification:_identify(firmware/sumo_esp32/src) by extension 'colcon_meta'
[0.862s] Level 1:colcon.colcon_core.package_identification:_identify(firmware/sumo_esp32/src) by extensions ['ros']
[0.862s] Level 1:colcon.colcon_core.package_identification:_identify(firmware/sumo_esp32/src) by extension 'ros'
[0.862s] Level 1:colcon.colcon_core.package_identification:_identify(firmware/sumo_esp32/src) by extensions ['cmake', 'python']
[0.862s] Level 1:colcon.colcon_core.package_identification:_identify(firmware/sumo_esp32/src) by extension 'cmake'
[0.862s] Level 1:colcon.colcon_core.package_identification:_identify(firmware/sumo_esp32/src) by extension 'python'
[0.862s] Level 1:colcon.colcon_core.package_identification:_identify(firmware/sumo_esp32/src) by extensions ['python_setup_py']
[0.862s] Level 1:colcon.colcon_core.package_identification:_identify(firmware/sumo_esp32/src) by extension 'python_setup_py'
[0.863s] Level 1:colcon.colcon_core.package_identification:_identify(install) by extensions ['ignore', 'ignore_ament_install']
[0.863s] Level 1:colcon.colcon_core.package_identification:_identify(install) by extension 'ignore'
[0.863s] Level 1:colcon.colcon_core.package_identification:_identify(install) ignored
[0.864s] Level 1:colcon.colcon_core.package_identification:_identify(log) by extensions ['ignore', 'ignore_ament_install']
[0.864s] Level 1:colcon.colcon_core.package_identification:_identify(log) by extension 'ignore'
[0.864s] Level 1:colcon.colcon_core.package_identification:_identify(log) ignored
[0.864s] Level 1:colcon.colcon_core.package_identification:_identify(src) by extensions ['ignore', 'ignore_ament_install']
[0.864s] Level 1:colcon.colcon_core.package_identification:_identify(src) by extension 'ignore'
[0.865s] Level 1:colcon.colcon_core.package_identification:_identify(src) by extension 'ignore_ament_install'
[0.865s] Level 1:colcon.colcon_core.package_identification:_identify(src) by extensions ['colcon_pkg']
[0.865s] Level 1:colcon.colcon_core.package_identification:_identify(src) by extension 'colcon_pkg'
[0.865s] Level 1:colcon.colcon_core.package_identification:_identify(src) by extensions ['colcon_meta']
[0.865s] Level 1:colcon.colcon_core.package_identification:_identify(src) by extension 'colcon_meta'
[0.865s] Level 1:colcon.colcon_core.package_identification:_identify(src) by extensions ['ros']
[0.865s] Level 1:colcon.colcon_core.package_identification:_identify(src) by extension 'ros'
[0.865s] Level 1:colcon.colcon_core.package_identification:_identify(src) by extensions ['cmake', 'python']
[0.866s] Level 1:colcon.colcon_core.package_identification:_identify(src) by extension 'cmake'
[0.866s] Level 1:colcon.colcon_core.package_identification:_identify(src) by extension 'python'
[0.866s] Level 1:colcon.colcon_core.package_identification:_identify(src) by extensions ['python_setup_py']
[0.866s] Level 1:colcon.colcon_core.package_identification:_identify(src) by extension 'python_setup_py'
[0.866s] Level 1:colcon.colcon_core.package_identification:_identify(src/futbol_robot) by extensions ['ignore', 'ignore_ament_install']
[0.867s] Level 1:colcon.colcon_core.package_identification:_identify(src/futbol_robot) by extension 'ignore'
[0.867s] Level 1:colcon.colcon_core.package_identification:_identify(src/futbol_robot) by extension 'ignore_ament_install'
[0.868s] Level 1:colcon.colcon_core.package_identification:_identify(src/futbol_robot) by extensions ['colcon_pkg']
[0.868s] Level 1:colcon.colcon_core.package_identification:_identify(src/futbol_robot) by extension 'colcon_pkg'
[0.868s] Level 1:colcon.colcon_core.package_identification:_identify(src/futbol_robot) by extensions ['colcon_meta']
[0.868s] Level 1:colcon.colcon_core.package_identification:_identify(src/futbol_robot) by extension 'colcon_meta'
[0.868s] Level 1:colcon.colcon_core.package_identification:_identify(src/futbol_robot) by extensions ['ros']
[0.868s] Level 1:colcon.colcon_core.package_identification:_identify(src/futbol_robot) by extension 'ros'
[0.878s] DEBUG:colcon.colcon_core.package_identification:Package 'src/futbol_robot' with type 'ros.ament_cmake' and name 'futbol_robot'
[0.879s] Level 1:colcon.colcon_core.package_identification:_identify(src/micro_ros_agent) by extensions ['ignore', 'ignore_ament_install']
[0.879s] Level 1:colcon.colcon_core.package_identification:_identify(src/micro_ros_agent) by extension 'ignore'
[0.879s] Level 1:colcon.colcon_core.package_identification:_identify(src/micro_ros_agent) by extension 'ignore_ament_install'
[0.880s] Level 1:colcon.colcon_core.package_identification:_identify(src/micro_ros_agent) by extensions ['colcon_pkg']
[0.880s] Level 1:colcon.colcon_core.package_identification:_identify(src/micro_ros_agent) by extension 'colcon_pkg'
[0.880s] Level 1:colcon.colcon_core.package_identification:_identify(src/micro_ros_agent) by extensions ['colcon_meta']
[0.880s] Level 1:colcon.colcon_core.package_identification:_identify(src/micro_ros_agent) by extension 'colcon_meta'
[0.880s] Level 1:colcon.colcon_core.package_identification:_identify(src/micro_ros_agent) by extensions ['ros']
[0.880s] Level 1:colcon.colcon_core.package_identification:_identify(src/micro_ros_agent) by extension 'ros'
[0.880s] Level 1:colcon.colcon_core.package_identification:_identify(src/micro_ros_agent) by extensions ['cmake', 'python']
[0.881s] Level 1:colcon.colcon_core.package_identification:_identify(src/micro_ros_agent) by extension 'cmake'
[0.881s] Level 1:colcon.colcon_core.package_identification:_identify(src/micro_ros_agent) by extension 'python'
[0.881s] Level 1:colcon.colcon_core.package_identification:_identify(src/micro_ros_agent) by extensions ['python_setup_py']
[0.881s] Level 1:colcon.colcon_core.package_identification:_identify(src/micro_ros_agent) by extension 'python_setup_py'
[0.881s] Level 1:colcon.colcon_core.package_identification:_identify(src/micro_ros_agent/micro_ros_agent) by extensions ['ignore', 'ignore_ament_install']
[0.882s] Level 1:colcon.colcon_core.package_identification:_identify(src/micro_ros_agent/micro_ros_agent) by extension 'ignore'
[0.882s] Level 1:colcon.colcon_core.package_identification:_identify(src/micro_ros_agent/micro_ros_agent) by extension 'ignore_ament_install'
[0.882s] Level 1:colcon.colcon_core.package_identification:_identify(src/micro_ros_agent/micro_ros_agent) by extensions ['colcon_pkg']
[0.882s] Level 1:colcon.colcon_core.package_identification:_identify(src/micro_ros_agent/micro_ros_agent) by extension 'colcon_pkg'
[0.882s] Level 1:colcon.colcon_core.package_identification:_identify(src/micro_ros_agent/micro_ros_agent) by extensions ['colcon_meta']
[0.882s] Level 1:colcon.colcon_core.package_identification:_identify(src/micro_ros_agent/micro_ros_agent) by extension 'colcon_meta'
[0.882s] Level 1:colcon.colcon_core.package_identification:_identify(src/micro_ros_agent/micro_ros_agent) by extensions ['ros']
[0.882s] Level 1:colcon.colcon_core.package_identification:_identify(src/micro_ros_agent/micro_ros_agent) by extension 'ros'
[0.886s] DEBUG:colcon.colcon_core.package_identification:Package 'src/micro_ros_agent/micro_ros_agent' with type 'ros.ament_cmake' and name 'micro_ros_agent'
[0.887s] Level 1:colcon.colcon_core.package_identification:_identify(src/micro_ros_agent/snap) by extensions ['ignore', 'ignore_ament_install']
[0.887s] Level 1:colcon.colcon_core.package_identification:_identify(src/micro_ros_agent/snap) by extension 'ignore'
[0.887s] Level 1:colcon.colcon_core.package_identification:_identify(src/micro_ros_agent/snap) by extension 'ignore_ament_install'
[0.887s] Level 1:colcon.colcon_core.package_identification:_identify(src/micro_ros_agent/snap) by extensions ['colcon_pkg']
[0.887s] Level 1:colcon.colcon_core.package_identification:_identify(src/micro_ros_agent/snap) by extension 'colcon_pkg'
[0.887s] Level 1:colcon.colcon_core.package_identification:_identify(src/micro_ros_agent/snap) by extensions ['colcon_meta']
[0.887s] Level 1:colcon.colcon_core.package_identification:_identify(src/micro_ros_agent/snap) by extension 'colcon_meta'
[0.888s] Level 1:colcon.colcon_core.package_identification:_identify(src/micro_ros_agent/snap) by extensions ['ros']
[0.888s] Level 1:colcon.colcon_core.package_identification:_identify(src/micro_ros_agent/snap) by extension 'ros'
[0.888s] Level 1:colcon.colcon_core.package_identification:_identify(src/micro_ros_agent/snap) by extensions ['cmake', 'python']
[0.888s] Level 1:colcon.colcon_core.package_identification:_identify(src/micro_ros_agent/snap) by extension 'cmake'
[0.888s] Level 1:colcon.colcon_core.package_identification:_identify(src/micro_ros_agent/snap) by extension 'python'
[0.888s] Level 1:colcon.colcon_core.package_identification:_identify(src/micro_ros_agent/snap) by extensions ['python_setup_py']
[0.888s] Level 1:colcon.colcon_core.package_identification:_identify(src/micro_ros_agent/snap) by extension 'python_setup_py'
[0.889s] Level 1:colcon.colcon_core.package_identification:_identify(src/micro_ros_agent/snap/hooks) by extensions ['ignore', 'ignore_ament_install']
[0.889s] Level 1:colcon.colcon_core.package_identification:_identify(src/micro_ros_agent/snap/hooks) by extension 'ignore'
[0.889s] Level 1:colcon.colcon_core.package_identification:_identify(src/micro_ros_agent/snap/hooks) by extension 'ignore_ament_install'
[0.889s] Level 1:colcon.colcon_core.package_identification:_identify(src/micro_ros_agent/snap/hooks) by extensions ['colcon_pkg']
[0.889s] Level 1:colcon.colcon_core.package_identification:_identify(src/micro_ros_agent/snap/hooks) by extension 'colcon_pkg'
[0.890s] Level 1:colcon.colcon_core.package_identification:_identify(src/micro_ros_agent/snap/hooks) by extensions ['colcon_meta']
[0.890s] Level 1:colcon.colcon_core.package_identification:_identify(src/micro_ros_agent/snap/hooks) by extension 'colcon_meta'
[0.890s] Level 1:colcon.colcon_core.package_identification:_identify(src/micro_ros_agent/snap/hooks) by extensions ['ros']
[0.890s] Level 1:colcon.colcon_core.package_identification:_identify(src/micro_ros_agent/snap/hooks) by extension 'ros'
[0.890s] Level 1:colcon.colcon_core.package_identification:_identify(src/micro_ros_agent/snap/hooks) by extensions ['cmake', 'python']
[0.890s] Level 1:colcon.colcon_core.package_identification:_identify(src/micro_ros_agent/snap/hooks) by extension 'cmake'
[0.891s] Level 1:colcon.colcon_core.package_identification:_identify(src/micro_ros_agent/snap/hooks) by extension 'python'
[0.891s] Level 1:colcon.colcon_core.package_identification:_identify(src/micro_ros_agent/snap/hooks) by extensions ['python_setup_py']
[0.891s] Level 1:colcon.colcon_core.package_identification:_identify(src/micro_ros_agent/snap/hooks) by extension 'python_setup_py'
[0.892s] Level 1:colcon.colcon_core.package_identification:_identify(src/micro_ros_agent/snap/local) by extensions ['ignore', 'ignore_ament_install']
[0.892s] Level 1:colcon.colcon_core.package_identification:_identify(src/micro_ros_agent/snap/local) by extension 'ignore'
[0.892s] Level 1:colcon.colcon_core.package_identification:_identify(src/micro_ros_agent/snap/local) by extension 'ignore_ament_install'
[0.892s] Level 1:colcon.colcon_core.package_identification:_identify(src/micro_ros_agent/snap/local) by extensions ['colcon_pkg']
[0.892s] Level 1:colcon.colcon_core.package_identification:_identify(src/micro_ros_agent/snap/local) by extension 'colcon_pkg'
[0.892s] Level 1:colcon.colcon_core.package_identification:_identify(src/micro_ros_agent/snap/local) by extensions ['colcon_meta']
[0.892s] Level 1:colcon.colcon_core.package_identification:_identify(src/micro_ros_agent/snap/local) by extension 'colcon_meta'
[0.893s] Level 1:colcon.colcon_core.package_identification:_identify(src/micro_ros_agent/snap/local) by extensions ['ros']
[0.893s] Level 1:colcon.colcon_core.package_identification:_identify(src/micro_ros_agent/snap/local) by extension 'ros'
[0.893s] Level 1:colcon.colcon_core.package_identification:_identify(src/micro_ros_agent/snap/local) by extensions ['cmake', 'python']
[0.893s] Level 1:colcon.colcon_core.package_identification:_identify(src/micro_ros_agent/snap/local) by extension 'cmake'
[0.893s] Level 1:colcon.colcon_core.package_identification:_identify(src/micro_ros_agent/snap/local) by extension 'python'
[0.893s] Level 1:colcon.colcon_core.package_identification:_identify(src/micro_ros_agent/snap/local) by extensions ['python_setup_py']
[0.893s] Level 1:colcon.colcon_core.package_identification:_identify(src/micro_ros_agent/snap/local) by extension 'python_setup_py'
[0.894s] Level 1:colcon.colcon_core.package_identification:_identify(src/robot_museum) by extensions ['ignore', 'ignore_ament_install']
[0.894s] Level 1:colcon.colcon_core.package_identification:_identify(src/robot_museum) by extension 'ignore'
[0.894s] Level 1:colcon.colcon_core.package_identification:_identify(src/robot_museum) by extension 'ignore_ament_install'
[0.894s] Level 1:colcon.colcon_core.package_identification:_identify(src/robot_museum) by extensions ['colcon_pkg']
[0.894s] Level 1:colcon.colcon_core.package_identification:_identify(src/robot_museum) by extension 'colcon_pkg'
[0.894s] Level 1:colcon.colcon_core.package_identification:_identify(src/robot_museum) by extensions ['colcon_meta']
[0.894s] Level 1:colcon.colcon_core.package_identification:_identify(src/robot_museum) by extension 'colcon_meta'
[0.894s] Level 1:colcon.colcon_core.package_identification:_identify(src/robot_museum) by extensions ['ros']
[0.894s] Level 1:colcon.colcon_core.package_identification:_identify(src/robot_museum) by extension 'ros'
[0.896s] DEBUG:colcon.colcon_core.package_identification:Package 'src/robot_museum' with type 'ros.ament_python' and name 'robot_museum'
[0.897s] Level 1:colcon.colcon_core.package_identification:_identify(src/sumo_robot) by extensions ['ignore', 'ignore_ament_install']
[0.897s] Level 1:colcon.colcon_core.package_identification:_identify(src/sumo_robot) by extension 'ignore'
[0.897s] Level 1:colcon.colcon_core.package_identification:_identify(src/sumo_robot) by extension 'ignore_ament_install'
[0.898s] Level 1:colcon.colcon_core.package_identification:_identify(src/sumo_robot) by extensions ['colcon_pkg']
[0.898s] Level 1:colcon.colcon_core.package_identification:_identify(src/sumo_robot) by extension 'colcon_pkg'
[0.898s] Level 1:colcon.colcon_core.package_identification:_identify(src/sumo_robot) by extensions ['colcon_meta']
[0.898s] Level 1:colcon.colcon_core.package_identification:_identify(src/sumo_robot) by extension 'colcon_meta'
[0.898s] Level 1:colcon.colcon_core.package_identification:_identify(src/sumo_robot) by extensions ['ros']
[0.898s] Level 1:colcon.colcon_core.package_identification:_identify(src/sumo_robot) by extension 'ros'
[0.900s] DEBUG:colcon.colcon_core.package_identification:Package 'src/sumo_robot' with type 'ros.ament_cmake' and name 'sumo_robot'
[0.900s] Level 1:colcon.colcon_core.package_discovery:discover_packages(recursive) using defaults
[0.900s] Level 1:colcon.colcon_core.package_discovery:discover_packages(ignore) discover
[0.900s] Level 1:colcon.colcon_core.package_discovery:discover_packages(ignore) using defaults
[0.901s] Level 1:colcon.colcon_core.package_discovery:discover_packages(path) discover
[0.901s] Level 1:colcon.colcon_core.package_discovery:discover_packages(path) using defaults
[1.019s] INFO:colcon.colcon_core.package_selection:Skipping not selected package 'futbol_robot' in 'src/futbol_robot'
[1.019s] INFO:colcon.colcon_core.package_selection:Skipping not selected package 'micro_ros_agent' in 'src/micro_ros_agent/micro_ros_agent'
[1.019s] INFO:colcon.colcon_core.package_selection:Skipping not selected package 'robot_museum' in 'src/robot_museum'
[1.021s] Level 5:colcon.colcon_core.verb:set package 'sumo_robot' build argument 'cmake_args' from command line to 'None'
[1.021s] Level 5:colcon.colcon_core.verb:set package 'sumo_robot' build argument 'cmake_target' from command line to 'None'
[1.021s] Level 5:colcon.colcon_core.verb:set package 'sumo_robot' build argument 'cmake_target_skip_unavailable' from command line to 'False'
[1.021s] Level 5:colcon.colcon_core.verb:set package 'sumo_robot' build argument 'cmake_clean_cache' from command line to 'False'
[1.021s] Level 5:colcon.colcon_core.verb:set package 'sumo_robot' build argument 'cmake_clean_first' from command line to 'False'
[1.021s] Level 5:colcon.colcon_core.verb:set package 'sumo_robot' build argument 'cmake_force_configure' from command line to 'False'
[1.021s] Level 5:colcon.colcon_core.verb:set package 'sumo_robot' build argument 'ament_cmake_args' from command line to 'None'
[1.021s] Level 5:colcon.colcon_core.verb:set package 'sumo_robot' build argument 'catkin_cmake_args' from command line to 'None'
[1.022s] Level 5:colcon.colcon_core.verb:set package 'sumo_robot' build argument 'catkin_skip_building_tests' from command line to 'False'
[1.022s] DEBUG:colcon.colcon_core.verb:Building package 'sumo_robot' with the following arguments: {'ament_cmake_args': None, 'build_base': '/home/juampa/movil_s_f_ws/build/sumo_robot', 'catkin_cmake_args': None, 'catkin_skip_building_tests': False, 'cmake_args': None, 'cmake_clean_cache': False, 'cmake_clean_first': False, 'cmake_force_configure': False, 'cmake_target': None, 'cmake_target_skip_unavailable': False, 'install_base': '/home/juampa/movil_s_f_ws/install/sumo_robot', 'merge_install': False, 'path': '/home/juampa/movil_s_f_ws/src/sumo_robot', 'symlink_install': False, 'test_result_base': None}
[1.022s] INFO:colcon.colcon_core.executor:Executing jobs using 'parallel' executor
[1.027s] DEBUG:colcon.colcon_parallel_executor.executor.parallel:run_until_complete
[1.028s] INFO:colcon.colcon_ros.task.ament_cmake.build:Building ROS package in '/home/juampa/movil_s_f_ws/src/sumo_robot' with build type 'ament_cmake'
[1.029s] INFO:colcon.colcon_cmake.task.cmake.build:Building CMake package in '/home/juampa/movil_s_f_ws/src/sumo_robot'
[1.041s] INFO:colcon.colcon_core.plugin_system:Skipping extension 'colcon_core.shell.bat': Not used on non-Windows systems
[1.042s] INFO:colcon.colcon_core.shell:Skip shell extension 'powershell' for command environment: Not usable outside of PowerShell
[1.043s] DEBUG:colcon.colcon_core.shell:Skip shell extension 'dsv' for command environment
[1.088s] DEBUG:colcon.colcon_core.event_handler.log_command:Invoking command in '/home/juampa/movil_s_f_ws/build/sumo_robot': CMAKE_PREFIX_PATH=${CMAKE_PREFIX_PATH}:/home/juampa/movil_s_f_ws/install/robot_museum:/home/juampa/lab_ws/install/robot1_gazebo:/home/juampa/lab_ws/install/lab2:/opt/ros/humble /usr/bin/cmake --build /home/juampa/movil_s_f_ws/build/sumo_robot -- -j8 -l8
[1.244s] DEBUG:colcon.colcon_core.event_handler.log_command:Invoked command in '/home/juampa/movil_s_f_ws/build/sumo_robot' returned '0': CMAKE_PREFIX_PATH=${CMAKE_PREFIX_PATH}:/home/juampa/movil_s_f_ws/install/robot_museum:/home/juampa/lab_ws/install/robot1_gazebo:/home/juampa/lab_ws/install/lab2:/opt/ros/humble /usr/bin/cmake --build /home/juampa/movil_s_f_ws/build/sumo_robot -- -j8 -l8
[1.290s] DEBUG:colcon.colcon_core.event_handler.log_command:Invoking command in '/home/juampa/movil_s_f_ws/build/sumo_robot': CMAKE_PREFIX_PATH=${CMAKE_PREFIX_PATH}:/home/juampa/movil_s_f_ws/install/robot_museum:/home/juampa/lab_ws/install/robot1_gazebo:/home/juampa/lab_ws/install/lab2:/opt/ros/humble /usr/bin/cmake --install /home/juampa/movil_s_f_ws/build/sumo_robot
[1.344s] Level 1:colcon.colcon_core.environment:create_environment_scripts_only(sumo_robot)
[1.356s] Level 1:colcon.colcon_core.environment:checking '/home/juampa/movil_s_f_ws/install/sumo_robot' for CMake module files
[1.358s] Level 1:colcon.colcon_core.environment:checking '/home/juampa/movil_s_f_ws/install/sumo_robot' for CMake config files
[1.360s] Level 1:colcon.colcon_core.shell:create_environment_hook('sumo_robot', 'cmake_prefix_path')
[1.361s] INFO:colcon.colcon_core.shell:Creating environment hook '/home/juampa/movil_s_f_ws/install/sumo_robot/share/sumo_robot/hook/cmake_prefix_path.ps1'
[1.366s] INFO:colcon.colcon_core.shell:Creating environment descriptor '/home/juampa/movil_s_f_ws/install/sumo_robot/share/sumo_robot/hook/cmake_prefix_path.dsv'
[1.373s] INFO:colcon.colcon_core.shell:Creating environment hook '/home/juampa/movil_s_f_ws/install/sumo_robot/share/sumo_robot/hook/cmake_prefix_path.sh'
[1.378s] DEBUG:colcon.colcon_core.event_handler.log_command:Invoked command in '/home/juampa/movil_s_f_ws/build/sumo_robot' returned '0': CMAKE_PREFIX_PATH=${CMAKE_PREFIX_PATH}:/home/juampa/movil_s_f_ws/install/robot_museum:/home/juampa/lab_ws/install/robot1_gazebo:/home/juampa/lab_ws/install/lab2:/opt/ros/humble /usr/bin/cmake --install /home/juampa/movil_s_f_ws/build/sumo_robot
[1.381s] Level 1:colcon.colcon_core.environment:checking '/home/juampa/movil_s_f_ws/install/sumo_robot/bin'
[1.381s] Level 1:colcon.colcon_core.environment:checking '/home/juampa/movil_s_f_ws/install/sumo_robot/lib/pkgconfig/sumo_robot.pc'
[1.386s] Level 1:colcon.colcon_core.environment:checking '/home/juampa/movil_s_f_ws/install/sumo_robot/lib/python3.10/site-packages'
[1.389s] Level 1:colcon.colcon_core.environment:checking '/home/juampa/movil_s_f_ws/install/sumo_robot/bin'
[1.392s] INFO:colcon.colcon_core.shell:Creating package script '/home/juampa/movil_s_f_ws/install/sumo_robot/share/sumo_robot/package.ps1'
[1.398s] INFO:colcon.colcon_core.shell:Creating package descriptor '/home/juampa/movil_s_f_ws/install/sumo_robot/share/sumo_robot/package.dsv'
[1.402s] INFO:colcon.colcon_core.shell:Creating package script '/home/juampa/movil_s_f_ws/install/sumo_robot/share/sumo_robot/package.sh'
[1.409s] INFO:colcon.colcon_core.shell:Creating package script '/home/juampa/movil_s_f_ws/install/sumo_robot/share/sumo_robot/package.bash'
[1.415s] INFO:colcon.colcon_core.shell:Creating package script '/home/juampa/movil_s_f_ws/install/sumo_robot/share/sumo_robot/package.zsh'
[1.419s] Level 1:colcon.colcon_core.environment:create_file_with_runtime_dependencies(/home/juampa/movil_s_f_ws/install/sumo_robot/share/colcon-core/packages/sumo_robot)
[1.424s] Level 1:colcon.colcon_core.environment:create_environment_scripts_only(sumo_robot)
[1.425s] Level 1:colcon.colcon_core.environment:checking '/home/juampa/movil_s_f_ws/install/sumo_robot' for CMake module files
[1.427s] Level 1:colcon.colcon_core.environment:checking '/home/juampa/movil_s_f_ws/install/sumo_robot' for CMake config files
[1.428s] Level 1:colcon.colcon_core.shell:create_environment_hook('sumo_robot', 'cmake_prefix_path')
[1.429s] INFO:colcon.colcon_core.shell:Creating environment hook '/home/juampa/movil_s_f_ws/install/sumo_robot/share/sumo_robot/hook/cmake_prefix_path.ps1'
[1.431s] INFO:colcon.colcon_core.shell:Creating environment descriptor '/home/juampa/movil_s_f_ws/install/sumo_robot/share/sumo_robot/hook/cmake_prefix_path.dsv'
[1.433s] INFO:colcon.colcon_core.shell:Creating environment hook '/home/juampa/movil_s_f_ws/install/sumo_robot/share/sumo_robot/hook/cmake_prefix_path.sh'
[1.437s] Level 1:colcon.colcon_core.environment:checking '/home/juampa/movil_s_f_ws/install/sumo_robot/bin'
[1.438s] Level 1:colcon.colcon_core.environment:checking '/home/juampa/movil_s_f_ws/install/sumo_robot/lib/pkgconfig/sumo_robot.pc'
[1.439s] Level 1:colcon.colcon_core.environment:checking '/home/juampa/movil_s_f_ws/install/sumo_robot/lib/python3.10/site-packages'
[1.440s] Level 1:colcon.colcon_core.environment:checking '/home/juampa/movil_s_f_ws/install/sumo_robot/bin'
[1.442s] INFO:colcon.colcon_core.shell:Creating package script '/home/juampa/movil_s_f_ws/install/sumo_robot/share/sumo_robot/package.ps1'
[1.445s] INFO:colcon.colcon_core.shell:Creating package descriptor '/home/juampa/movil_s_f_ws/install/sumo_robot/share/sumo_robot/package.dsv'
[1.447s] INFO:colcon.colcon_core.shell:Creating package script '/home/juampa/movil_s_f_ws/install/sumo_robot/share/sumo_robot/package.sh'
[1.451s] INFO:colcon.colcon_core.shell:Creating package script '/home/juampa/movil_s_f_ws/install/sumo_robot/share/sumo_robot/package.bash'
[1.454s] INFO:colcon.colcon_core.shell:Creating package script '/home/juampa/movil_s_f_ws/install/sumo_robot/share/sumo_robot/package.zsh'
[1.459s] Level 1:colcon.colcon_core.environment:create_file_with_runtime_dependencies(/home/juampa/movil_s_f_ws/install/sumo_robot/share/colcon-core/packages/sumo_robot)
[1.463s] DEBUG:colcon.colcon_parallel_executor.executor.parallel:closing loop
[1.464s] DEBUG:colcon.colcon_parallel_executor.executor.parallel:loop closed
[1.464s] DEBUG:colcon.colcon_parallel_executor.executor.parallel:run_until_complete finished with '0'
[1.464s] DEBUG:colcon.colcon_core.event_reactor:joining thread
[1.474s] INFO:colcon.colcon_core.plugin_system:Skipping extension 'colcon_notification.desktop_notification.notify2': 'notify2' not found
[1.475s] INFO:colcon.colcon_core.plugin_system:Skipping extension 'colcon_notification.desktop_notification.terminal_notifier': Not used on non-Darwin systems
[1.476s] INFO:colcon.colcon_core.plugin_system:Skipping extension 'colcon_notification.desktop_notification.win32': Not used on non-Windows systems
[1.476s] INFO:colcon.colcon_notification.desktop_notification:Sending desktop notification using 'notify_send'
[1.557s] DEBUG:colcon.colcon_core.event_reactor:joined thread
[1.558s] INFO:colcon.colcon_core.shell:Creating prefix script '/home/juampa/movil_s_f_ws/install/local_setup.ps1'
[1.563s] INFO:colcon.colcon_core.shell:Creating prefix util module '/home/juampa/movil_s_f_ws/install/_local_setup_util_ps1.py'
[1.570s] INFO:colcon.colcon_core.shell:Creating prefix chain script '/home/juampa/movil_s_f_ws/install/setup.ps1'
[1.577s] INFO:colcon.colcon_core.shell:Creating prefix script '/home/juampa/movil_s_f_ws/install/local_setup.sh'
[1.582s] INFO:colcon.colcon_core.shell:Creating prefix util module '/home/juampa/movil_s_f_ws/install/_local_setup_util_sh.py'
[1.587s] INFO:colcon.colcon_core.shell:Creating prefix chain script '/home/juampa/movil_s_f_ws/install/setup.sh'
[1.593s] INFO:colcon.colcon_core.shell:Creating prefix script '/home/juampa/movil_s_f_ws/install/local_setup.bash'
[1.595s] INFO:colcon.colcon_core.shell:Creating prefix chain script '/home/juampa/movil_s_f_ws/install/setup.bash'
[1.600s] INFO:colcon.colcon_core.shell:Creating prefix script '/home/juampa/movil_s_f_ws/install/local_setup.zsh'
[1.603s] INFO:colcon.colcon_core.shell:Creating prefix chain script '/home/juampa/movil_s_f_ws/install/setup.zsh'
