-- Install configuration: ""
-- Up-to-date: /home/juampa/movil_s_f_ws/install/futbol_robot/share/futbol_robot/urdf
-- Up-to-date: /home/juampa/movil_s_f_ws/install/futbol_robot/share/futbol_robot/urdf/futbol urdf.csv
-- Up-to-date: /home/juampa/movil_s_f_ws/install/futbol_robot/share/futbol_robot/urdf/futbol_robot.urdf
-- Up-to-date: /home/juampa/movil_s_f_ws/install/futbol_robot/share/futbol_robot/meshes
-- Up-to-date: /home/juampa/movil_s_f_ws/install/futbol_robot/share/futbol_robot/meshes/base_link.STL
-- Up-to-date: /home/juampa/movil_s_f_ws/install/futbol_robot/share/futbol_robot/meshes/servoizq_Link.STL
-- Up-to-date: /home/juampa/movil_s_f_ws/install/futbol_robot/share/futbol_robot/meshes/ruedaizq_Link.STL
-- Up-to-date: /home/juampa/movil_s_f_ws/install/futbol_robot/share/futbol_robot/meshes/ruedader_Link.STL
-- Up-to-date: /home/juampa/movil_s_f_ws/install/futbol_robot/share/futbol_robot/meshes/servoder_Link.STL
-- Up-to-date: /home/juampa/movil_s_f_ws/install/futbol_robot/share/futbol_robot/launch
-- Up-to-date: /home/juampa/movil_s_f_ws/install/futbol_robot/share/futbol_robot/launch/gazebo.launch
-- Up-to-date: /home/juampa/movil_s_f_ws/install/futbol_robot/share/futbol_robot/launch/futbol_gazebo.launch.py
-- Up-to-date: /home/juampa/movil_s_f_ws/install/futbol_robot/share/futbol_robot/launch/display.launch
-- Up-to-date: /home/juampa/movil_s_f_ws/install/futbol_robot/share/futbol_robot/config
-- Up-to-date: /home/juampa/movil_s_f_ws/install/futbol_robot/share/futbol_robot/config/joint_names_futbol urdf.yaml
-- Up-to-date: /home/juampa/movil_s_f_ws/install/futbol_robot/share/ament_index/resource_index/package_run_dependencies/futbol_robot
-- Up-to-date: /home/juampa/movil_s_f_ws/install/futbol_robot/share/ament_index/resource_index/parent_prefix_path/futbol_robot
-- Up-to-date: /home/juampa/movil_s_f_ws/install/futbol_robot/share/futbol_robot/environment/ament_prefix_path.sh
-- Up-to-date: /home/juampa/movil_s_f_ws/install/futbol_robot/share/futbol_robot/environment/ament_prefix_path.dsv
-- Up-to-date: /home/juampa/movil_s_f_ws/install/futbol_robot/share/futbol_robot/environment/path.sh
-- Up-to-date: /home/juampa/movil_s_f_ws/install/futbol_robot/share/futbol_robot/environment/path.dsv
-- Up-to-date: /home/juampa/movil_s_f_ws/install/futbol_robot/share/futbol_robot/local_setup.bash
-- Up-to-date: /home/juampa/movil_s_f_ws/install/futbol_robot/share/futbol_robot/local_setup.sh
-- Up-to-date: /home/juampa/movil_s_f_ws/install/futbol_robot/share/futbol_robot/local_setup.zsh
-- Up-to-date: /home/juampa/movil_s_f_ws/install/futbol_robot/share/futbol_robot/local_setup.dsv
-- Installing: /home/juampa/movil_s_f_ws/install/futbol_robot/share/futbol_robot/package.dsv
-- Up-to-date: /home/juampa/movil_s_f_ws/install/futbol_robot/share/ament_index/resource_index/packages/futbol_robot
-- Up-to-date: /home/juampa/movil_s_f_ws/install/futbol_robot/share/futbol_robot/cmake/futbol_robotConfig.cmake
-- Up-to-date: /home/juampa/movil_s_f_ws/install/futbol_robot/share/futbol_robot/cmake/futbol_robotConfig-version.cmake
-- Up-to-date: /home/juampa/movil_s_f_ws/install/futbol_robot/share/futbol_robot/package.xml
