[0.148s] DEBUG:colcon:Command line arguments: ['/home/juampa/.platformio/penv/bin/colcon', 'build', '--packages-select', 'sumo_robot', '--cmake-clean-cache']
[0.148s] DEBUG:colcon:Parsed command line arguments: Namespace(log_base=None, log_level=None, verb_name='build', build_base='build', install_base='install', merge_install=False, symlink_install=False, test_result_base=None, continue_on_error=False, executor='parallel', parallel_workers=8, event_handlers=None, ignore_user_meta=False, metas=['./colcon.meta'], base_paths=['.'], packages_ignore=None, packages_ignore_regex=None, paths=None, packages_up_to=None, packages_up_to_regex=None, packages_above=None, packages_above_and_dependencies=None, packages_above_depth=None, packages_select_by_dep=None, packages_skip_by_dep=None, packages_skip_up_to=None, packages_select_build_failed=False, packages_skip_build_finished=False, packages_select_test_failures=False, packages_skip_test_passed=False, packages_select=['sumo_robot'], packages_skip=None, packages_select_regex=None, packages_skip_regex=None, packages_start=None, packages_end=None, cmake_args=None, cmake_target=None, cmake_target_skip_unavailable=False, cmake_clean_cache=True, cmake_clean_first=False, cmake_force_configure=False, ament_cmake_args=None, catkin_cmake_args=None, catkin_skip_building_tests=False, verb_parser=<colcon_defaults.argument_parser.defaults.DefaultArgumentsDecorator object at 0x74bac814c730>, verb_extension=<colcon_core.verb.build.BuildVerb object at 0x74bac82bce20>, main=<bound method BuildVerb.main of <colcon_core.verb.build.BuildVerb object at 0x74bac82bce20>>)
[0.293s] Level 1:colcon.colcon_core.package_discovery:discover_packages(colcon_meta) check parameters
[0.293s] Level 1:colcon.colcon_core.package_discovery:discover_packages(recursive) check parameters
[0.293s] Level 1:colcon.colcon_core.package_discovery:discover_packages(ignore) check parameters
[0.293s] Level 1:colcon.colcon_core.package_discovery:discover_packages(path) check parameters
[0.293s] Level 1:colcon.colcon_core.package_discovery:discover_packages(colcon_meta) discover
[0.293s] Level 1:colcon.colcon_core.package_discovery:discover_packages(recursive) discover
[0.293s] INFO:colcon.colcon_core.package_discovery:Crawling recursively for packages in '/home/juampa/movil_s_f_ws'
[0.293s] Level 1:colcon.colcon_core.package_identification:_identify(.) by extensions ['ignore', 'ignore_ament_install']
[0.293s] Level 1:colcon.colcon_core.package_identification:_identify(.) by extension 'ignore'
[0.293s] Level 1:colcon.colcon_core.package_identification:_identify(.) by extension 'ignore_ament_install'
[0.293s] Level 1:colcon.colcon_core.package_identification:_identify(.) by extensions ['colcon_pkg']
[0.293s] Level 1:colcon.colcon_core.package_identification:_identify(.) by extension 'colcon_pkg'
[0.293s] Level 1:colcon.colcon_core.package_identification:_identify(.) by extensions ['colcon_meta']
[0.293s] Level 1:colcon.colcon_core.package_identification:_identify(.) by extension 'colcon_meta'
[0.294s] Level 1:colcon.colcon_core.package_identification:_identify(.) by extensions ['ros']
[0.294s] Level 1:colcon.colcon_core.package_identification:_identify(.) by extension 'ros'
[0.328s] Level 1:colcon.colcon_core.package_identification:_identify(.) by extensions ['cmake', 'python']
[0.328s] Level 1:colcon.colcon_core.package_identification:_identify(.) by extension 'cmake'
[0.328s] Level 1:colcon.colcon_core.package_identification:_identify(.) by extension 'python'
[0.328s] Level 1:colcon.colcon_core.package_identification:_identify(.) by extensions ['python_setup_py']
[0.328s] Level 1:colcon.colcon_core.package_identification:_identify(.) by extension 'python_setup_py'
[0.328s] Level 1:colcon.colcon_core.package_identification:_identify(build) by extensions ['ignore', 'ignore_ament_install']
[0.328s] Level 1:colcon.colcon_core.package_identification:_identify(build) by extension 'ignore'
[0.328s] Level 1:colcon.colcon_core.package_identification:_identify(build) ignored
[0.328s] Level 1:colcon.colcon_core.package_identification:_identify(install) by extensions ['ignore', 'ignore_ament_install']
[0.329s] Level 1:colcon.colcon_core.package_identification:_identify(install) by extension 'ignore'
[0.329s] Level 1:colcon.colcon_core.package_identification:_identify(install) ignored
[0.329s] Level 1:colcon.colcon_core.package_identification:_identify(log) by extensions ['ignore', 'ignore_ament_install']
[0.329s] Level 1:colcon.colcon_core.package_identification:_identify(log) by extension 'ignore'
[0.329s] Level 1:colcon.colcon_core.package_identification:_identify(log) ignored
[0.329s] Level 1:colcon.colcon_core.package_identification:_identify(src) by extensions ['ignore', 'ignore_ament_install']
[0.329s] Level 1:colcon.colcon_core.package_identification:_identify(src) by extension 'ignore'
[0.329s] Level 1:colcon.colcon_core.package_identification:_identify(src) by extension 'ignore_ament_install'
[0.329s] Level 1:colcon.colcon_core.package_identification:_identify(src) by extensions ['colcon_pkg']
[0.329s] Level 1:colcon.colcon_core.package_identification:_identify(src) by extension 'colcon_pkg'
[0.329s] Level 1:colcon.colcon_core.package_identification:_identify(src) by extensions ['colcon_meta']
[0.329s] Level 1:colcon.colcon_core.package_identification:_identify(src) by extension 'colcon_meta'
[0.329s] Level 1:colcon.colcon_core.package_identification:_identify(src) by extensions ['ros']
[0.329s] Level 1:colcon.colcon_core.package_identification:_identify(src) by extension 'ros'
[0.329s] Level 1:colcon.colcon_core.package_identification:_identify(src) by extensions ['cmake', 'python']
[0.329s] Level 1:colcon.colcon_core.package_identification:_identify(src) by extension 'cmake'
[0.330s] Level 1:colcon.colcon_core.package_identification:_identify(src) by extension 'python'
[0.330s] Level 1:colcon.colcon_core.package_identification:_identify(src) by extensions ['python_setup_py']
[0.330s] Level 1:colcon.colcon_core.package_identification:_identify(src) by extension 'python_setup_py'
[0.330s] Level 1:colcon.colcon_core.package_identification:_identify(src/robot_museum) by extensions ['ignore', 'ignore_ament_install']
[0.330s] Level 1:colcon.colcon_core.package_identification:_identify(src/robot_museum) by extension 'ignore'
[0.330s] Level 1:colcon.colcon_core.package_identification:_identify(src/robot_museum) by extension 'ignore_ament_install'
[0.330s] Level 1:colcon.colcon_core.package_identification:_identify(src/robot_museum) by extensions ['colcon_pkg']
[0.330s] Level 1:colcon.colcon_core.package_identification:_identify(src/robot_museum) by extension 'colcon_pkg'
[0.330s] Level 1:colcon.colcon_core.package_identification:_identify(src/robot_museum) by extensions ['colcon_meta']
[0.330s] Level 1:colcon.colcon_core.package_identification:_identify(src/robot_museum) by extension 'colcon_meta'
[0.330s] Level 1:colcon.colcon_core.package_identification:_identify(src/robot_museum) by extensions ['ros']
[0.330s] Level 1:colcon.colcon_core.package_identification:_identify(src/robot_museum) by extension 'ros'
[0.333s] DEBUG:colcon.colcon_core.package_identification:Package 'src/robot_museum' with type 'ros.ament_python' and name 'robot_museum'
[0.333s] Level 1:colcon.colcon_core.package_identification:_identify(src/sumo_robot) by extensions ['ignore', 'ignore_ament_install']
[0.333s] Level 1:colcon.colcon_core.package_identification:_identify(src/sumo_robot) by extension 'ignore'
[0.333s] Level 1:colcon.colcon_core.package_identification:_identify(src/sumo_robot) by extension 'ignore_ament_install'
[0.334s] Level 1:colcon.colcon_core.package_identification:_identify(src/sumo_robot) by extensions ['colcon_pkg']
[0.334s] Level 1:colcon.colcon_core.package_identification:_identify(src/sumo_robot) by extension 'colcon_pkg'
[0.334s] Level 1:colcon.colcon_core.package_identification:_identify(src/sumo_robot) by extensions ['colcon_meta']
[0.334s] Level 1:colcon.colcon_core.package_identification:_identify(src/sumo_robot) by extension 'colcon_meta'
[0.334s] Level 1:colcon.colcon_core.package_identification:_identify(src/sumo_robot) by extensions ['ros']
[0.334s] Level 1:colcon.colcon_core.package_identification:_identify(src/sumo_robot) by extension 'ros'
[0.334s] DEBUG:colcon.colcon_core.package_identification:Package 'src/sumo_robot' with type 'ros.ament_cmake' and name 'sumo_robot'
[0.334s] Level 1:colcon.colcon_core.package_discovery:discover_packages(recursive) using defaults
[0.334s] Level 1:colcon.colcon_core.package_discovery:discover_packages(ignore) discover
[0.334s] Level 1:colcon.colcon_core.package_discovery:discover_packages(ignore) using defaults
[0.335s] Level 1:colcon.colcon_core.package_discovery:discover_packages(path) discover
[0.335s] Level 1:colcon.colcon_core.package_discovery:discover_packages(path) using defaults
[0.371s] INFO:colcon.colcon_core.package_selection:Skipping not selected package 'robot_museum' in 'src/robot_museum'
[0.372s] Level 5:colcon.colcon_core.verb:set package 'sumo_robot' build argument 'cmake_args' from command line to 'None'
[0.372s] Level 5:colcon.colcon_core.verb:set package 'sumo_robot' build argument 'cmake_target' from command line to 'None'
[0.372s] Level 5:colcon.colcon_core.verb:set package 'sumo_robot' build argument 'cmake_target_skip_unavailable' from command line to 'False'
[0.372s] Level 5:colcon.colcon_core.verb:set package 'sumo_robot' build argument 'cmake_clean_cache' from command line to 'True'
[0.372s] Level 5:colcon.colcon_core.verb:set package 'sumo_robot' build argument 'cmake_clean_first' from command line to 'False'
[0.372s] Level 5:colcon.colcon_core.verb:set package 'sumo_robot' build argument 'cmake_force_configure' from command line to 'False'
[0.372s] Level 5:colcon.colcon_core.verb:set package 'sumo_robot' build argument 'ament_cmake_args' from command line to 'None'
[0.372s] Level 5:colcon.colcon_core.verb:set package 'sumo_robot' build argument 'catkin_cmake_args' from command line to 'None'
[0.372s] Level 5:colcon.colcon_core.verb:set package 'sumo_robot' build argument 'catkin_skip_building_tests' from command line to 'False'
[0.372s] DEBUG:colcon.colcon_core.verb:Building package 'sumo_robot' with the following arguments: {'ament_cmake_args': None, 'build_base': '/home/juampa/movil_s_f_ws/build/sumo_robot', 'catkin_cmake_args': None, 'catkin_skip_building_tests': False, 'cmake_args': None, 'cmake_clean_cache': True, 'cmake_clean_first': False, 'cmake_force_configure': False, 'cmake_target': None, 'cmake_target_skip_unavailable': False, 'install_base': '/home/juampa/movil_s_f_ws/install/sumo_robot', 'merge_install': False, 'path': '/home/juampa/movil_s_f_ws/src/sumo_robot', 'symlink_install': False, 'test_result_base': None}
[0.372s] INFO:colcon.colcon_core.executor:Executing jobs using 'parallel' executor
[0.373s] DEBUG:colcon.colcon_parallel_executor.executor.parallel:run_until_complete
[0.373s] INFO:colcon.colcon_ros.task.ament_cmake.build:Building ROS package in '/home/juampa/movil_s_f_ws/src/sumo_robot' with build type 'ament_cmake'
[0.374s] INFO:colcon.colcon_cmake.task.cmake.build:Building CMake package in '/home/juampa/movil_s_f_ws/src/sumo_robot'
[0.376s] INFO:colcon.colcon_core.plugin_system:Skipping extension 'colcon_core.shell.bat': Not used on non-Windows systems
[0.376s] INFO:colcon.colcon_core.shell:Skip shell extension 'powershell' for command environment: Not usable outside of PowerShell
[0.376s] DEBUG:colcon.colcon_core.shell:Skip shell extension 'dsv' for command environment
[0.393s] DEBUG:colcon.colcon_core.event_handler.log_command:Invoking command in '/home/juampa/movil_s_f_ws/build/sumo_robot': CMAKE_PREFIX_PATH=${CMAKE_PREFIX_PATH}:/home/juampa/movil_s_f_ws/install/robot_museum:/home/juampa/lab_ws/install/robot1_gazebo:/home/juampa/lab_ws/install/lab2:/opt/ros/humble /usr/bin/cmake /home/juampa/movil_s_f_ws/src/sumo_robot -DCMAKE_INSTALL_PREFIX=/home/juampa/movil_s_f_ws/install/sumo_robot
[1.414s] DEBUG:colcon.colcon_core.event_handler.log_command:Invoked command in '/home/juampa/movil_s_f_ws/build/sumo_robot' returned '0': CMAKE_PREFIX_PATH=${CMAKE_PREFIX_PATH}:/home/juampa/movil_s_f_ws/install/robot_museum:/home/juampa/lab_ws/install/robot1_gazebo:/home/juampa/lab_ws/install/lab2:/opt/ros/humble /usr/bin/cmake /home/juampa/movil_s_f_ws/src/sumo_robot -DCMAKE_INSTALL_PREFIX=/home/juampa/movil_s_f_ws/install/sumo_robot
[1.417s] DEBUG:colcon.colcon_core.event_handler.log_command:Invoking command in '/home/juampa/movil_s_f_ws/build/sumo_robot': CMAKE_PREFIX_PATH=${CMAKE_PREFIX_PATH}:/home/juampa/movil_s_f_ws/install/robot_museum:/home/juampa/lab_ws/install/robot1_gazebo:/home/juampa/lab_ws/install/lab2:/opt/ros/humble /usr/bin/cmake --build /home/juampa/movil_s_f_ws/build/sumo_robot -- -j8 -l8
[1.495s] DEBUG:colcon.colcon_core.event_handler.log_command:Invoked command in '/home/juampa/movil_s_f_ws/build/sumo_robot' returned '0': CMAKE_PREFIX_PATH=${CMAKE_PREFIX_PATH}:/home/juampa/movil_s_f_ws/install/robot_museum:/home/juampa/lab_ws/install/robot1_gazebo:/home/juampa/lab_ws/install/lab2:/opt/ros/humble /usr/bin/cmake --build /home/juampa/movil_s_f_ws/build/sumo_robot -- -j8 -l8
[1.510s] DEBUG:colcon.colcon_core.event_handler.log_command:Invoking command in '/home/juampa/movil_s_f_ws/build/sumo_robot': CMAKE_PREFIX_PATH=${CMAKE_PREFIX_PATH}:/home/juampa/movil_s_f_ws/install/robot_museum:/home/juampa/lab_ws/install/robot1_gazebo:/home/juampa/lab_ws/install/lab2:/opt/ros/humble /usr/bin/cmake --install /home/juampa/movil_s_f_ws/build/sumo_robot
[1.529s] Level 1:colcon.colcon_core.environment:create_environment_scripts_only(sumo_robot)
[1.530s] DEBUG:colcon.colcon_core.event_handler.log_command:Invoked command in '/home/juampa/movil_s_f_ws/build/sumo_robot' returned '0': CMAKE_PREFIX_PATH=${CMAKE_PREFIX_PATH}:/home/juampa/movil_s_f_ws/install/robot_museum:/home/juampa/lab_ws/install/robot1_gazebo:/home/juampa/lab_ws/install/lab2:/opt/ros/humble /usr/bin/cmake --install /home/juampa/movil_s_f_ws/build/sumo_robot
[1.535s] Level 1:colcon.colcon_core.environment:checking '/home/juampa/movil_s_f_ws/install/sumo_robot' for CMake module files
[1.536s] Level 1:colcon.colcon_core.environment:checking '/home/juampa/movil_s_f_ws/install/sumo_robot' for CMake config files
[1.537s] Level 1:colcon.colcon_core.shell:create_environment_hook('sumo_robot', 'cmake_prefix_path')
[1.538s] INFO:colcon.colcon_core.shell:Creating environment hook '/home/juampa/movil_s_f_ws/install/sumo_robot/share/sumo_robot/hook/cmake_prefix_path.ps1'
[1.539s] INFO:colcon.colcon_core.shell:Creating environment descriptor '/home/juampa/movil_s_f_ws/install/sumo_robot/share/sumo_robot/hook/cmake_prefix_path.dsv'
[1.541s] INFO:colcon.colcon_core.shell:Creating environment hook '/home/juampa/movil_s_f_ws/install/sumo_robot/share/sumo_robot/hook/cmake_prefix_path.sh'
[1.542s] Level 1:colcon.colcon_core.environment:checking '/home/juampa/movil_s_f_ws/install/sumo_robot/bin'
[1.542s] Level 1:colcon.colcon_core.environment:checking '/home/juampa/movil_s_f_ws/install/sumo_robot/lib/pkgconfig/sumo_robot.pc'
[1.543s] Level 1:colcon.colcon_core.environment:checking '/home/juampa/movil_s_f_ws/install/sumo_robot/lib/python3.10/site-packages'
[1.543s] Level 1:colcon.colcon_core.environment:checking '/home/juampa/movil_s_f_ws/install/sumo_robot/bin'
[1.543s] INFO:colcon.colcon_core.shell:Creating package script '/home/juampa/movil_s_f_ws/install/sumo_robot/share/sumo_robot/package.ps1'
[1.545s] INFO:colcon.colcon_core.shell:Creating package descriptor '/home/juampa/movil_s_f_ws/install/sumo_robot/share/sumo_robot/package.dsv'
[1.545s] INFO:colcon.colcon_core.shell:Creating package script '/home/juampa/movil_s_f_ws/install/sumo_robot/share/sumo_robot/package.sh'
[1.546s] INFO:colcon.colcon_core.shell:Creating package script '/home/juampa/movil_s_f_ws/install/sumo_robot/share/sumo_robot/package.bash'
[1.547s] INFO:colcon.colcon_core.shell:Creating package script '/home/juampa/movil_s_f_ws/install/sumo_robot/share/sumo_robot/package.zsh'
[1.548s] Level 1:colcon.colcon_core.environment:create_file_with_runtime_dependencies(/home/juampa/movil_s_f_ws/install/sumo_robot/share/colcon-core/packages/sumo_robot)
[1.548s] Level 1:colcon.colcon_core.environment:create_environment_scripts_only(sumo_robot)
[1.549s] Level 1:colcon.colcon_core.environment:checking '/home/juampa/movil_s_f_ws/install/sumo_robot' for CMake module files
[1.549s] Level 1:colcon.colcon_core.environment:checking '/home/juampa/movil_s_f_ws/install/sumo_robot' for CMake config files
[1.549s] Level 1:colcon.colcon_core.shell:create_environment_hook('sumo_robot', 'cmake_prefix_path')
[1.549s] INFO:colcon.colcon_core.shell:Creating environment hook '/home/juampa/movil_s_f_ws/install/sumo_robot/share/sumo_robot/hook/cmake_prefix_path.ps1'
[1.550s] INFO:colcon.colcon_core.shell:Creating environment descriptor '/home/juampa/movil_s_f_ws/install/sumo_robot/share/sumo_robot/hook/cmake_prefix_path.dsv'
[1.550s] INFO:colcon.colcon_core.shell:Creating environment hook '/home/juampa/movil_s_f_ws/install/sumo_robot/share/sumo_robot/hook/cmake_prefix_path.sh'
[1.551s] Level 1:colcon.colcon_core.environment:checking '/home/juampa/movil_s_f_ws/install/sumo_robot/bin'
[1.551s] Level 1:colcon.colcon_core.environment:checking '/home/juampa/movil_s_f_ws/install/sumo_robot/lib/pkgconfig/sumo_robot.pc'
[1.551s] Level 1:colcon.colcon_core.environment:checking '/home/juampa/movil_s_f_ws/install/sumo_robot/lib/python3.10/site-packages'
[1.552s] Level 1:colcon.colcon_core.environment:checking '/home/juampa/movil_s_f_ws/install/sumo_robot/bin'
[1.552s] INFO:colcon.colcon_core.shell:Creating package script '/home/juampa/movil_s_f_ws/install/sumo_robot/share/sumo_robot/package.ps1'
[1.553s] INFO:colcon.colcon_core.shell:Creating package descriptor '/home/juampa/movil_s_f_ws/install/sumo_robot/share/sumo_robot/package.dsv'
[1.553s] INFO:colcon.colcon_core.shell:Creating package script '/home/juampa/movil_s_f_ws/install/sumo_robot/share/sumo_robot/package.sh'
[1.553s] INFO:colcon.colcon_core.shell:Creating package script '/home/juampa/movil_s_f_ws/install/sumo_robot/share/sumo_robot/package.bash'
[1.554s] INFO:colcon.colcon_core.shell:Creating package script '/home/juampa/movil_s_f_ws/install/sumo_robot/share/sumo_robot/package.zsh'
[1.554s] Level 1:colcon.colcon_core.environment:create_file_with_runtime_dependencies(/home/juampa/movil_s_f_ws/install/sumo_robot/share/colcon-core/packages/sumo_robot)
[1.555s] DEBUG:colcon.colcon_parallel_executor.executor.parallel:closing loop
[1.555s] DEBUG:colcon.colcon_parallel_executor.executor.parallel:loop closed
[1.555s] DEBUG:colcon.colcon_parallel_executor.executor.parallel:run_until_complete finished with '0'
[1.555s] DEBUG:colcon.colcon_core.event_reactor:joining thread
[1.560s] INFO:colcon.colcon_core.plugin_system:Skipping extension 'colcon_notification.desktop_notification.notify2': 'notify2' not found
[1.561s] INFO:colcon.colcon_core.plugin_system:Skipping extension 'colcon_notification.desktop_notification.terminal_notifier': Not used on non-Darwin systems
[1.561s] INFO:colcon.colcon_core.plugin_system:Skipping extension 'colcon_notification.desktop_notification.win32': Not used on non-Windows systems
[1.561s] INFO:colcon.colcon_notification.desktop_notification:Sending desktop notification using 'notify_send'
[1.597s] DEBUG:colcon.colcon_core.event_reactor:joined thread
[1.598s] INFO:colcon.colcon_core.shell:Creating prefix script '/home/juampa/movil_s_f_ws/install/local_setup.ps1'
[1.600s] INFO:colcon.colcon_core.shell:Creating prefix util module '/home/juampa/movil_s_f_ws/install/_local_setup_util_ps1.py'
[1.602s] INFO:colcon.colcon_core.shell:Creating prefix chain script '/home/juampa/movil_s_f_ws/install/setup.ps1'
[1.604s] INFO:colcon.colcon_core.shell:Creating prefix script '/home/juampa/movil_s_f_ws/install/local_setup.sh'
[1.605s] INFO:colcon.colcon_core.shell:Creating prefix util module '/home/juampa/movil_s_f_ws/install/_local_setup_util_sh.py'
[1.606s] INFO:colcon.colcon_core.shell:Creating prefix chain script '/home/juampa/movil_s_f_ws/install/setup.sh'
[1.608s] INFO:colcon.colcon_core.shell:Creating prefix script '/home/juampa/movil_s_f_ws/install/local_setup.bash'
[1.608s] INFO:colcon.colcon_core.shell:Creating prefix chain script '/home/juampa/movil_s_f_ws/install/setup.bash'
[1.610s] INFO:colcon.colcon_core.shell:Creating prefix script '/home/juampa/movil_s_f_ws/install/local_setup.zsh'
[1.610s] INFO:colcon.colcon_core.shell:Creating prefix chain script '/home/juampa/movil_s_f_ws/install/setup.zsh'
