/home/juampa/movil_s_f_ws/install/robot_museum/lib/python3.10/site-packages/robot_museum/sumo_gazebo_bridge.py
/home/juampa/movil_s_f_ws/install/robot_museum/lib/python3.10/site-packages/robot_museum/__init__.py
/home/juampa/movil_s_f_ws/install/robot_museum/lib/python3.10/site-packages/robot_museum/futbol_controller.py
/home/juampa/movil_s_f_ws/install/robot_museum/lib/python3.10/site-packages/robot_museum/__pycache__/sumo_gazebo_bridge.cpython-310.pyc
/home/juampa/movil_s_f_ws/install/robot_museum/lib/python3.10/site-packages/robot_museum/__pycache__/__init__.cpython-310.pyc
/home/juampa/movil_s_f_ws/install/robot_museum/lib/python3.10/site-packages/robot_museum/__pycache__/futbol_controller.cpython-310.pyc
/home/juampa/movil_s_f_ws/install/robot_museum/share/ament_index/resource_index/packages/robot_museum
/home/juampa/movil_s_f_ws/install/robot_museum/share/robot_museum/package.xml
/home/juampa/movil_s_f_ws/install/robot_museum/share/robot_museum/launch/futbol_teleop.launch.py
/home/juampa/movil_s_f_ws/install/robot_museum/share/robot_museum/launch/teleop.launch.py
/home/juampa/movil_s_f_ws/install/robot_museum/share/robot_museum/config/joystick.yaml
/home/juampa/movil_s_f_ws/install/robot_museum/lib/python3.10/site-packages/robot_museum-0.0.1-py3.10.egg-info/SOURCES.txt
/home/juampa/movil_s_f_ws/install/robot_museum/lib/python3.10/site-packages/robot_museum-0.0.1-py3.10.egg-info/PKG-INFO
/home/juampa/movil_s_f_ws/install/robot_museum/lib/python3.10/site-packages/robot_museum-0.0.1-py3.10.egg-info/dependency_links.txt
/home/juampa/movil_s_f_ws/install/robot_museum/lib/python3.10/site-packages/robot_museum-0.0.1-py3.10.egg-info/entry_points.txt
/home/juampa/movil_s_f_ws/install/robot_museum/lib/python3.10/site-packages/robot_museum-0.0.1-py3.10.egg-info/requires.txt
/home/juampa/movil_s_f_ws/install/robot_museum/lib/python3.10/site-packages/robot_museum-0.0.1-py3.10.egg-info/zip-safe
/home/juampa/movil_s_f_ws/install/robot_museum/lib/python3.10/site-packages/robot_museum-0.0.1-py3.10.egg-info/top_level.txt
/home/juampa/movil_s_f_ws/install/robot_museum/lib/robot_museum/futbol_controller
/home/juampa/movil_s_f_ws/install/robot_museum/lib/robot_museum/sumo_gazebo_bridge
