[0.019s] Invoking command in '/home/juampa/movil_s_f_ws/build/sumo_robot': CMAKE_PREFIX_PATH=${CMAKE_PREFIX_PATH}:/home/juampa/movil_s_f_ws/install/robot_museum:/home/juampa/lab_ws/install/robot1_gazebo:/home/juampa/lab_ws/install/lab2:/opt/ros/humble /usr/bin/cmake /home/juampa/movil_s_f_ws/src/sumo_robot -DCMAKE_INSTALL_PREFIX=/home/juampa/movil_s_f_ws/install/sumo_robot
[0.106s] -- The C compiler identification is GNU 11.4.0
[0.217s] -- The CXX compiler identification is GNU 11.4.0
[0.239s] -- Detecting C compiler ABI info
[0.375s] -- Detecting C compiler ABI info - done
[0.400s] -- Check for working C compiler: /usr/bin/cc - skipped
[0.401s] -- Detecting C compile features
[0.402s] -- Detecting C compile features - done
[0.412s] -- Detecting CXX compiler ABI info
[0.544s] -- Detecting CXX compiler ABI info - done
[0.570s] -- Check for working CXX compiler: /usr/bin/c++ - skipped
[0.570s] -- Detecting CXX compile features
[0.572s] -- Detecting CXX compile features - done
[0.583s] -- Found ament_cmake: 1.3.14 (/opt/ros/humble/share/ament_cmake/cmake)
[0.756s] -- Found Python3: /home/juampa/.platformio/penv/bin/python3 (found version "3.10.12") found components: Interpreter 
[1.026s] -- Configuring done
[1.031s] -- Generating done
[1.034s] -- Build files have been written to: /home/juampa/movil_s_f_ws/build/sumo_robot
[1.039s] Invoked command in '/home/juampa/movil_s_f_ws/build/sumo_robot' returned '0': CMAKE_PREFIX_PATH=${CMAKE_PREFIX_PATH}:/home/juampa/movil_s_f_ws/install/robot_museum:/home/juampa/lab_ws/install/robot1_gazebo:/home/juampa/lab_ws/install/lab2:/opt/ros/humble /usr/bin/cmake /home/juampa/movil_s_f_ws/src/sumo_robot -DCMAKE_INSTALL_PREFIX=/home/juampa/movil_s_f_ws/install/sumo_robot
[1.043s] Invoking command in '/home/juampa/movil_s_f_ws/build/sumo_robot': CMAKE_PREFIX_PATH=${CMAKE_PREFIX_PATH}:/home/juampa/movil_s_f_ws/install/robot_museum:/home/juampa/lab_ws/install/robot1_gazebo:/home/juampa/lab_ws/install/lab2:/opt/ros/humble /usr/bin/cmake --build /home/juampa/movil_s_f_ws/build/sumo_robot -- -j8 -l8
[1.120s] Invoked command in '/home/juampa/movil_s_f_ws/build/sumo_robot' returned '0': CMAKE_PREFIX_PATH=${CMAKE_PREFIX_PATH}:/home/juampa/movil_s_f_ws/install/robot_museum:/home/juampa/lab_ws/install/robot1_gazebo:/home/juampa/lab_ws/install/lab2:/opt/ros/humble /usr/bin/cmake --build /home/juampa/movil_s_f_ws/build/sumo_robot -- -j8 -l8
[1.136s] Invoking command in '/home/juampa/movil_s_f_ws/build/sumo_robot': CMAKE_PREFIX_PATH=${CMAKE_PREFIX_PATH}:/home/juampa/movil_s_f_ws/install/robot_museum:/home/juampa/lab_ws/install/robot1_gazebo:/home/juampa/lab_ws/install/lab2:/opt/ros/humble /usr/bin/cmake --install /home/juampa/movil_s_f_ws/build/sumo_robot
[1.145s] -- Install configuration: ""
[1.145s] -- Up-to-date: /home/juampa/movil_s_f_ws/install/sumo_robot/share/sumo_robot/urdf
[1.145s] -- Installing: /home/juampa/movil_s_f_ws/install/sumo_robot/share/sumo_robot/urdf/sumo_robot.urdf
[1.146s] -- Up-to-date: /home/juampa/movil_s_f_ws/install/sumo_robot/share/sumo_robot/urdf/UDRF_sumo.final.SLDASM.csv
[1.146s] -- Up-to-date: /home/juampa/movil_s_f_ws/install/sumo_robot/share/sumo_robot/meshes
[1.146s] -- Up-to-date: /home/juampa/movil_s_f_ws/install/sumo_robot/share/sumo_robot/meshes/base_link.STL
[1.146s] -- Up-to-date: /home/juampa/movil_s_f_ws/install/sumo_robot/share/sumo_robot/meshes/Rueda_Derecha_Link.STL
[1.146s] -- Up-to-date: /home/juampa/movil_s_f_ws/install/sumo_robot/share/sumo_robot/meshes/Rueda_Izquierda_Link.STL
[1.146s] -- Up-to-date: /home/juampa/movil_s_f_ws/install/sumo_robot/share/sumo_robot/launch
[1.147s] -- Up-to-date: /home/juampa/movil_s_f_ws/install/sumo_robot/share/sumo_robot/launch/gazebo.launch
[1.147s] -- Up-to-date: /home/juampa/movil_s_f_ws/install/sumo_robot/share/sumo_robot/launch/sumo_gazebo.launch.py
[1.147s] -- Up-to-date: /home/juampa/movil_s_f_ws/install/sumo_robot/share/sumo_robot/launch/display.launch
[1.147s] -- Up-to-date: /home/juampa/movil_s_f_ws/install/sumo_robot/share/sumo_robot/config
[1.147s] -- Up-to-date: /home/juampa/movil_s_f_ws/install/sumo_robot/share/sumo_robot/config/joint_names_UDRF_sumo.final.SLDASM.yaml
[1.147s] -- Up-to-date: /home/juampa/movil_s_f_ws/install/sumo_robot/share/ament_index/resource_index/package_run_dependencies/sumo_robot
[1.147s] -- Up-to-date: /home/juampa/movil_s_f_ws/install/sumo_robot/share/ament_index/resource_index/parent_prefix_path/sumo_robot
[1.147s] -- Up-to-date: /home/juampa/movil_s_f_ws/install/sumo_robot/share/sumo_robot/environment/ament_prefix_path.sh
[1.147s] -- Installing: /home/juampa/movil_s_f_ws/install/sumo_robot/share/sumo_robot/environment/ament_prefix_path.dsv
[1.147s] -- Up-to-date: /home/juampa/movil_s_f_ws/install/sumo_robot/share/sumo_robot/environment/path.sh
[1.148s] -- Installing: /home/juampa/movil_s_f_ws/install/sumo_robot/share/sumo_robot/environment/path.dsv
[1.148s] -- Up-to-date: /home/juampa/movil_s_f_ws/install/sumo_robot/share/sumo_robot/local_setup.bash
[1.148s] -- Up-to-date: /home/juampa/movil_s_f_ws/install/sumo_robot/share/sumo_robot/local_setup.sh
[1.148s] -- Up-to-date: /home/juampa/movil_s_f_ws/install/sumo_robot/share/sumo_robot/local_setup.zsh
[1.148s] -- Installing: /home/juampa/movil_s_f_ws/install/sumo_robot/share/sumo_robot/local_setup.dsv
[1.148s] -- Installing: /home/juampa/movil_s_f_ws/install/sumo_robot/share/sumo_robot/package.dsv
[1.149s] -- Up-to-date: /home/juampa/movil_s_f_ws/install/sumo_robot/share/ament_index/resource_index/packages/sumo_robot
[1.149s] -- Up-to-date: /home/juampa/movil_s_f_ws/install/sumo_robot/share/sumo_robot/cmake/sumo_robotConfig.cmake
[1.149s] -- Up-to-date: /home/juampa/movil_s_f_ws/install/sumo_robot/share/sumo_robot/cmake/sumo_robotConfig-version.cmake
[1.149s] -- Up-to-date: /home/juampa/movil_s_f_ws/install/sumo_robot/share/sumo_robot/package.xml
[1.155s] Invoked command in '/home/juampa/movil_s_f_ws/build/sumo_robot' returned '0': CMAKE_PREFIX_PATH=${CMAKE_PREFIX_PATH}:/home/juampa/movil_s_f_ws/install/robot_museum:/home/juampa/lab_ws/install/robot1_gazebo:/home/juampa/lab_ws/install/lab2:/opt/ros/humble /usr/bin/cmake --install /home/juampa/movil_s_f_ws/build/sumo_robot
