[0.018s] Invoking command in '/home/juampa/movil_s_f_ws/build/sumo_robot': /usr/bin/cmake /home/juampa/movil_s_f_ws/src/sumo_robot -DCMAKE_INSTALL_PREFIX=/home/juampa/movil_s_f_ws/install/sumo_robot
[0.041s] -- Found ament_cmake: 1.3.14 (/opt/ros/humble/share/ament_cmake/cmake)
[0.287s] Error parsing '/home/juampa/movil_s_f_ws/src/sumo_robot/package.xml':
[0.288s] Traceback (most recent call last):
[0.288s]   File "/home/juampa/.platformio/penv/lib/python3.10/site-packages/catkin_pkg/package.py", line 610, in parse_package_string
[0.288s]     root = dom.parseString(data)
[0.288s]   File "/usr/lib/python3.10/xml/dom/minidom.py", line 1995, in parseString
[0.289s]     return expatbuilder.parseString(string)
[0.289s]   File "/usr/lib/python3.10/xml/dom/expatbuilder.py", line 925, in parseString
[0.289s]     return builder.parseString(string)
[0.289s]   File "/usr/lib/python3.10/xml/dom/expatbuilder.py", line 223, in parseString
[0.289s]     parser.Parse(string, True)
[0.289s] xml.parsers.expat.ExpatError: XML declaration not well-formed: line 1, column 14
[0.290s] 
[0.290s] During handling of the above exception, another exception occurred:
[0.290s] 
[0.290s] Traceback (most recent call last):
[0.290s]   File "/opt/ros/humble/share/ament_cmake_core/cmake/core/package_xml_2_cmake.py", line 150, in <module>
[0.290s]     main()
[0.291s]   File "/opt/ros/humble/share/ament_cmake_core/cmake/core/package_xml_2_cmake.py", line 53, in main
[0.291s]     raise e
[0.291s]   File "/opt/ros/humble/share/ament_cmake_core/cmake/core/package_xml_2_cmake.py", line 49, in main
[0.291s]     package = parse_package_string(
[0.291s]   File "/home/juampa/.platformio/penv/lib/python3.10/site-packages/catkin_pkg/package.py", line 612, in parse_package_string
[0.291s]     raise InvalidPackage('The manifest contains invalid XML:\n%s' % ex, filename)
[0.292s] catkin_pkg.package.InvalidPackage: Error(s) in package '/home/juampa/movil_s_f_ws/src/sumo_robot/package.xml':
[0.292s] The manifest contains invalid XML:
[0.292s] XML declaration not well-formed: line 1, column 14
[0.304s] [31mCMake Error at /opt/ros/humble/share/ament_cmake_core/cmake/core/ament_package_xml.cmake:95 (message):
[0.304s]   execute_process(/home/juampa/.platformio/penv/bin/python3
[0.305s]   /opt/ros/humble/share/ament_cmake_core/cmake/core/package_xml_2_cmake.py
[0.305s]   /home/juampa/movil_s_f_ws/src/sumo_robot/package.xml
[0.305s]   /home/juampa/movil_s_f_ws/build/sumo_robot/ament_cmake_core/package.cmake)
[0.305s]   returned error code 1
[0.305s] Call Stack (most recent call first):
[0.305s]   /opt/ros/humble/share/ament_cmake_core/cmake/core/ament_package_xml.cmake:49 (_ament_package_xml)
[0.306s]   /opt/ros/humble/share/ament_cmake_core/cmake/core/ament_package.cmake:63 (ament_package_xml)
[0.306s]   CMakeLists.txt:11 (ament_package)
[0.306s] 
[0.306s] [0m
[0.306s] -- Configuring incomplete, errors occurred!
[0.307s] See also "/home/juampa/movil_s_f_ws/build/sumo_robot/CMakeFiles/CMakeOutput.log".
[0.312s] Invoked command in '/home/juampa/movil_s_f_ws/build/sumo_robot' returned '1': /usr/bin/cmake /home/juampa/movil_s_f_ws/src/sumo_robot -DCMAKE_INSTALL_PREFIX=/home/juampa/movil_s_f_ws/install/sumo_robot
