running egg_info
creating ../../build/robot_museum/robot_museum.egg-info
writing ../../build/robot_museum/robot_museum.egg-info/PKG-INFO
writing dependency_links to ../../build/robot_museum/robot_museum.egg-info/dependency_links.txt
writing entry points to ../../build/robot_museum/robot_museum.egg-info/entry_points.txt
writing requirements to ../../build/robot_museum/robot_museum.egg-info/requires.txt
writing top-level names to ../../build/robot_museum/robot_museum.egg-info/top_level.txt
writing manifest file '../../build/robot_museum/robot_museum.egg-info/SOURCES.txt'
reading manifest file '../../build/robot_museum/robot_museum.egg-info/SOURCES.txt'
writing manifest file '../../build/robot_museum/robot_museum.egg-info/SOURCES.txt'
running build
running build_py
creating /home/juampa/movil_s_f_ws/build/robot_museum/build
creating /home/juampa/movil_s_f_ws/build/robot_museum/build/lib
creating /home/juampa/movil_s_f_ws/build/robot_museum/build/lib/robot_museum
copying robot_museum/__init__.py -> /home/juampa/movil_s_f_ws/build/robot_museum/build/lib/robot_museum
running install
running install_lib
creating /home/juampa/movil_s_f_ws/install/robot_museum/lib/python3.10/site-packages/robot_museum
copying /home/juampa/movil_s_f_ws/build/robot_museum/build/lib/robot_museum/__init__.py -> /home/juampa/movil_s_f_ws/install/robot_museum/lib/python3.10/site-packages/robot_museum
byte-compiling /home/juampa/movil_s_f_ws/install/robot_museum/lib/python3.10/site-packages/robot_museum/__init__.py to __init__.cpython-310.pyc
running install_data
creating /home/juampa/movil_s_f_ws/install/robot_museum/share/ament_index
creating /home/juampa/movil_s_f_ws/install/robot_museum/share/ament_index/resource_index
creating /home/juampa/movil_s_f_ws/install/robot_museum/share/ament_index/resource_index/packages
copying resource/robot_museum -> /home/juampa/movil_s_f_ws/install/robot_museum/share/ament_index/resource_index/packages
copying package.xml -> /home/juampa/movil_s_f_ws/install/robot_museum/share/robot_museum
running install_egg_info
Copying ../../build/robot_museum/robot_museum.egg-info to /home/juampa/movil_s_f_ws/install/robot_museum/lib/python3.10/site-packages/robot_museum-0.0.0-py3.10.egg-info
running install_scripts
writing list of installed files to '/home/juampa/movil_s_f_ws/build/robot_museum/install.log'
